2025-04-20 16:10:18,553 - root - INFO - --------------- Versions ---------------
2025-04-20 16:10:18,557 - root - INFO - git branch: b'* master'
2025-04-20 16:10:18,561 - root - INFO - git hash: b'93360c1720a9f97aabf970689f21c9fad8737788'
2025-04-20 16:10:18,561 - root - INFO - Torch: 2.6.0+cu124
2025-04-20 16:10:18,561 - root - INFO - ----------------------------------------
2025-04-20 16:10:18,561 - root - INFO - ------------------ Configuration ------------------
2025-04-20 16:10:18,561 - root - INFO - Configuration file: /home/vatsal/NWM/FourcastNet/FourCastNet/config/AFNO.yaml
2025-04-20 16:10:18,561 - root - INFO - Configuration name: precip
2025-04-20 16:10:18,561 - root - INFO - in_channels [0, 1, 2, 3, 4, 5, 6, 7, 8, 9, 10, 11, 12, 13, 14, 15, 16, 17, 18, 19]
2025-04-20 16:10:18,561 - root - INFO - out_channels [0]
2025-04-20 16:10:18,561 - root - INFO - nettype afno
2025-04-20 16:10:18,562 - root - INFO - nettype_wind afno
2025-04-20 16:10:18,562 - root - INFO - log_to_wandb True
2025-04-20 16:10:18,562 - root - INFO - lr 0.00025
2025-04-20 16:10:18,562 - root - INFO - batch_size 64
2025-04-20 16:10:18,562 - root - INFO - max_epochs 25
2025-04-20 16:10:18,562 - root - INFO - precip /home/vatsal/Supreme/Fourcastnet_outofsample/percp_out_of_sample/
2025-04-20 16:10:18,562 - root - INFO - time_means_path_tp /home/vatsal/FourcastNet/stats_v0/precp/time_means.npy
2025-04-20 16:10:18,562 - root - INFO - model_wind_path /home/vatsal/FourcastNet/FourCastNet/training_checkpoints/backbone.ckpt
2025-04-20 16:10:18,562 - root - INFO - precip_eps 1e-05
2025-04-20 16:10:18,562 - root - INFO - scheduler CosineAnnealingLR
2025-04-20 16:10:18,562 - root - INFO - orography False
2025-04-20 16:10:18,562 - root - INFO - orography_path None
2025-04-20 16:10:18,563 - root - INFO - exp_dir /pscratch/sd/s/shas1693/results/era5_wind
2025-04-20 16:10:18,563 - root - INFO - train_data_path /pscratch/sd/s/shas1693/data/era5/train
2025-04-20 16:10:18,563 - root - INFO - valid_data_path /pscratch/sd/s/shas1693/data/era5/test
2025-04-20 16:10:18,563 - root - INFO - inf_data_path /home/vatsal/Supreme/Fourcastnet_outofsample/out_of_sample
2025-04-20 16:10:18,563 - root - INFO - time_means_path /home/vatsal/FourcastNet/stats_v0/time_means.npy
2025-04-20 16:10:18,563 - root - INFO - global_means_path /home/vatsal/FourcastNet/stats_v0/global_means.npy
2025-04-20 16:10:18,563 - root - INFO - global_stds_path /home/vatsal/FourcastNet/stats_v0/global_stds.npy
2025-04-20 16:10:18,563 - root - INFO - loss l2
2025-04-20 16:10:18,563 - root - INFO - num_data_workers 4
2025-04-20 16:10:18,563 - root - INFO - dt 1
2025-04-20 16:10:18,563 - root - INFO - n_history 0
2025-04-20 16:10:18,563 - root - INFO - prediction_type iterative
2025-04-20 16:10:18,564 - root - INFO - prediction_length 41
2025-04-20 16:10:18,564 - root - INFO - n_initial_conditions 5
2025-04-20 16:10:18,564 - root - INFO - ics_type default
2025-04-20 16:10:18,564 - root - INFO - save_raw_forecasts True
2025-04-20 16:10:18,564 - root - INFO - save_channel False
2025-04-20 16:10:18,564 - root - INFO - masked_acc False
2025-04-20 16:10:18,564 - root - INFO - maskpath None
2025-04-20 16:10:18,564 - root - INFO - perturb False
2025-04-20 16:10:18,564 - root - INFO - add_grid False
2025-04-20 16:10:18,564 - root - INFO - N_grid_channels 0
2025-04-20 16:10:18,564 - root - INFO - gridtype sinusoidal
2025-04-20 16:10:18,564 - root - INFO - roll False
2025-04-20 16:10:18,565 - root - INFO - num_blocks 8
2025-04-20 16:10:18,565 - root - INFO - patch_size 8
2025-04-20 16:10:18,565 - root - INFO - width 56
2025-04-20 16:10:18,565 - root - INFO - modes 32
2025-04-20 16:10:18,565 - root - INFO - target default
2025-04-20 16:10:18,565 - root - INFO - normalization zscore
2025-04-20 16:10:18,565 - root - INFO - log_to_screen True
2025-04-20 16:10:18,565 - root - INFO - save_checkpoint True
2025-04-20 16:10:18,565 - root - INFO - enable_nhwc False
2025-04-20 16:10:18,565 - root - INFO - optimizer_type FusedAdam
2025-04-20 16:10:18,565 - root - INFO - crop_size_x None
2025-04-20 16:10:18,565 - root - INFO - crop_size_y None
2025-04-20 16:10:18,566 - root - INFO - two_step_training False
2025-04-20 16:10:18,566 - root - INFO - plot_animations False
2025-04-20 16:10:18,566 - root - INFO - add_noise False
2025-04-20 16:10:18,566 - root - INFO - noise_std 0
2025-04-20 16:10:18,566 - root - INFO - world_size 1
2025-04-20 16:10:18,566 - root - INFO - global_batch_size 64
2025-04-20 16:10:18,566 - root - INFO - experiment_dir /home/vatsal/NWM/FourcastNet/FourCastNet/output/scratch/directory
2025-04-20 16:10:18,566 - root - INFO - best_checkpoint_path weights/precip.ckpt
2025-04-20 16:10:18,566 - root - INFO - resuming False
2025-04-20 16:10:18,566 - root - INFO - local_rank 0
2025-04-20 16:10:18,566 - root - INFO - ---------------------------------------------------
2025-04-20 16:10:18,566 - root - INFO - Inference for 178 initial conditions
