2025-05-24 18:36:31,909 train INFO: Building config ...
2025-05-24 18:36:31,909 train INFO: Building dataloaders ...
2025-05-24 18:36:31,911 train INFO: Train dataloaders build complete
2025-05-24 18:36:31,912 train INFO: Valid dataloaders build complete
2025-05-24 18:36:31,912 train INFO: Building models ...
2025-05-24 18:36:32,892 train INFO: finetune checkpoint path not exist
2025-05-24 18:36:32,975 train INFO: params EarthFormer_xy: 8659677
2025-05-24 18:36:32,975 train INFO: begin training ...
2025-05-24 18:36:41,420 train INFO: Epoch [1/1][20/3024]  lr: 7.220238095238095e-05  eta: 0:21:08  time: 0.094  data: 0.004  memory: 6626  MSELoss: 0.1742 (0.5094, 0.0224)
2025-05-24 18:36:43,250 train INFO: Epoch [1/1][40/3024]  lr: 0.00013767857142857142  eta: 0:12:46  time: 0.091  data: 0.003  memory: 6626  MSELoss: 0.0455 (0.2665, 0.0080)
2025-05-24 18:36:45,092 train INFO: Epoch [1/1][60/3024]  lr: 0.0002031547619047619  eta: 0:09:58  time: 0.095  data: 0.003  memory: 6626  MSELoss: 0.0205 (0.1847, 0.0181)
2025-05-24 18:36:46,919 train INFO: Epoch [1/1][80/3024]  lr: 0.0002686309523809524  eta: 0:08:33  time: 0.092  data: 0.003  memory: 6626  MSELoss: 0.0194 (0.1434, 0.0465)
2025-05-24 18:36:48,742 train INFO: Epoch [1/1][100/3024]  lr: 0.0003341071428571429  eta: 0:07:40  time: 0.091  data: 0.003  memory: 6626  MSELoss: 0.0183 (0.1177, 0.0031)
2025-05-24 18:36:50,555 train INFO: Epoch [1/1][120/3024]  lr: 0.00039958333333333333  eta: 0:07:05  time: 0.091  data: 0.003  memory: 6626  MSELoss: 0.0155 (0.1012, 0.0212)
2025-05-24 18:36:52,401 train INFO: Epoch [1/1][140/3024]  lr: 0.0004650595238095238  eta: 0:06:40  time: 0.091  data: 0.003  memory: 6626  MSELoss: 0.0158 (0.0899, 0.0025)
2025-05-24 18:36:54,220 train INFO: Epoch [1/1][160/3024]  lr: 0.0005305357142857143  eta: 0:06:20  time: 0.092  data: 0.003  memory: 6626  MSELoss: 0.0175 (0.0810, 0.0530)
2025-05-24 18:36:56,080 train INFO: Epoch [1/1][180/3024]  lr: 0.0005960119047619047  eta: 0:06:05  time: 0.096  data: 0.004  memory: 6626  MSELoss: 0.0179 (0.0741, 0.0201)
2025-05-24 18:36:57,926 train INFO: Epoch [1/1][200/3024]  lr: 0.0006614880952380952  eta: 0:05:52  time: 0.091  data: 0.003  memory: 6626  MSELoss: 0.0185 (0.0686, 0.0013)
2025-05-24 18:36:59,760 train INFO: Epoch [1/1][220/3024]  lr: 0.0007269642857142856  eta: 0:05:41  time: 0.093  data: 0.004  memory: 6626  MSELoss: 0.0161 (0.0636, 0.0082)
2025-05-24 18:37:01,614 train INFO: Epoch [1/1][240/3024]  lr: 0.0007924404761904762  eta: 0:05:32  time: 0.092  data: 0.003  memory: 6626  MSELoss: 0.0141 (0.0591, 0.0014)
2025-05-24 18:37:03,449 train INFO: Epoch [1/1][260/3024]  lr: 0.0008579166666666667  eta: 0:05:23  time: 0.093  data: 0.003  memory: 6626  MSELoss: 0.0160 (0.0560, 0.0017)
2025-05-24 18:37:05,316 train INFO: Epoch [1/1][280/3024]  lr: 0.0009233928571428571  eta: 0:05:16  time: 0.094  data: 0.004  memory: 6626  MSELoss: 0.0136 (0.0530, 0.0192)
2025-05-24 18:37:07,168 train INFO: Epoch [1/1][300/3024]  lr: 0.0009888690476190477  eta: 0:05:10  time: 0.093  data: 0.003  memory: 6626  MSELoss: 0.0135 (0.0505, 0.0042)
2025-05-24 18:37:08,982 train INFO: Epoch [1/1][320/3024]  lr: 0.0009730651694250128  eta: 0:05:04  time: 0.091  data: 0.003  memory: 6626  MSELoss: 0.0135 (0.0482, 0.0146)
2025-05-24 18:37:10,820 train INFO: Epoch [1/1][340/3024]  lr: 0.0009696179386807578  eta: 0:04:58  time: 0.091  data: 0.003  memory: 6626  MSELoss: 0.0135 (0.0461, 0.0035)
2025-05-24 18:37:12,698 train INFO: Epoch [1/1][360/3024]  lr: 0.0009659701330697115  eta: 0:04:53  time: 0.096  data: 0.004  memory: 6626  MSELoss: 0.0138 (0.0446, 0.0145)
2025-05-24 18:37:14,558 train INFO: Epoch [1/1][380/3024]  lr: 0.0009621233273440817  eta: 0:04:49  time: 0.092  data: 0.004  memory: 6626  MSELoss: 0.0146 (0.0432, 0.0100)
2025-05-24 18:37:16,405 train INFO: Epoch [1/1][400/3024]  lr: 0.0009580791821641264  eta: 0:04:44  time: 0.094  data: 0.004  memory: 6626  MSELoss: 0.0138 (0.0418, 0.0243)
2025-05-24 18:37:18,320 train INFO: Epoch [1/1][420/3024]  lr: 0.0009538394433812498  eta: 0:04:41  time: 0.096  data: 0.004  memory: 6626  MSELoss: 0.0130 (0.0403, 0.0216)
2025-05-24 18:37:20,172 train INFO: Epoch [1/1][440/3024]  lr: 0.0009494059412843213  eta: 0:04:37  time: 0.092  data: 0.003  memory: 6626  MSELoss: 0.0130 (0.0390, 0.0077)
2025-05-24 18:37:21,999 train INFO: Epoch [1/1][460/3024]  lr: 0.0009447805898095417  eta: 0:04:33  time: 0.091  data: 0.003  memory: 6626  MSELoss: 0.0118 (0.0379, 0.0056)
2025-05-24 18:37:23,858 train INFO: Epoch [1/1][480/3024]  lr: 0.000939965385714201  eta: 0:04:29  time: 0.092  data: 0.003  memory: 6626  MSELoss: 0.0118 (0.0370, 0.0184)
2025-05-24 18:37:25,687 train INFO: Epoch [1/1][500/3024]  lr: 0.0009349624077146798  eta: 0:04:26  time: 0.092  data: 0.003  memory: 6626  MSELoss: 0.0117 (0.0361, 0.0149)
2025-05-24 18:37:27,529 train INFO: Epoch [1/1][520/3024]  lr: 0.0009297738155890717  eta: 0:04:22  time: 0.094  data: 0.003  memory: 6626  MSELoss: 0.0125 (0.0352, 0.0006)
2025-05-24 18:37:29,395 train INFO: Epoch [1/1][540/3024]  lr: 0.0009244018492448098  eta: 0:04:19  time: 0.092  data: 0.003  memory: 6626  MSELoss: 0.0125 (0.0342, 0.0039)
2025-05-24 18:37:31,253 train INFO: Epoch [1/1][560/3024]  lr: 0.0009188488277517022  eta: 0:04:16  time: 0.094  data: 0.003  memory: 6626  MSELoss: 0.0139 (0.0337, 0.0203)
2025-05-24 18:37:33,161 train INFO: Epoch [1/1][580/3024]  lr: 0.0009131171483407932  eta: 0:04:13  time: 0.095  data: 0.004  memory: 6626  MSELoss: 0.0131 (0.0330, 0.0229)
2025-05-24 18:37:35,025 train INFO: Epoch [1/1][600/3024]  lr: 0.0009072092853694817  eta: 0:04:10  time: 0.096  data: 0.004  memory: 6626  MSELoss: 0.0124 (0.0324, 0.0123)
2025-05-24 18:37:36,973 train INFO: Epoch [1/1][620/3024]  lr: 0.0009011277892533456  eta: 0:04:08  time: 0.100  data: 0.004  memory: 6626  MSELoss: 0.0120 (0.0317, 0.0217)
2025-05-24 18:37:38,922 train INFO: Epoch [1/1][640/3024]  lr: 0.0008948752853651303  eta: 0:04:05  time: 0.096  data: 0.004  memory: 6626  MSELoss: 0.0124 (0.0312, 0.0170)
2025-05-24 18:37:40,807 train INFO: Epoch [1/1][660/3024]  lr: 0.0008884544729013805  eta: 0:04:02  time: 0.096  data: 0.004  memory: 6626  MSELoss: 0.0120 (0.0306, 0.0099)
2025-05-24 18:37:42,692 train INFO: Epoch [1/1][680/3024]  lr: 0.0008818681237171994  eta: 0:04:00  time: 0.096  data: 0.004  memory: 6626  MSELoss: 0.0110 (0.0300, 0.0024)
2025-05-24 18:37:44,614 train INFO: Epoch [1/1][700/3024]  lr: 0.0008751190811296449  eta: 0:03:57  time: 0.095  data: 0.004  memory: 6626  MSELoss: 0.0095 (0.0294, 0.0002)
2025-05-24 18:37:46,444 train INFO: Epoch [1/1][720/3024]  lr: 0.0008682102586902724  eta: 0:03:55  time: 0.092  data: 0.003  memory: 6626  MSELoss: 0.0088 (0.0288, 0.0053)
2025-05-24 18:37:48,297 train INFO: Epoch [1/1][740/3024]  lr: 0.0008611446389273597  eta: 0:03:52  time: 0.094  data: 0.004  memory: 6626  MSELoss: 0.0080 (0.0283, 0.0203)
2025-05-24 18:37:50,120 train INFO: Epoch [1/1][760/3024]  lr: 0.0008539252720583534  eta: 0:03:49  time: 0.091  data: 0.003  memory: 6626  MSELoss: 0.0079 (0.0279, 0.0063)
2025-05-24 18:37:51,991 train INFO: Epoch [1/1][780/3024]  lr: 0.0008465552746730959  eta: 0:03:47  time: 0.097  data: 0.004  memory: 6626  MSELoss: 0.0079 (0.0274, 0.0073)
2025-05-24 18:37:53,891 train INFO: Epoch [1/1][800/3024]  lr: 0.0008390378283883968  eta: 0:03:44  time: 0.095  data: 0.004  memory: 6626  MSELoss: 0.0080 (0.0269, 0.0092)
2025-05-24 18:37:55,723 train INFO: Epoch [1/1][820/3024]  lr: 0.0008313761784745341  eta: 0:03:42  time: 0.092  data: 0.003  memory: 6626  MSELoss: 0.0091 (0.0266, 0.0286)
2025-05-24 18:37:57,569 train INFO: Epoch [1/1][840/3024]  lr: 0.0008235736324542767  eta: 0:03:39  time: 0.092  data: 0.003  memory: 6626  MSELoss: 0.0091 (0.0261, 0.0006)
2025-05-24 18:37:59,417 train INFO: Epoch [1/1][860/3024]  lr: 0.0008156335586750307  eta: 0:03:37  time: 0.092  data: 0.004  memory: 6626  MSELoss: 0.0096 (0.0258, 0.0080)
2025-05-24 18:38:01,289 train INFO: Epoch [1/1][880/3024]  lr: 0.0008075593848547294  eta: 0:03:35  time: 0.091  data: 0.003  memory: 6626  MSELoss: 0.0093 (0.0254, 0.0040)
2025-05-24 18:38:03,119 train INFO: Epoch [1/1][900/3024]  lr: 0.0007993545966020928  eta: 0:03:32  time: 0.092  data: 0.003  memory: 6626  MSELoss: 0.0091 (0.0250, 0.0034)
2025-05-24 18:38:04,979 train INFO: Epoch [1/1][920/3024]  lr: 0.000791022735911895  eta: 0:03:30  time: 0.094  data: 0.004  memory: 6626  MSELoss: 0.0077 (0.0246, 0.0098)
2025-05-24 18:38:06,826 train INFO: Epoch [1/1][940/3024]  lr: 0.0007825673996358907  eta: 0:03:28  time: 0.093  data: 0.003  memory: 6626  MSELoss: 0.0076 (0.0243, 0.0056)
2025-05-24 18:38:08,731 train INFO: Epoch [1/1][960/3024]  lr: 0.0007739922379300601  eta: 0:03:25  time: 0.093  data: 0.004  memory: 6626  MSELoss: 0.0075 (0.0240, 0.0181)
2025-05-24 18:38:10,577 train INFO: Epoch [1/1][980/3024]  lr: 0.000765300952678841  eta: 0:03:23  time: 0.092  data: 0.003  memory: 6626  MSELoss: 0.0070 (0.0237, 0.0002)
2025-05-24 18:38:12,405 train INFO: Epoch [1/1][1000/3024]  lr: 0.0007564972958970321  eta: 0:03:21  time: 0.092  data: 0.004  memory: 6626  MSELoss: 0.0079 (0.0234, 0.0070)
2025-05-24 18:38:14,263 train INFO: Epoch [1/1][1020/3024]  lr: 0.0007475850681100525  eta: 0:03:18  time: 0.093  data: 0.004  memory: 6626  MSELoss: 0.0079 (0.0231, 0.0013)
2025-05-24 18:38:16,095 train INFO: Epoch [1/1][1040/3024]  lr: 0.0007385681167132617  eta: 0:03:16  time: 0.092  data: 0.004  memory: 6626  MSELoss: 0.0080 (0.0228, 0.0093)
2025-05-24 18:38:17,934 train INFO: Epoch [1/1][1060/3024]  lr: 0.0007294503343110442  eta: 0:03:14  time: 0.091  data: 0.003  memory: 6626  MSELoss: 0.0079 (0.0226, 0.0020)
2025-05-24 18:38:19,804 train INFO: Epoch [1/1][1080/3024]  lr: 0.0007202356570363786  eta: 0:03:12  time: 0.096  data: 0.004  memory: 6626  MSELoss: 0.0080 (0.0223, 0.0142)
2025-05-24 18:38:21,636 train INFO: Epoch [1/1][1100/3024]  lr: 0.000710928062851614  eta: 0:03:10  time: 0.091  data: 0.003  memory: 6626  MSELoss: 0.0080 (0.0221, 0.0101)
2025-05-24 18:38:23,514 train INFO: Epoch [1/1][1120/3024]  lr: 0.0007015315698311903  eta: 0:03:07  time: 0.092  data: 0.003  memory: 6626  MSELoss: 0.0080 (0.0218, 0.0050)
2025-05-24 18:38:25,361 train INFO: Epoch [1/1][1140/3024]  lr: 0.0006920502344270416  eta: 0:03:05  time: 0.092  data: 0.003  memory: 6626  MSELoss: 0.0082 (0.0216, 0.0014)
2025-05-24 18:38:27,210 train INFO: Epoch [1/1][1160/3024]  lr: 0.0006824881497174314  eta: 0:03:03  time: 0.092  data: 0.003  memory: 6626  MSELoss: 0.0084 (0.0214, 0.0103)
2025-05-24 18:38:29,039 train INFO: Epoch [1/1][1180/3024]  lr: 0.0006728494436399771  eta: 0:03:01  time: 0.092  data: 0.003  memory: 6626  MSELoss: 0.0085 (0.0212, 0.0008)
2025-05-24 18:38:30,905 train INFO: Epoch [1/1][1200/3024]  lr: 0.0006631382772096259  eta: 0:02:59  time: 0.092  data: 0.003  memory: 6626  MSELoss: 0.0080 (0.0209, 0.0049)
2025-05-24 18:38:32,748 train INFO: Epoch [1/1][1220/3024]  lr: 0.0006533588427223504  eta: 0:02:57  time: 0.092  data: 0.003  memory: 6626  MSELoss: 0.0077 (0.0208, 0.0047)
2025-05-24 18:38:34,595 train INFO: Epoch [1/1][1240/3024]  lr: 0.0006435153619453411  eta: 0:02:54  time: 0.093  data: 0.004  memory: 6626  MSELoss: 0.0075 (0.0205, 0.0055)
2025-05-24 18:38:36,453 train INFO: Epoch [1/1][1260/3024]  lr: 0.0006336120842944753  eta: 0:02:52  time: 0.093  data: 0.004  memory: 6626  MSELoss: 0.0074 (0.0203, 0.0119)
2025-05-24 18:38:38,321 train INFO: Epoch [1/1][1280/3024]  lr: 0.0006236532849998515  eta: 0:02:50  time: 0.092  data: 0.003  memory: 6626  MSELoss: 0.0065 (0.0201, 0.0054)
2025-05-24 18:38:40,189 train INFO: Epoch [1/1][1300/3024]  lr: 0.0006136432632601781  eta: 0:02:48  time: 0.093  data: 0.004  memory: 6626  MSELoss: 0.0066 (0.0199, 0.0061)
2025-05-24 18:38:42,032 train INFO: Epoch [1/1][1320/3024]  lr: 0.0006035863403868159  eta: 0:02:46  time: 0.095  data: 0.004  memory: 6626  MSELoss: 0.0063 (0.0197, 0.0192)
2025-05-24 18:38:43,922 train INFO: Epoch [1/1][1340/3024]  lr: 0.0005934868579382755  eta: 0:02:44  time: 0.092  data: 0.003  memory: 6626  MSELoss: 0.0062 (0.0195, 0.0075)
2025-05-24 18:38:45,813 train INFO: Epoch [1/1][1360/3024]  lr: 0.0005833491758459716  eta: 0:02:42  time: 0.098  data: 0.005  memory: 6626  MSELoss: 0.0061 (0.0194, 0.0035)
2025-05-24 18:38:47,782 train INFO: Epoch [1/1][1380/3024]  lr: 0.0005731776705320479  eta: 0:02:40  time: 0.096  data: 0.004  memory: 6626  MSELoss: 0.0064 (0.0192, 0.0062)
2025-05-24 18:38:49,634 train INFO: Epoch [1/1][1400/3024]  lr: 0.0005629767330200823  eta: 0:02:38  time: 0.092  data: 0.003  memory: 6626  MSELoss: 0.0070 (0.0191, 0.0003)
2025-05-24 18:38:51,474 train INFO: Epoch [1/1][1420/3024]  lr: 0.0005527507670394882  eta: 0:02:36  time: 0.091  data: 0.003  memory: 6626  MSELoss: 0.0070 (0.0189, 0.0041)
2025-05-24 18:38:53,317 train INFO: Epoch [1/1][1440/3024]  lr: 0.0005425041871244316  eta: 0:02:34  time: 0.093  data: 0.003  memory: 6626  MSELoss: 0.0065 (0.0187, 0.0077)
2025-05-24 18:38:55,161 train INFO: Epoch [1/1][1460/3024]  lr: 0.0005322414167080827  eta: 0:02:32  time: 0.093  data: 0.003  memory: 6626  MSELoss: 0.0065 (0.0185, 0.0088)
2025-05-24 18:38:57,007 train INFO: Epoch [1/1][1480/3024]  lr: 0.0005219668862130271  eta: 0:02:30  time: 0.092  data: 0.003  memory: 6626  MSELoss: 0.0060 (0.0184, 0.0002)
2025-05-24 18:38:58,875 train INFO: Epoch [1/1][1500/3024]  lr: 0.0005116850311386589  eta: 0:02:28  time: 0.092  data: 0.003  memory: 6626  MSELoss: 0.0053 (0.0182, 0.0069)
2025-05-24 18:39:00,760 train INFO: Epoch [1/1][1520/3024]  lr: 0.0005014002901463814  eta: 0:02:26  time: 0.095  data: 0.004  memory: 6626  MSELoss: 0.0061 (0.0181, 0.0111)
2025-05-24 18:39:02,678 train INFO: Epoch [1/1][1540/3024]  lr: 0.0004911171031434449  eta: 0:02:24  time: 0.100  data: 0.004  memory: 6626  MSELoss: 0.0066 (0.0179, 0.0147)
2025-05-24 18:39:04,662 train INFO: Epoch [1/1][1560/3024]  lr: 0.00048083990936624484  eta: 0:02:22  time: 0.098  data: 0.004  memory: 6626  MSELoss: 0.0059 (0.0178, 0.0016)
2025-05-24 18:39:06,543 train INFO: Epoch [1/1][1580/3024]  lr: 0.0004705731454639099  eta: 0:02:20  time: 0.091  data: 0.003  memory: 6626  MSELoss: 0.0055 (0.0176, 0.0055)
2025-05-24 18:39:08,399 train INFO: Epoch [1/1][1600/3024]  lr: 0.00046032124358300747  eta: 0:02:18  time: 0.093  data: 0.004  memory: 6626  MSELoss: 0.0055 (0.0175, 0.0002)
2025-05-24 18:39:10,229 train INFO: Epoch [1/1][1620/3024]  lr: 0.0004500886294541926  eta: 0:02:16  time: 0.092  data: 0.003  memory: 6626  MSELoss: 0.0055 (0.0173, 0.0119)
2025-05-24 18:39:12,093 train INFO: Epoch [1/1][1640/3024]  lr: 0.00043987972048162684  eta: 0:02:14  time: 0.092  data: 0.003  memory: 6626  MSELoss: 0.0057 (0.0172, 0.0113)
2025-05-24 18:39:13,953 train INFO: Epoch [1/1][1660/3024]  lr: 0.0004296989238359914  eta: 0:02:12  time: 0.095  data: 0.003  memory: 6626  MSELoss: 0.0068 (0.0171, 0.0081)
2025-05-24 18:39:15,844 train INFO: Epoch [1/1][1680/3024]  lr: 0.00041955063455191756  eta: 0:02:10  time: 0.094  data: 0.004  memory: 6626  MSELoss: 0.0069 (0.0170, 0.0005)
2025-05-24 18:39:17,682 train INFO: Epoch [1/1][1700/3024]  lr: 0.00040943923363065816  eta: 0:02:08  time: 0.092  data: 0.003  memory: 6626  MSELoss: 0.0076 (0.0169, 0.0077)
2025-05-24 18:39:19,507 train INFO: Epoch [1/1][1720/3024]  lr: 0.00039936908614881476  eta: 0:02:06  time: 0.092  data: 0.003  memory: 6626  MSELoss: 0.0078 (0.0168, 0.0082)
2025-05-24 18:39:21,366 train INFO: Epoch [1/1][1740/3024]  lr: 0.00038934453937394136  eta: 0:02:04  time: 0.093  data: 0.003  memory: 6626  MSELoss: 0.0078 (0.0167, 0.0042)
2025-05-24 18:39:23,196 train INFO: Epoch [1/1][1760/3024]  lr: 0.00037936992088783474  eta: 0:02:02  time: 0.092  data: 0.003  memory: 6626  MSELoss: 0.0069 (0.0166, 0.0022)
2025-05-24 18:39:25,105 train INFO: Epoch [1/1][1780/3024]  lr: 0.0003694495367183248  eta: 0:02:00  time: 0.098  data: 0.004  memory: 6626  MSELoss: 0.0067 (0.0165, 0.0121)
2025-05-24 18:39:27,037 train INFO: Epoch [1/1][1800/3024]  lr: 0.00035958766948036814  eta: 0:01:58  time: 0.098  data: 0.004  memory: 6626  MSELoss: 0.0055 (0.0164, 0.0003)
2025-05-24 18:39:29,005 train INFO: Epoch [1/1][1820/3024]  lr: 0.0003497885765272497  eta: 0:01:56  time: 0.095  data: 0.004  memory: 6626  MSELoss: 0.0052 (0.0162, 0.0046)
2025-05-24 18:39:30,878 train INFO: Epoch [1/1][1840/3024]  lr: 0.0003400564881126902  eta: 0:01:54  time: 0.093  data: 0.004  memory: 6626  MSELoss: 0.0061 (0.0161, 0.0097)
2025-05-24 18:39:32,722 train INFO: Epoch [1/1][1860/3024]  lr: 0.00033039560556465147  eta: 0:01:52  time: 0.092  data: 0.003  memory: 6626  MSELoss: 0.0067 (0.0161, 0.0095)
2025-05-24 18:39:34,575 train INFO: Epoch [1/1][1880/3024]  lr: 0.0003208100994716298  eta: 0:01:50  time: 0.092  data: 0.003  memory: 6626  MSELoss: 0.0068 (0.0160, 0.0126)
2025-05-24 18:39:36,412 train INFO: Epoch [1/1][1900/3024]  lr: 0.00031130410788221844  eta: 0:01:48  time: 0.092  data: 0.004  memory: 6626  MSELoss: 0.0066 (0.0159, 0.0001)
2025-05-24 18:39:38,276 train INFO: Epoch [1/1][1920/3024]  lr: 0.0003018817345187194  eta: 0:01:46  time: 0.093  data: 0.004  memory: 6626  MSELoss: 0.0066 (0.0158, 0.0160)
2025-05-24 18:39:40,110 train INFO: Epoch [1/1][1940/3024]  lr: 0.00029254704700557173  eta: 0:01:44  time: 0.092  data: 0.003  memory: 6626  MSELoss: 0.0065 (0.0157, 0.0132)
2025-05-24 18:39:41,974 train INFO: Epoch [1/1][1960/3024]  lr: 0.00028330407511336476  eta: 0:01:42  time: 0.093  data: 0.004  memory: 6626  MSELoss: 0.0064 (0.0156, 0.0001)
2025-05-24 18:39:43,873 train INFO: Epoch [1/1][1980/3024]  lr: 0.00027415680901919144  eta: 0:01:40  time: 0.097  data: 0.004  memory: 6626  MSELoss: 0.0060 (0.0155, 0.0030)
2025-05-24 18:39:45,764 train INFO: Epoch [1/1][2000/3024]  lr: 0.0002651091975840958  eta: 0:01:38  time: 0.091  data: 0.003  memory: 6626  MSELoss: 0.0066 (0.0154, 0.0080)
2025-05-24 18:39:47,779 train INFO: Epoch [1/1][2020/3024]  lr: 0.00025616514664835496  eta: 0:01:36  time: 0.100  data: 0.004  memory: 6626  MSELoss: 0.0059 (0.0153, 0.0113)
2025-05-24 18:39:49,660 train INFO: Epoch [1/1][2040/3024]  lr: 0.0002473285173453339  eta: 0:01:34  time: 0.090  data: 0.003  memory: 6626  MSELoss: 0.0057 (0.0152, 0.0048)
2025-05-24 18:39:51,526 train INFO: Epoch [1/1][2060/3024]  lr: 0.0002386031244346399  eta: 0:01:32  time: 0.092  data: 0.003  memory: 6626  MSELoss: 0.0055 (0.0151, 0.0091)
2025-05-24 18:39:53,355 train INFO: Epoch [1/1][2080/3024]  lr: 0.00022999273465529687  eta: 0:01:30  time: 0.091  data: 0.003  memory: 6626  MSELoss: 0.0053 (0.0151, 0.0169)
2025-05-24 18:39:55,210 train INFO: Epoch [1/1][2100/3024]  lr: 0.0002215010650996494  eta: 0:01:28  time: 0.091  data: 0.003  memory: 6626  MSELoss: 0.0059 (0.0150, 0.0201)
2025-05-24 18:39:57,084 train INFO: Epoch [1/1][2120/3024]  lr: 0.00021313178160869937  eta: 0:01:27  time: 0.094  data: 0.003  memory: 6626  MSELoss: 0.0064 (0.0149, 0.0098)
2025-05-24 18:39:59,035 train INFO: Epoch [1/1][2140/3024]  lr: 0.00020488849718956862  eta: 0:01:25  time: 0.095  data: 0.003  memory: 6626  MSELoss: 0.0062 (0.0148, 0.0048)
2025-05-24 18:40:00,912 train INFO: Epoch [1/1][2160/3024]  lr: 0.00019677477045576877  eta: 0:01:23  time: 0.095  data: 0.004  memory: 6626  MSELoss: 0.0060 (0.0147, 0.0001)
2025-05-24 18:40:02,863 train INFO: Epoch [1/1][2180/3024]  lr: 0.0001887941040909532  eta: 0:01:21  time: 0.098  data: 0.004  memory: 6626  MSELoss: 0.0061 (0.0147, 0.0072)
2025-05-24 18:40:04,829 train INFO: Epoch [1/1][2200/3024]  lr: 0.0001809499433368131  eta: 0:01:19  time: 0.098  data: 0.005  memory: 6626  MSELoss: 0.0059 (0.0146, 0.0161)
2025-05-24 18:40:06,730 train INFO: Epoch [1/1][2220/3024]  lr: 0.0001732456745057731  eta: 0:01:17  time: 0.095  data: 0.004  memory: 6626  MSELoss: 0.0059 (0.0146, 0.0018)
2025-05-24 18:40:08,589 train INFO: Epoch [1/1][2240/3024]  lr: 0.0001656846235191244  eta: 0:01:15  time: 0.092  data: 0.003  memory: 6626  MSELoss: 0.0061 (0.0145, 0.0096)
2025-05-24 18:40:10,484 train INFO: Epoch [1/1][2260/3024]  lr: 0.00015827005447122962  eta: 0:01:13  time: 0.094  data: 0.004  memory: 6626  MSELoss: 0.0068 (0.0144, 0.0029)
2025-05-24 18:40:12,355 train INFO: Epoch [1/1][2280/3024]  lr: 0.00015100516822041832  eta: 0:01:11  time: 0.095  data: 0.004  memory: 6626  MSELoss: 0.0060 (0.0143, 0.0055)
2025-05-24 18:40:14,222 train INFO: Epoch [1/1][2300/3024]  lr: 0.00014389310100718127  eta: 0:01:09  time: 0.094  data: 0.004  memory: 6626  MSELoss: 0.0057 (0.0143, 0.0097)
2025-05-24 18:40:16,061 train INFO: Epoch [1/1][2320/3024]  lr: 0.00013693692310026  eta: 0:01:07  time: 0.091  data: 0.003  memory: 6626  MSELoss: 0.0057 (0.0142, 0.0110)
2025-05-24 18:40:17,914 train INFO: Epoch [1/1][2340/3024]  lr: 0.00013013963747121677  eta: 0:01:05  time: 0.093  data: 0.004  memory: 6626  MSELoss: 0.0062 (0.0141, 0.0036)
2025-05-24 18:40:19,749 train INFO: Epoch [1/1][2360/3024]  lr: 0.00012350417849805526  eta: 0:01:03  time: 0.091  data: 0.003  memory: 6626  MSELoss: 0.0059 (0.0141, 0.0027)
2025-05-24 18:40:21,607 train INFO: Epoch [1/1][2380/3024]  lr: 0.00011703341069845531  eta: 0:01:01  time: 0.092  data: 0.003  memory: 6626  MSELoss: 0.0062 (0.0140, 0.0002)
2025-05-24 18:40:23,459 train INFO: Epoch [1/1][2400/3024]  lr: 0.00011073012749316437  eta: 0:00:59  time: 0.092  data: 0.004  memory: 6626  MSELoss: 0.0065 (0.0139, 0.0001)
2025-05-24 18:40:25,336 train INFO: Epoch [1/1][2420/3024]  lr: 0.00010459705000008133  eta: 0:00:57  time: 0.095  data: 0.004  memory: 6626  MSELoss: 0.0060 (0.0139, 0.0028)
2025-05-24 18:40:27,160 train INFO: Epoch [1/1][2440/3024]  lr: 9.8636825859555e-05  eta: 0:00:56  time: 0.092  data: 0.003  memory: 6626  MSELoss: 0.0060 (0.0138, 0.0063)
2025-05-24 18:40:29,062 train INFO: Epoch [1/1][2460/3024]  lr: 9.285202809140134e-05  eta: 0:00:54  time: 0.093  data: 0.004  memory: 6626  MSELoss: 0.0055 (0.0138, 0.0053)
2025-05-24 18:40:30,909 train INFO: Epoch [1/1][2480/3024]  lr: 8.724515398413453e-05  eta: 0:00:52  time: 0.092  data: 0.004  memory: 6626  MSELoss: 0.0063 (0.0137, 0.0012)
2025-05-24 18:40:32,781 train INFO: Epoch [1/1][2500/3024]  lr: 8.181862401689143e-05  eta: 0:00:50  time: 0.096  data: 0.004  memory: 6626  MSELoss: 0.0063 (0.0136, 0.0001)
2025-05-24 18:40:34,635 train INFO: Epoch [1/1][2520/3024]  lr: 7.657478081451437e-05  eta: 0:00:48  time: 0.092  data: 0.004  memory: 6626  MSELoss: 0.0054 (0.0136, 0.0081)
2025-05-24 18:40:36,533 train INFO: Epoch [1/1][2540/3024]  lr: 7.151588813624317e-05  eta: 0:00:46  time: 0.098  data: 0.004  memory: 6626  MSELoss: 0.0057 (0.0135, 0.0071)
2025-05-24 18:40:38,417 train INFO: Epoch [1/1][2560/3024]  lr: 6.664412989845443e-05  eta: 0:00:44  time: 0.093  data: 0.004  memory: 6626  MSELoss: 0.0064 (0.0135, 0.0004)
2025-05-24 18:40:40,289 train INFO: Epoch [1/1][2580/3024]  lr: 6.19616092318674e-05  eta: 0:00:42  time: 0.092  data: 0.003  memory: 6626  MSELoss: 0.0065 (0.0134, 0.0141)
2025-05-24 18:40:42,156 train INFO: Epoch [1/1][2600/3024]  lr: 5.747034757362597e-05  eta: 0:00:40  time: 0.092  data: 0.003  memory: 6626  MSELoss: 0.0066 (0.0134, 0.0078)
2025-05-24 18:40:44,072 train INFO: Epoch [1/1][2620/3024]  lr: 5.31722837946472e-05  eta: 0:00:38  time: 0.098  data: 0.004  memory: 6626  MSELoss: 0.0066 (0.0133, 0.0097)
2025-05-24 18:40:45,989 train INFO: Epoch [1/1][2640/3024]  lr: 4.906927336261332e-05  eta: 0:00:36  time: 0.097  data: 0.004  memory: 6626  MSELoss: 0.0063 (0.0133, 0.0060)
2025-05-24 18:40:47,856 train INFO: Epoch [1/1][2660/3024]  lr: 4.516308754097005e-05  eta: 0:00:34  time: 0.093  data: 0.004  memory: 6626  MSELoss: 0.0064 (0.0132, 0.0004)
2025-05-24 18:40:49,727 train INFO: Epoch [1/1][2680/3024]  lr: 4.14554126242737e-05  eta: 0:00:32  time: 0.093  data: 0.004  memory: 6626  MSELoss: 0.0063 (0.0132, 0.0101)
2025-05-24 18:40:51,642 train INFO: Epoch [1/1][2700/3024]  lr: 3.794784921022087e-05  eta: 0:00:31  time: 0.098  data: 0.004  memory: 6626  MSELoss: 0.0061 (0.0132, 0.0091)
2025-05-24 18:40:53,586 train INFO: Epoch [1/1][2720/3024]  lr: 3.464191150867323e-05  eta: 0:00:29  time: 0.093  data: 0.003  memory: 6626  MSELoss: 0.0060 (0.0131, 0.0048)
2025-05-24 18:40:55,432 train INFO: Epoch [1/1][2740/3024]  lr: 3.153902668797451e-05  eta: 0:00:27  time: 0.092  data: 0.003  memory: 6626  MSELoss: 0.0065 (0.0131, 0.0012)
2025-05-24 18:40:57,330 train INFO: Epoch [1/1][2760/3024]  lr: 2.8640534258844857e-05  eta: 0:00:25  time: 0.097  data: 0.004  memory: 6626  MSELoss: 0.0059 (0.0130, 0.0001)
2025-05-24 18:40:59,215 train INFO: Epoch [1/1][2780/3024]  lr: 2.5947685496115547e-05  eta: 0:00:23  time: 0.097  data: 0.004  memory: 6626  MSELoss: 0.0061 (0.0130, 0.0021)
2025-05-24 18:41:01,060 train INFO: Epoch [1/1][2800/3024]  lr: 2.3461642898555838e-05  eta: 0:00:21  time: 0.091  data: 0.003  memory: 6626  MSELoss: 0.0062 (0.0129, 0.0062)
2025-05-24 18:41:03,110 train INFO: Epoch [1/1][2820/3024]  lr: 2.118347968702387e-05  eta: 0:00:19  time: 0.092  data: 0.003  memory: 6626  MSELoss: 0.0060 (0.0129, 0.0027)
2025-05-24 18:41:05,014 train INFO: Epoch [1/1][2840/3024]  lr: 1.9114179341158772e-05  eta: 0:00:17  time: 0.092  data: 0.004  memory: 6626  MSELoss: 0.0061 (0.0129, 0.0065)
2025-05-24 18:41:06,874 train INFO: Epoch [1/1][2860/3024]  lr: 1.725463517481396e-05  eta: 0:00:15  time: 0.093  data: 0.003  memory: 6626  MSELoss: 0.0062 (0.0128, 0.0046)
2025-05-24 18:41:08,725 train INFO: Epoch [1/1][2880/3024]  lr: 1.5605649950415293e-05  eta: 0:00:13  time: 0.093  data: 0.003  memory: 6626  MSELoss: 0.0062 (0.0128, 0.0130)
2025-05-24 18:41:10,594 train INFO: Epoch [1/1][2900/3024]  lr: 1.4167935532409128e-05  eta: 0:00:11  time: 0.093  data: 0.004  memory: 6626  MSELoss: 0.0061 (0.0127, 0.0048)
2025-05-24 18:41:12,437 train INFO: Epoch [1/1][2920/3024]  lr: 1.2942112579951775e-05  eta: 0:00:09  time: 0.093  data: 0.003  memory: 6626  MSELoss: 0.0064 (0.0127, 0.0128)
2025-05-24 18:41:14,317 train INFO: Epoch [1/1][2940/3024]  lr: 1.192871027897215e-05  eta: 0:00:08  time: 0.093  data: 0.003  memory: 6626  MSELoss: 0.0061 (0.0127, 0.0000)
2025-05-24 18:41:16,197 train INFO: Epoch [1/1][2960/3024]  lr: 1.1128166113722474e-05  eta: 0:00:06  time: 0.095  data: 0.004  memory: 6626  MSELoss: 0.0060 (0.0126, 0.0096)
2025-05-24 18:41:18,098 train INFO: Epoch [1/1][2980/3024]  lr: 1.0540825677917404e-05  eta: 0:00:04  time: 0.095  data: 0.004  memory: 6626  MSELoss: 0.0058 (0.0125, 0.0001)
2025-05-24 18:41:19,960 train INFO: Epoch [1/1][3000/3024]  lr: 1.0166942525541567e-05  eta: 0:00:02  time: 0.095  data: 0.004  memory: 6626  MSELoss: 0.0053 (0.0125, 0.0092)
2025-05-24 18:41:21,845 train INFO: Epoch [1/1][3020/3024]  lr: 1.0006678061390656e-05  eta: 0:00:00  time: 0.092  data: 0.004  memory: 6626  MSELoss: 0.0056 (0.0125, 0.0072)
2025-05-24 18:41:22,194 train INFO: Epoch [1/1][3024/3024]  lr: 1.0000267123032235e-05  eta: 0:00:00  time: 0.091  data: 0.004  memory: 6626  MSELoss: 0.0057 (0.0125, 0.0061)
