2025-05-31 11:41:25,390 train INFO: Building config ...
2025-05-31 11:41:25,391 train INFO: Building dataloaders ...
2025-05-31 11:41:25,394 train INFO: Train dataloaders build complete
2025-05-31 11:41:25,395 train INFO: Valid dataloaders build complete
2025-05-31 11:41:25,809 train INFO: Building models ...
2025-05-31 11:41:27,061 train INFO: finetune checkpoint path not exist
2025-05-31 11:41:27,121 train INFO: [32mload EarthFormer_xy model from /home/vatsal/NWM/CasCast/experiments/EarthFormer/world_size1-ckpt/earthformer_ckpt.pth[0m
2025-05-31 11:41:27,121 train INFO: last epoch:11.0, metric best:0.003162863486452384
2025-05-31 11:41:27,378 train INFO: params EarthFormer_xy: 8659677
2025-05-31 11:41:27,378 train INFO: begin training ...
2025-05-31 11:41:27,694 train INFO: [32minput min: 0.0, max: 0.9960784316062927[0m
2025-05-31 11:41:27,698 train INFO: [32mtarget min: 0.0, max: 0.9960784316062927[0m
2025-05-31 11:41:28,231 train INFO: [32mprediction min: -0.00684274360537529, max: 0.5630693435668945[0m
2025-05-31 11:41:34,715 train INFO: ################################################################################
2025-05-31 11:41:34,715 train INFO: 0
2025-05-31 11:41:34,716 train INFO: Step [1](val stats)  ssim: 0.7821 (0.7821, 0.7821)  psnr: 24.8867 (24.8867, 24.8867)  MSE: 0.0018 (0.0018, 0.0018)
2025-05-31 11:41:34,731 train INFO: [32minput min: 0.0, max: 0.9960784316062927[0m
2025-05-31 11:41:34,732 train INFO: [32mtarget min: 0.0, max: 0.9960784316062927[0m
2025-05-31 11:41:34,857 train INFO: [32mprediction min: -0.010583985596895218, max: 0.9968934655189514[0m
2025-05-31 11:41:34,982 train INFO: ################################################################################
2025-05-31 11:41:34,983 train INFO: 1
2025-05-31 11:41:34,994 train INFO: [32minput min: 0.0, max: 0.9960784316062927[0m
2025-05-31 11:41:34,994 train INFO: [32mtarget min: 0.0, max: 0.9960784316062927[0m
2025-05-31 11:41:35,053 train INFO: [32mprediction min: -0.010024983435869217, max: 0.9390503764152527[0m
2025-05-31 11:41:35,141 train INFO: ################################################################################
2025-05-31 11:41:35,141 train INFO: 2
2025-05-31 11:41:35,153 train INFO: [32minput min: 0.0, max: 0.9960784316062927[0m
2025-05-31 11:41:35,153 train INFO: [32mtarget min: 0.0, max: 0.9960784316062927[0m
2025-05-31 11:41:35,220 train INFO: [32mprediction min: -0.010335270315408707, max: 0.9878572225570679[0m
2025-05-31 11:41:35,252 train INFO: ################################################################################
2025-05-31 11:41:35,252 train INFO: 3
2025-05-31 11:41:35,261 train INFO: [32minput min: 0.0, max: 0.9372549057006836[0m
2025-05-31 11:41:35,262 train INFO: [32mtarget min: 0.0, max: 0.9137254953384399[0m
2025-05-31 11:41:35,325 train INFO: [32mprediction min: -0.010500434786081314, max: 0.7721588611602783[0m
2025-05-31 11:41:35,356 train INFO: ################################################################################
2025-05-31 11:41:35,357 train INFO: 4
2025-05-31 11:41:35,366 train INFO: [32minput min: 0.0, max: 1.0[0m
2025-05-31 11:41:35,367 train INFO: [32mtarget min: 0.0, max: 0.9960784316062927[0m
2025-05-31 11:41:35,492 train INFO: [32mprediction min: -0.010763470083475113, max: 0.9865591526031494[0m
2025-05-31 11:41:35,619 train INFO: ################################################################################
2025-05-31 11:41:35,619 train INFO: 5
2025-05-31 11:41:35,629 train INFO: [32minput min: 0.0, max: 0.9960784316062927[0m
2025-05-31 11:41:35,629 train INFO: [32mtarget min: 0.0, max: 0.9960784316062927[0m
2025-05-31 11:41:35,691 train INFO: [32mprediction min: -0.015618164092302322, max: 0.9576444625854492[0m
2025-05-31 11:41:35,761 train INFO: ################################################################################
2025-05-31 11:41:35,761 train INFO: 6
2025-05-31 11:41:35,773 train INFO: [32minput min: 0.0, max: 0.9960784316062927[0m
2025-05-31 11:41:35,778 train INFO: [32mtarget min: 0.0, max: 0.9960784316062927[0m
2025-05-31 11:41:35,843 train INFO: [32mprediction min: -0.006720762699842453, max: 1.0194345712661743[0m
2025-05-31 11:41:35,874 train INFO: ################################################################################
2025-05-31 11:41:35,875 train INFO: 7
2025-05-31 11:41:35,888 train INFO: [32minput min: 0.0, max: 0.9960784316062927[0m
2025-05-31 11:41:35,889 train INFO: [32mtarget min: 0.0, max: 0.9960784316062927[0m
2025-05-31 11:41:35,953 train INFO: [32mprediction min: -0.01483643427491188, max: 0.9976483583450317[0m
2025-05-31 11:41:35,985 train INFO: ################################################################################
2025-05-31 11:41:35,985 train INFO: 8
2025-05-31 11:41:35,993 train INFO: [32minput min: 0.0, max: 0.9960784316062927[0m
2025-05-31 11:41:35,993 train INFO: [32mtarget min: 0.0, max: 0.9960784316062927[0m
2025-05-31 11:41:36,103 train INFO: [32mprediction min: -0.01094166561961174, max: 1.066066861152649[0m
2025-05-31 11:41:36,248 train INFO: ################################################################################
2025-05-31 11:41:36,248 train INFO: 9
2025-05-31 11:41:36,257 train INFO: [32minput min: 0.0, max: 0.9960784316062927[0m
2025-05-31 11:41:36,258 train INFO: [32mtarget min: 0.0, max: 0.9960784316062927[0m
2025-05-31 11:41:36,314 train INFO: [32mprediction min: -0.005841616541147232, max: 1.086832046508789[0m
2025-05-31 11:41:36,403 train INFO: ################################################################################
2025-05-31 11:41:36,403 train INFO: 10
2025-05-31 11:41:36,403 train INFO: Step [11](val stats)  ssim: 0.7842 (0.7869, 0.8507)  psnr: 23.9053 (24.9080, 27.7920)  MSE: 0.0049 (0.0041, 0.0023)
2025-05-31 11:41:36,415 train INFO: [32minput min: 0.0, max: 0.9960784316062927[0m
2025-05-31 11:41:36,415 train INFO: [32mtarget min: 0.0, max: 0.9960784316062927[0m
2025-05-31 11:41:36,480 train INFO: [32mprediction min: -0.008289147168397903, max: 0.975905179977417[0m
2025-05-31 11:41:36,512 train INFO: ################################################################################
2025-05-31 11:41:36,512 train INFO: 11
2025-05-31 11:41:36,520 train INFO: [32minput min: 0.0, max: 0.95686274766922[0m
2025-05-31 11:41:36,520 train INFO: [32mtarget min: 0.0, max: 0.9960784316062927[0m
2025-05-31 11:41:36,584 train INFO: [32mprediction min: -0.005268264561891556, max: 0.8651776909828186[0m
2025-05-31 11:41:36,614 train INFO: ################################################################################
2025-05-31 11:41:36,615 train INFO: 12
2025-05-31 11:41:36,623 train INFO: [32minput min: 0.0, max: 0.9960784316062927[0m
2025-05-31 11:41:36,624 train INFO: [32mtarget min: 0.0, max: 0.9960784316062927[0m
2025-05-31 11:41:36,734 train INFO: [32mprediction min: -0.018643099814653397, max: 1.0225324630737305[0m
2025-05-31 11:41:36,871 train INFO: ################################################################################
2025-05-31 11:41:36,872 train INFO: 13
2025-05-31 11:41:36,881 train INFO: [32minput min: 0.0, max: 0.6745098233222961[0m
2025-05-31 11:41:36,881 train INFO: [32mtarget min: 0.0, max: 0.7215686440467834[0m
2025-05-31 11:41:36,940 train INFO: [32mprediction min: -0.005198236554861069, max: 0.62703537940979[0m
2025-05-31 11:41:37,030 train INFO: ################################################################################
2025-05-31 11:41:37,031 train INFO: 14
2025-05-31 11:41:37,039 train INFO: [32minput min: 0.0, max: 0.9960784316062927[0m
2025-05-31 11:41:37,039 train INFO: [32mtarget min: 0.0, max: 0.9960784316062927[0m
2025-05-31 11:41:37,103 train INFO: [32mprediction min: -0.016544554382562637, max: 0.8367133140563965[0m
2025-05-31 11:41:37,135 train INFO: ################################################################################
2025-05-31 11:41:37,135 train INFO: 15
2025-05-31 11:41:37,154 train INFO: [32minput min: 0.0, max: 0.9960784316062927[0m
2025-05-31 11:41:37,155 train INFO: [32mtarget min: 0.0, max: 0.9960784316062927[0m
2025-05-31 11:41:37,220 train INFO: [32mprediction min: -0.008303124457597733, max: 1.0094319581985474[0m
2025-05-31 11:41:37,299 train INFO: ################################################################################
2025-05-31 11:41:37,299 train INFO: 16
2025-05-31 11:41:37,313 train INFO: [32minput min: 0.0, max: 0.9960784316062927[0m
2025-05-31 11:41:37,318 train INFO: [32mtarget min: 0.0, max: 0.9960784316062927[0m
2025-05-31 11:41:37,445 train INFO: [32mprediction min: -0.009382549673318863, max: 1.0174368619918823[0m
2025-05-31 11:41:37,508 train INFO: ################################################################################
2025-05-31 11:41:37,508 train INFO: 17
2025-05-31 11:41:37,525 train INFO: [32minput min: 0.0, max: 0.9960784316062927[0m
2025-05-31 11:41:37,530 train INFO: [32mtarget min: 0.0, max: 0.9960784316062927[0m
2025-05-31 11:41:37,627 train INFO: [32mprediction min: -0.009830262511968613, max: 0.9939772486686707[0m
2025-05-31 11:41:37,680 train INFO: ################################################################################
2025-05-31 11:41:37,680 train INFO: 18
2025-05-31 11:41:37,689 train INFO: [32minput min: 0.0, max: 0.9960784316062927[0m
2025-05-31 11:41:37,690 train INFO: [32mtarget min: 0.0, max: 0.9960784316062927[0m
2025-05-31 11:41:37,753 train INFO: [32mprediction min: -0.01000991091132164, max: 0.9644421935081482[0m
2025-05-31 11:41:37,785 train INFO: ################################################################################
2025-05-31 11:41:37,786 train INFO: 19
2025-05-31 11:41:37,795 train INFO: [32minput min: 0.0, max: 0.9960784316062927[0m
2025-05-31 11:41:37,796 train INFO: [32mtarget min: 0.0, max: 0.9960784316062927[0m
2025-05-31 11:41:37,860 train INFO: [32mprediction min: -0.010594841092824936, max: 1.0259166955947876[0m
2025-05-31 11:41:37,912 train INFO: ################################################################################
2025-05-31 11:41:37,912 train INFO: 20
2025-05-31 11:41:37,913 train INFO: Step [21](val stats)  ssim: 0.7821 (0.7708, 0.8010)  psnr: 23.6804 (24.0093, 23.5012)  MSE: 0.0050 (0.0046, 0.0039)
2025-05-31 11:41:37,925 train INFO: [32minput min: 0.0, max: 0.6823529601097107[0m
2025-05-31 11:41:37,930 train INFO: [32mtarget min: 0.0, max: 0.7176470756530762[0m
2025-05-31 11:41:38,066 train INFO: [32mprediction min: -0.009298469871282578, max: 0.45058706402778625[0m
2025-05-31 11:41:38,147 train INFO: ################################################################################
2025-05-31 11:41:38,148 train INFO: 21
2025-05-31 11:41:38,162 train INFO: [32minput min: 0.0, max: 0.9960784316062927[0m
2025-05-31 11:41:38,162 train INFO: [32mtarget min: 0.0, max: 0.9960784316062927[0m
2025-05-31 11:41:38,227 train INFO: [32mprediction min: -0.011243853718042374, max: 0.9643440842628479[0m
2025-05-31 11:41:38,314 train INFO: ################################################################################
2025-05-31 11:41:38,314 train INFO: 22
2025-05-31 11:41:38,323 train INFO: [32minput min: 0.0, max: 0.9960784316062927[0m
2025-05-31 11:41:38,324 train INFO: [32mtarget min: 0.0, max: 0.9607843160629272[0m
2025-05-31 11:41:38,387 train INFO: [32mprediction min: -0.01222042366862297, max: 0.8667281270027161[0m
2025-05-31 11:41:38,419 train INFO: ################################################################################
2025-05-31 11:41:38,419 train INFO: 23
2025-05-31 11:41:38,429 train INFO: [32minput min: 0.0, max: 0.9960784316062927[0m
2025-05-31 11:41:38,430 train INFO: [32mtarget min: 0.0, max: 0.9960784316062927[0m
2025-05-31 11:41:38,497 train INFO: [32mprediction min: -0.0122600756585598, max: 0.9728339910507202[0m
2025-05-31 11:41:38,528 train INFO: ################################################################################
2025-05-31 11:41:38,528 train INFO: 24
2025-05-31 11:41:38,543 train INFO: [32minput min: 0.0, max: 0.9960784316062927[0m
2025-05-31 11:41:38,548 train INFO: [32mtarget min: 0.0, max: 0.9960784316062927[0m
2025-05-31 11:41:38,676 train INFO: [32mprediction min: -0.009089890867471695, max: 0.9390532374382019[0m
2025-05-31 11:41:38,780 train INFO: ################################################################################
2025-05-31 11:41:38,780 train INFO: 25
2025-05-31 11:41:38,805 train INFO: [32minput min: 0.0, max: 0.9960784316062927[0m
2025-05-31 11:41:38,806 train INFO: [32mtarget min: 0.0, max: 0.9960784316062927[0m
2025-05-31 11:41:38,904 train INFO: [32mprediction min: -0.010827455669641495, max: 1.041580319404602[0m
2025-05-31 11:41:38,983 train INFO: ################################################################################
2025-05-31 11:41:38,983 train INFO: 26
2025-05-31 11:41:38,998 train INFO: [32minput min: 0.0, max: 0.9960784316062927[0m
2025-05-31 11:41:38,999 train INFO: [32mtarget min: 0.0, max: 0.9960784316062927[0m
2025-05-31 11:41:39,065 train INFO: [32mprediction min: -0.006040792912244797, max: 1.0278167724609375[0m
2025-05-31 11:41:39,113 train INFO: ################################################################################
2025-05-31 11:41:39,113 train INFO: 27
2025-05-31 11:41:39,130 train INFO: [32minput min: 0.0, max: 0.9960784316062927[0m
2025-05-31 11:41:39,130 train INFO: [32mtarget min: 0.0, max: 0.9960784316062927[0m
2025-05-31 11:41:39,199 train INFO: [32mprediction min: -0.011483531445264816, max: 1.0195297002792358[0m
2025-05-31 11:41:39,262 train INFO: ################################################################################
2025-05-31 11:41:39,262 train INFO: 28
2025-05-31 11:41:39,277 train INFO: [32minput min: 0.0, max: 0.9960784316062927[0m
2025-05-31 11:41:39,282 train INFO: [32mtarget min: 0.0, max: 0.9960784316062927[0m
2025-05-31 11:41:39,412 train INFO: [32mprediction min: -0.008815798908472061, max: 1.0540043115615845[0m
2025-05-31 11:41:39,505 train INFO: ################################################################################
2025-05-31 11:41:39,505 train INFO: 29
2025-05-31 11:41:39,520 train INFO: [32minput min: 0.0, max: 0.9960784316062927[0m
2025-05-31 11:41:39,520 train INFO: [32mtarget min: 0.0, max: 0.9960784316062927[0m
2025-05-31 11:41:39,584 train INFO: [32mprediction min: -0.009567160159349442, max: 1.014308214187622[0m
2025-05-31 11:41:39,641 train INFO: ################################################################################
2025-05-31 11:41:39,641 train INFO: 30
2025-05-31 11:41:39,641 train INFO: Step [31](val stats)  ssim: 0.7842 (0.7778, 0.7143)  psnr: 23.6804 (24.2392, 21.9365)  MSE: 0.0050 (0.0046, 0.0083)
2025-05-31 11:41:39,662 train INFO: [32minput min: 0.0, max: 0.9960784316062927[0m
2025-05-31 11:41:39,667 train INFO: [32mtarget min: 0.0, max: 0.9882352948188782[0m
2025-05-31 11:41:39,737 train INFO: [32mprediction min: -0.01088758185505867, max: 0.8823937177658081[0m
2025-05-31 11:41:39,768 train INFO: ################################################################################
2025-05-31 11:41:39,768 train INFO: 31
2025-05-31 11:41:39,777 train INFO: [32minput min: 0.0, max: 0.9960784316062927[0m
2025-05-31 11:41:39,778 train INFO: [32mtarget min: 0.0, max: 0.9960784316062927[0m
2025-05-31 11:41:39,842 train INFO: [32mprediction min: -0.010109435766935349, max: 0.9813835620880127[0m
2025-05-31 11:41:39,874 train INFO: ################################################################################
2025-05-31 11:41:39,874 train INFO: 32
2025-05-31 11:41:39,883 train INFO: [32minput min: 0.0, max: 0.6705882549285889[0m
2025-05-31 11:41:39,884 train INFO: [32mtarget min: 0.0, max: 0.6627451181411743[0m
2025-05-31 11:41:39,961 train INFO: [32mprediction min: -0.011014256626367569, max: 0.4403834044933319[0m
2025-05-31 11:41:40,129 train INFO: ################################################################################
2025-05-31 11:41:40,129 train INFO: 33
2025-05-31 11:41:40,149 train INFO: [32minput min: 0.0, max: 0.9960784316062927[0m
2025-05-31 11:41:40,149 train INFO: [32mtarget min: 0.0, max: 0.9960784316062927[0m
2025-05-31 11:41:40,210 train INFO: [32mprediction min: -0.013762850314378738, max: 0.9875000715255737[0m
2025-05-31 11:41:40,288 train INFO: ################################################################################
2025-05-31 11:41:40,288 train INFO: 34
2025-05-31 11:41:40,301 train INFO: [32minput min: 0.0, max: 0.9960784316062927[0m
2025-05-31 11:41:40,301 train INFO: [32mtarget min: 0.0, max: 0.9960784316062927[0m
2025-05-31 11:41:40,375 train INFO: [32mprediction min: -0.009438183158636093, max: 0.9072201251983643[0m
2025-05-31 11:41:40,407 train INFO: ################################################################################
2025-05-31 11:41:40,407 train INFO: 35
2025-05-31 11:41:40,416 train INFO: [32minput min: 0.0, max: 0.9960784316062927[0m
2025-05-31 11:41:40,417 train INFO: [32mtarget min: 0.0, max: 0.9960784316062927[0m
2025-05-31 11:41:40,481 train INFO: [32mprediction min: -0.004717033356428146, max: 1.0028705596923828[0m
2025-05-31 11:41:40,512 train INFO: ################################################################################
2025-05-31 11:41:40,512 train INFO: 36
2025-05-31 11:41:40,521 train INFO: [32minput min: 0.0, max: 0.9960784316062927[0m
2025-05-31 11:41:40,522 train INFO: [32mtarget min: 0.0, max: 0.9960784316062927[0m
2025-05-31 11:41:40,632 train INFO: [32mprediction min: -0.00869261845946312, max: 1.0189902782440186[0m
2025-05-31 11:41:40,775 train INFO: ################################################################################
2025-05-31 11:41:40,775 train INFO: 37
2025-05-31 11:41:40,786 train INFO: [32minput min: 0.0, max: 0.9960784316062927[0m
2025-05-31 11:41:40,786 train INFO: [32mtarget min: 0.0, max: 0.9960784316062927[0m
2025-05-31 11:41:40,845 train INFO: [32mprediction min: -0.013573829084634781, max: 0.9689302444458008[0m
2025-05-31 11:41:40,914 train INFO: ################################################################################
2025-05-31 11:41:40,914 train INFO: 38
2025-05-31 11:41:40,928 train INFO: [32minput min: 0.0, max: 0.9960784316062927[0m
2025-05-31 11:41:40,932 train INFO: [32mtarget min: 0.0, max: 0.9803921580314636[0m
2025-05-31 11:41:41,000 train INFO: [32mprediction min: -0.013273227959871292, max: 1.0149627923965454[0m
2025-05-31 11:41:41,032 train INFO: ################################################################################
2025-05-31 11:41:41,032 train INFO: 39
2025-05-31 11:41:41,042 train INFO: [32minput min: 0.0, max: 0.9960784316062927[0m
2025-05-31 11:41:41,042 train INFO: [32mtarget min: 0.0, max: 0.9960784316062927[0m
2025-05-31 11:41:41,107 train INFO: [32mprediction min: -0.009727302938699722, max: 1.0248502492904663[0m
2025-05-31 11:41:41,139 train INFO: ################################################################################
2025-05-31 11:41:41,139 train INFO: 40
2025-05-31 11:41:41,139 train INFO: Step [41](val stats)  ssim: 0.7803 (0.7747, 0.8568)  psnr: 23.6804 (24.3284, 31.7704)  MSE: 0.0050 (0.0048, 0.0048)
2025-05-31 11:41:41,149 train INFO: [32minput min: 0.0, max: 0.9960784316062927[0m
2025-05-31 11:41:41,149 train INFO: [32mtarget min: 0.0, max: 0.9960784316062927[0m
2025-05-31 11:41:41,251 train INFO: [32mprediction min: -0.010560829192399979, max: 1.0017554759979248[0m
2025-05-31 11:41:41,402 train INFO: ################################################################################
2025-05-31 11:41:41,402 train INFO: 41
2025-05-31 11:41:41,412 train INFO: [32minput min: 0.0, max: 0.9960784316062927[0m
2025-05-31 11:41:41,412 train INFO: [32mtarget min: 0.0, max: 0.9960784316062927[0m
2025-05-31 11:41:41,471 train INFO: [32mprediction min: -0.009706545621156693, max: 0.9300218224525452[0m
2025-05-31 11:41:41,557 train INFO: ################################################################################
2025-05-31 11:41:41,557 train INFO: 42
2025-05-31 11:41:41,567 train INFO: [32minput min: 0.0, max: 0.9960784316062927[0m
2025-05-31 11:41:41,567 train INFO: [32mtarget min: 0.0, max: 0.9960784316062927[0m
2025-05-31 11:41:41,631 train INFO: [32mprediction min: -0.005566064268350601, max: 0.9961514472961426[0m
2025-05-31 11:41:41,663 train INFO: ################################################################################
2025-05-31 11:41:41,663 train INFO: 43
2025-05-31 11:41:41,681 train INFO: [32minput min: 0.0, max: 0.9960784316062927[0m
2025-05-31 11:41:41,682 train INFO: [32mtarget min: 0.0, max: 0.9960784316062927[0m
2025-05-31 11:41:41,747 train INFO: [32mprediction min: -0.012395065277814865, max: 0.9419444799423218[0m
2025-05-31 11:41:41,778 train INFO: ################################################################################
2025-05-31 11:41:41,778 train INFO: 44
2025-05-31 11:41:41,791 train INFO: [32minput min: 0.0, max: 0.5882353186607361[0m
2025-05-31 11:41:41,796 train INFO: [32mtarget min: 0.0, max: 0.615686297416687[0m
2025-05-31 11:41:41,925 train INFO: [32mprediction min: -0.006074625998735428, max: 0.35815104842185974[0m
2025-05-31 11:41:42,036 train INFO: ################################################################################
2025-05-31 11:41:42,036 train INFO: 45
2025-05-31 11:41:42,056 train INFO: [32minput min: 0.0, max: 0.9960784316062927[0m
2025-05-31 11:41:42,056 train INFO: [32mtarget min: 0.0, max: 0.9960784316062927[0m
2025-05-31 11:41:42,120 train INFO: [32mprediction min: -0.010525975376367569, max: 0.9502477645874023[0m
2025-05-31 11:41:42,210 train INFO: ################################################################################
2025-05-31 11:41:42,210 train INFO: 46
2025-05-31 11:41:42,229 train INFO: [32minput min: 0.0, max: 0.9960784316062927[0m
2025-05-31 11:41:42,229 train INFO: [32mtarget min: 0.0, max: 0.9960784316062927[0m
2025-05-31 11:41:42,293 train INFO: [32mprediction min: -0.006355736404657364, max: 0.9592599868774414[0m
2025-05-31 11:41:42,325 train INFO: ################################################################################
2025-05-31 11:41:42,325 train INFO: 47
2025-05-31 11:41:42,335 train INFO: [32minput min: 0.0, max: 0.9960784316062927[0m
2025-05-31 11:41:42,336 train INFO: [32mtarget min: 0.0, max: 0.9960784316062927[0m
2025-05-31 11:41:42,400 train INFO: [32mprediction min: -0.012202117592096329, max: 1.044505000114441[0m
2025-05-31 11:41:42,483 train INFO: ################################################################################
2025-05-31 11:41:42,483 train INFO: 48
2025-05-31 11:41:42,507 train INFO: [32minput min: 0.0, max: 0.9960784316062927[0m
2025-05-31 11:41:42,512 train INFO: [32mtarget min: 0.0, max: 0.9960784316062927[0m
2025-05-31 11:41:42,639 train INFO: [32mprediction min: -0.00972164049744606, max: 1.0528829097747803[0m
2025-05-31 11:41:42,681 train INFO: ################################################################################
2025-05-31 11:41:42,681 train INFO: 49
2025-05-31 11:41:42,692 train INFO: [32minput min: 0.0, max: 0.9960784316062927[0m
2025-05-31 11:41:42,695 train INFO: [32mtarget min: 0.0, max: 0.8352941274642944[0m
2025-05-31 11:41:42,802 train INFO: [32mprediction min: -0.011094015091657639, max: 0.742652416229248[0m
2025-05-31 11:41:42,855 train INFO: ################################################################################
2025-05-31 11:41:42,855 train INFO: 50
2025-05-31 11:41:42,856 train INFO: Step [51](val stats)  ssim: 0.7842 (0.7820, 0.7281)  psnr: 23.7595 (24.8240, 24.5460)  MSE: 0.0048 (0.0046, 0.0044)
2025-05-31 11:41:42,865 train INFO: [32minput min: 0.0, max: 0.9960784316062927[0m
2025-05-31 11:41:42,865 train INFO: [32mtarget min: 0.0, max: 0.9960784316062927[0m
