2025-04-06 11:03:09,685 - root - INFO - --------------- Versions ---------------
2025-04-06 11:03:09,687 - root - INFO - git branch: b'* master'
2025-04-06 11:03:09,688 - root - INFO - git hash: b'93360c1720a9f97aabf970689f21c9fad8737788'
2025-04-06 11:03:09,688 - root - INFO - Torch: 2.6.0+cu124
2025-04-06 11:03:09,688 - root - INFO - ----------------------------------------
2025-04-06 11:03:09,688 - root - INFO - ------------------ Configuration ------------------
2025-04-06 11:03:09,688 - root - INFO - Configuration file: /home/vatsal/Documents/Quest_Lab/NWM(Neural_Weather_Models)/FourcastNet/FourCastNet/config/AFNO.yaml
2025-04-06 11:03:09,688 - root - INFO - Configuration name: afno_backbone
2025-04-06 11:03:09,688 - root - INFO - log_to_wandb True
2025-04-06 11:03:09,688 - root - INFO - lr 0.0005
2025-04-06 11:03:09,688 - root - INFO - batch_size 64
2025-04-06 11:03:09,688 - root - INFO - max_epochs 150
2025-04-06 11:03:09,688 - root - INFO - scheduler CosineAnnealingLR
2025-04-06 11:03:09,688 - root - INFO - in_channels [0, 1, 2, 3, 4, 5, 6, 7, 8, 9, 10, 11, 12, 13, 14, 15, 16, 17, 18, 19]
2025-04-06 11:03:09,688 - root - INFO - out_channels [0, 1, 2, 3, 4, 5, 6, 7, 8, 9, 10, 11, 12, 13, 14, 15, 16, 17, 18, 19]
2025-04-06 11:03:09,688 - root - INFO - orography False
2025-04-06 11:03:09,688 - root - INFO - orography_path None
2025-04-06 11:03:09,688 - root - INFO - exp_dir /pscratch/sd/s/shas1693/results/era5_wind
2025-04-06 11:03:09,688 - root - INFO - train_data_path /pscratch/sd/s/shas1693/data/era5/train
2025-04-06 11:03:09,688 - root - INFO - valid_data_path /pscratch/sd/s/shas1693/data/era5/test
2025-04-06 11:03:09,688 - root - INFO - inf_data_path /home/vatsal/Desktop/Supreme/Fourcastnet_outofsample/2018.h5
2025-04-06 11:03:09,688 - root - INFO - time_means_path /home/vatsal/Documents/Quest_Lab/NWM(Neural_Weather_Models)/FourcastNet/stats_v0/time_means.npy
2025-04-06 11:03:09,688 - root - INFO - global_means_path /home/vatsal/Documents/Quest_Lab/NWM(Neural_Weather_Models)/FourcastNet/stats_v0/global_means.npy
2025-04-06 11:03:09,689 - root - INFO - global_stds_path /home/vatsal/Documents/Quest_Lab/NWM(Neural_Weather_Models)/FourcastNet/stats_v0/global_stds.npy
2025-04-06 11:03:09,689 - root - INFO - loss l2
2025-04-06 11:03:09,689 - root - INFO - num_data_workers 4
2025-04-06 11:03:09,689 - root - INFO - dt 1
2025-04-06 11:03:09,689 - root - INFO - n_history 0
2025-04-06 11:03:09,689 - root - INFO - prediction_type iterative
2025-04-06 11:03:09,689 - root - INFO - prediction_length 41
2025-04-06 11:03:09,689 - root - INFO - n_initial_conditions 5
2025-04-06 11:03:09,689 - root - INFO - ics_type default
2025-04-06 11:03:09,689 - root - INFO - save_raw_forecasts True
2025-04-06 11:03:09,689 - root - INFO - save_channel False
2025-04-06 11:03:09,689 - root - INFO - masked_acc False
2025-04-06 11:03:09,689 - root - INFO - maskpath None
2025-04-06 11:03:09,689 - root - INFO - perturb False
2025-04-06 11:03:09,689 - root - INFO - add_grid False
2025-04-06 11:03:09,689 - root - INFO - N_grid_channels 0
2025-04-06 11:03:09,689 - root - INFO - gridtype sinusoidal
2025-04-06 11:03:09,689 - root - INFO - roll False
2025-04-06 11:03:09,689 - root - INFO - num_blocks 8
2025-04-06 11:03:09,689 - root - INFO - nettype afno
2025-04-06 11:03:09,689 - root - INFO - patch_size 8
2025-04-06 11:03:09,689 - root - INFO - width 56
2025-04-06 11:03:09,689 - root - INFO - modes 32
2025-04-06 11:03:09,689 - root - INFO - target default
2025-04-06 11:03:09,689 - root - INFO - normalization zscore
2025-04-06 11:03:09,689 - root - INFO - log_to_screen True
2025-04-06 11:03:09,689 - root - INFO - save_checkpoint True
2025-04-06 11:03:09,689 - root - INFO - enable_nhwc False
2025-04-06 11:03:09,689 - root - INFO - optimizer_type FusedAdam
2025-04-06 11:03:09,689 - root - INFO - crop_size_x None
2025-04-06 11:03:09,689 - root - INFO - crop_size_y None
2025-04-06 11:03:09,689 - root - INFO - two_step_training False
2025-04-06 11:03:09,689 - root - INFO - plot_animations False
2025-04-06 11:03:09,689 - root - INFO - add_noise False
2025-04-06 11:03:09,689 - root - INFO - noise_std 0
2025-04-06 11:03:09,689 - root - INFO - world_size 1
2025-04-06 11:03:09,689 - root - INFO - interp 0
2025-04-06 11:03:09,689 - root - INFO - use_daily_climatology False
2025-04-06 11:03:09,689 - root - INFO - global_batch_size 64
2025-04-06 11:03:09,689 - root - INFO - experiment_dir /home/vatsal/Documents/Quest_Lab/NWM(Neural_Weather_Models)/FourcastNet/FourCastNet/output/scratch/directory/ \
2025-04-06 11:03:09,689 - root - INFO - best_checkpoint_path /home/vatsal/Documents/Quest_Lab/NWM(Neural_Weather_Models)/FourcastNet/FourCastNet/weights/backbone.ckpt
2025-04-06 11:03:09,690 - root - INFO - resuming False
2025-04-06 11:03:09,690 - root - INFO - local_rank 0
2025-04-06 11:03:09,690 - root - INFO - ---------------------------------------------------
2025-04-06 11:03:09,690 - root - INFO - Inference for 36 initial conditions
2025-04-06 11:09:38,377 - root - INFO - --------------- Versions ---------------
2025-04-06 11:09:38,378 - root - INFO - git branch: b'* master'
2025-04-06 11:09:38,379 - root - INFO - git hash: b'93360c1720a9f97aabf970689f21c9fad8737788'
2025-04-06 11:09:38,380 - root - INFO - Torch: 2.6.0+cu124
2025-04-06 11:09:38,380 - root - INFO - ----------------------------------------
2025-04-06 11:09:38,380 - root - INFO - ------------------ Configuration ------------------
2025-04-06 11:09:38,380 - root - INFO - Configuration file: /home/vatsal/Documents/Quest_Lab/NWM(Neural_Weather_Models)/FourcastNet/FourCastNet/config/AFNO.yaml
2025-04-06 11:09:38,380 - root - INFO - Configuration name: precip
2025-04-06 11:09:38,380 - root - INFO - in_channels [0, 1, 2, 3, 4, 5, 6, 7, 8, 9, 10, 11, 12, 13, 14, 15, 16, 17, 18, 19]
2025-04-06 11:09:38,380 - root - INFO - out_channels [0]
2025-04-06 11:09:38,380 - root - INFO - nettype afno
2025-04-06 11:09:38,380 - root - INFO - nettype_wind afno
2025-04-06 11:09:38,380 - root - INFO - log_to_wandb True
2025-04-06 11:09:38,380 - root - INFO - lr 0.00025
2025-04-06 11:09:38,380 - root - INFO - batch_size 64
2025-04-06 11:09:38,380 - root - INFO - max_epochs 25
2025-04-06 11:09:38,380 - root - INFO - precip /pscratch/sd/p/pharring/ERA5/precip/total_precipitation
2025-04-06 11:09:38,380 - root - INFO - time_means_path_tp /pscratch/sd/p/pharring/ERA5/precip/total_precipitation/time_means.npy
2025-04-06 11:09:38,380 - root - INFO - model_wind_path /pscratch/sd/s/shas1693/results/era5_wind/afno_backbone_finetune/0/training_checkpoints/best_ckpt.tar
2025-04-06 11:09:38,380 - root - INFO - precip_eps 1e-05
2025-04-06 11:09:38,380 - root - INFO - scheduler CosineAnnealingLR
2025-04-06 11:09:38,380 - root - INFO - orography False
2025-04-06 11:09:38,380 - root - INFO - orography_path None
2025-04-06 11:09:38,380 - root - INFO - exp_dir /pscratch/sd/s/shas1693/results/era5_wind
2025-04-06 11:09:38,380 - root - INFO - train_data_path /pscratch/sd/s/shas1693/data/era5/train
2025-04-06 11:09:38,380 - root - INFO - valid_data_path /pscratch/sd/s/shas1693/data/era5/test
2025-04-06 11:09:38,380 - root - INFO - inf_data_path /home/vatsal/Desktop/Supreme/Fourcastnet_outofsample/2018.h5
2025-04-06 11:09:38,380 - root - INFO - time_means_path /home/vatsal/Documents/Quest_Lab/NWM(Neural_Weather_Models)/FourcastNet/stats_v0/precp/time_means.npy
2025-04-06 11:09:38,380 - root - INFO - global_means_path /home/vatsal/Documents/Quest_Lab/NWM(Neural_Weather_Models)/FourcastNet/stats_v0/global_means.npy
2025-04-06 11:09:38,380 - root - INFO - global_stds_path /home/vatsal/Documents/Quest_Lab/NWM(Neural_Weather_Models)/FourcastNet/stats_v0/global_stds.npy
2025-04-06 11:09:38,380 - root - INFO - loss l2
2025-04-06 11:09:38,380 - root - INFO - num_data_workers 4
2025-04-06 11:09:38,380 - root - INFO - dt 1
2025-04-06 11:09:38,380 - root - INFO - n_history 0
2025-04-06 11:09:38,380 - root - INFO - prediction_type iterative
2025-04-06 11:09:38,381 - root - INFO - prediction_length 41
2025-04-06 11:09:38,381 - root - INFO - n_initial_conditions 5
2025-04-06 11:09:38,381 - root - INFO - ics_type default
2025-04-06 11:09:38,381 - root - INFO - save_raw_forecasts True
2025-04-06 11:09:38,381 - root - INFO - save_channel False
2025-04-06 11:09:38,381 - root - INFO - masked_acc False
2025-04-06 11:09:38,381 - root - INFO - maskpath None
2025-04-06 11:09:38,381 - root - INFO - perturb False
2025-04-06 11:09:38,381 - root - INFO - add_grid False
2025-04-06 11:09:38,381 - root - INFO - N_grid_channels 0
2025-04-06 11:09:38,381 - root - INFO - gridtype sinusoidal
2025-04-06 11:09:38,381 - root - INFO - roll False
2025-04-06 11:09:38,381 - root - INFO - num_blocks 8
2025-04-06 11:09:38,381 - root - INFO - patch_size 8
2025-04-06 11:09:38,381 - root - INFO - width 56
2025-04-06 11:09:38,381 - root - INFO - modes 32
2025-04-06 11:09:38,381 - root - INFO - target default
2025-04-06 11:09:38,381 - root - INFO - normalization zscore
2025-04-06 11:09:38,381 - root - INFO - log_to_screen True
2025-04-06 11:09:38,381 - root - INFO - save_checkpoint True
2025-04-06 11:09:38,381 - root - INFO - enable_nhwc False
2025-04-06 11:09:38,381 - root - INFO - optimizer_type FusedAdam
2025-04-06 11:09:38,381 - root - INFO - crop_size_x None
2025-04-06 11:09:38,381 - root - INFO - crop_size_y None
2025-04-06 11:09:38,381 - root - INFO - two_step_training False
2025-04-06 11:09:38,381 - root - INFO - plot_animations False
2025-04-06 11:09:38,381 - root - INFO - add_noise False
2025-04-06 11:09:38,381 - root - INFO - noise_std 0
2025-04-06 11:09:38,381 - root - INFO - world_size 1
2025-04-06 11:09:38,381 - root - INFO - global_batch_size 64
2025-04-06 11:09:38,381 - root - INFO - experiment_dir /home/vatsal/Documents/Quest_Lab/NWM(Neural_Weather_Models)/FourcastNet/FourCastNet/output/scratch/directory/ \
2025-04-06 11:09:38,381 - root - INFO - best_checkpoint_path /home/vatsal/Documents/Quest_Lab/NWM(Neural_Weather_Models)/FourcastNet/FourCastNet/weights/precip.ckpt
2025-04-06 11:09:38,381 - root - INFO - resuming False
2025-04-06 11:09:38,381 - root - INFO - local_rank 0
2025-04-06 11:09:38,381 - root - INFO - ---------------------------------------------------
2025-04-06 11:09:38,381 - root - INFO - Inference for 178 initial conditions
2025-04-06 11:13:39,919 - root - INFO - --------------- Versions ---------------
2025-04-06 11:13:39,922 - root - INFO - git branch: b'* master'
2025-04-06 11:13:39,923 - root - INFO - git hash: b'93360c1720a9f97aabf970689f21c9fad8737788'
2025-04-06 11:13:39,924 - root - INFO - Torch: 2.6.0+cu124
2025-04-06 11:13:39,924 - root - INFO - ----------------------------------------
2025-04-06 11:13:39,924 - root - INFO - ------------------ Configuration ------------------
2025-04-06 11:13:39,924 - root - INFO - Configuration file: /home/vatsal/Documents/Quest_Lab/NWM(Neural_Weather_Models)/FourcastNet/FourCastNet/config/AFNO.yaml
2025-04-06 11:13:39,924 - root - INFO - Configuration name: precip
2025-04-06 11:13:39,924 - root - INFO - in_channels [0, 1, 2, 3, 4, 5, 6, 7, 8, 9, 10, 11, 12, 13, 14, 15, 16, 17, 18, 19]
2025-04-06 11:13:39,924 - root - INFO - out_channels [0]
2025-04-06 11:13:39,924 - root - INFO - nettype afno
2025-04-06 11:13:39,924 - root - INFO - nettype_wind afno
2025-04-06 11:13:39,924 - root - INFO - log_to_wandb True
2025-04-06 11:13:39,924 - root - INFO - lr 0.00025
2025-04-06 11:13:39,924 - root - INFO - batch_size 64
2025-04-06 11:13:39,924 - root - INFO - max_epochs 25
2025-04-06 11:13:39,924 - root - INFO - precip /pscratch/sd/p/pharring/ERA5/precip/total_precipitation
2025-04-06 11:13:39,924 - root - INFO - time_means_path_tp /pscratch/sd/p/pharring/ERA5/precip/total_precipitation/time_means.npy
2025-04-06 11:13:39,924 - root - INFO - model_wind_path /pscratch/sd/s/shas1693/results/era5_wind/afno_backbone_finetune/0/training_checkpoints/best_ckpt.tar
2025-04-06 11:13:39,924 - root - INFO - precip_eps 1e-05
2025-04-06 11:13:39,924 - root - INFO - scheduler CosineAnnealingLR
2025-04-06 11:13:39,924 - root - INFO - orography False
2025-04-06 11:13:39,924 - root - INFO - orography_path None
2025-04-06 11:13:39,924 - root - INFO - exp_dir /pscratch/sd/s/shas1693/results/era5_wind
2025-04-06 11:13:39,924 - root - INFO - train_data_path /pscratch/sd/s/shas1693/data/era5/train
2025-04-06 11:13:39,924 - root - INFO - valid_data_path /pscratch/sd/s/shas1693/data/era5/test
2025-04-06 11:13:39,924 - root - INFO - inf_data_path /home/vatsal/Desktop/Supreme/Fourcastnet_outofsample/2018.h5
2025-04-06 11:13:39,924 - root - INFO - time_means_path /home/vatsal/Documents/Quest_Lab/NWM(Neural_Weather_Models)/FourcastNet/stats_v0/precp/time_means.npy
2025-04-06 11:13:39,924 - root - INFO - global_means_path /home/vatsal/Documents/Quest_Lab/NWM(Neural_Weather_Models)/FourcastNet/stats_v0/global_means.npy
2025-04-06 11:13:39,924 - root - INFO - global_stds_path /home/vatsal/Documents/Quest_Lab/NWM(Neural_Weather_Models)/FourcastNet/stats_v0/global_stds.npy
2025-04-06 11:13:39,925 - root - INFO - loss l2
2025-04-06 11:13:39,925 - root - INFO - num_data_workers 4
2025-04-06 11:13:39,925 - root - INFO - dt 1
2025-04-06 11:13:39,925 - root - INFO - n_history 0
2025-04-06 11:13:39,925 - root - INFO - prediction_type iterative
2025-04-06 11:13:39,925 - root - INFO - prediction_length 41
2025-04-06 11:13:39,925 - root - INFO - n_initial_conditions 5
2025-04-06 11:13:39,925 - root - INFO - ics_type default
2025-04-06 11:13:39,925 - root - INFO - save_raw_forecasts True
2025-04-06 11:13:39,925 - root - INFO - save_channel False
2025-04-06 11:13:39,925 - root - INFO - masked_acc False
2025-04-06 11:13:39,925 - root - INFO - maskpath None
2025-04-06 11:13:39,925 - root - INFO - perturb False
2025-04-06 11:13:39,925 - root - INFO - add_grid False
2025-04-06 11:13:39,925 - root - INFO - N_grid_channels 0
2025-04-06 11:13:39,925 - root - INFO - gridtype sinusoidal
2025-04-06 11:13:39,925 - root - INFO - roll False
2025-04-06 11:13:39,925 - root - INFO - num_blocks 8
2025-04-06 11:13:39,925 - root - INFO - patch_size 8
2025-04-06 11:13:39,925 - root - INFO - width 56
2025-04-06 11:13:39,925 - root - INFO - modes 32
2025-04-06 11:13:39,925 - root - INFO - target default
2025-04-06 11:13:39,925 - root - INFO - normalization zscore
2025-04-06 11:13:39,925 - root - INFO - log_to_screen True
2025-04-06 11:13:39,925 - root - INFO - save_checkpoint True
2025-04-06 11:13:39,925 - root - INFO - enable_nhwc False
2025-04-06 11:13:39,925 - root - INFO - optimizer_type FusedAdam
2025-04-06 11:13:39,925 - root - INFO - crop_size_x None
2025-04-06 11:13:39,925 - root - INFO - crop_size_y None
2025-04-06 11:13:39,925 - root - INFO - two_step_training False
2025-04-06 11:13:39,925 - root - INFO - plot_animations False
2025-04-06 11:13:39,925 - root - INFO - add_noise False
2025-04-06 11:13:39,925 - root - INFO - noise_std 0
2025-04-06 11:13:39,925 - root - INFO - world_size 1
2025-04-06 11:13:39,925 - root - INFO - global_batch_size 64
2025-04-06 11:13:39,925 - root - INFO - experiment_dir /home/vatsal/Documents/Quest_Lab/NWM(Neural_Weather_Models)/FourcastNet/FourCastNet/output/scratch/directory/ \
2025-04-06 11:13:39,925 - root - INFO - best_checkpoint_path /home/vatsal/Documents/Quest_Lab/NWM(Neural_Weather_Models)/FourcastNet/FourCastNet/weights/precip.ckpt
2025-04-06 11:13:39,925 - root - INFO - resuming False
2025-04-06 11:13:39,925 - root - INFO - local_rank 0
2025-04-06 11:13:39,925 - root - INFO - ---------------------------------------------------
2025-04-06 11:13:39,926 - root - INFO - Inference for 178 initial conditions
2025-04-06 11:17:06,162 - root - INFO - --------------- Versions ---------------
2025-04-06 11:17:06,163 - root - INFO - git branch: b'* master'
2025-04-06 11:17:06,164 - root - INFO - git hash: b'93360c1720a9f97aabf970689f21c9fad8737788'
2025-04-06 11:17:06,164 - root - INFO - Torch: 2.6.0+cu124
2025-04-06 11:17:06,164 - root - INFO - ----------------------------------------
2025-04-06 11:17:06,164 - root - INFO - ------------------ Configuration ------------------
2025-04-06 11:17:06,164 - root - INFO - Configuration file: /home/vatsal/Documents/Quest_Lab/NWM(Neural_Weather_Models)/FourcastNet/FourCastNet/config/AFNO.yaml
2025-04-06 11:17:06,164 - root - INFO - Configuration name: precip
2025-04-06 11:17:06,165 - root - INFO - in_channels [0, 1, 2, 3, 4, 5, 6, 7, 8, 9, 10, 11, 12, 13, 14, 15
