2025-05-31 19:10:22,146 train INFO: Building config ...
2025-05-31 19:10:22,146 train INFO: Building dataloaders ...
2025-05-31 19:10:22,146 train INFO: Valid dataloaders build complete
2025-05-31 19:10:23,226 train INFO: Building models ...
2025-05-31 19:10:27,561 train INFO: finetune checkpoint path not exist
2025-05-31 19:10:27,589 train INFO: ####### noise scale: 1.0 ##########
2025-05-31 19:10:27,677 train INFO: last epoch:11.0, metric best:0.003162863486452384
2025-05-31 19:10:27,998 train INFO: [32mload autoencoder_kl model from ckpts/autoencoder/ckpt.pth[0m
2025-05-31 19:10:27,998 train INFO: last epoch:22.94065054028852, metric best:8.824201591018594e-05
2025-05-31 19:10:28,008 train INFO: ####### USE SCALE_FACTOR: 1.0 ##########
2025-05-31 19:10:28,038 train INFO: last epoch:11.0, metric best:0.003162863486452384
2025-05-31 19:10:29,264 train INFO: [32mload autoencoder_kl model from /home/vatsal/NWM/CasCast/experiments/cascast_diffusion/world_size1-ckpt/checkpoint_best.pth[0m
2025-05-31 19:10:29,373 train INFO: [32mload casformer model from /home/vatsal/NWM/CasCast/experiments/cascast_diffusion/world_size1-ckpt/checkpoint_best.pth[0m
2025-05-31 19:10:29,373 train INFO: last epoch:90.52551477170994, metric best:0.05239752692443925
2025-05-31 19:10:29,832 train INFO: params casformer: 309246016
2025-05-31 19:10:29,832 train INFO: params autoencoder_kl: 83649253
2025-05-31 19:10:29,832 train INFO: begin training ...
2025-05-31 19:10:39,031 train INFO: ################################################################################
2025-05-31 19:10:39,031 train INFO: 0
2025-05-31 19:10:39,033 train INFO: Step [1](val stats)  ssim: 0.5764 (0.5764, 0.5764)  psnr: 21.6587 (21.6587, 21.6587)  crps: 0.0113 (0.0113, 0.0113)  crps_avg_4: 0.0103 (0.0103, 0.0103)  crps_avg_16: 0.0084 (0.0084, 0.0084)  crps_max_4: 0.0136 (0.0136, 0.0136)  crps_max_16: 0.0197 (0.0197, 0.0197)
2025-05-31 19:10:40,161 train INFO: ################################################################################
2025-05-31 19:10:40,161 train INFO: 1
2025-05-31 19:10:46,495 train INFO: ################################################################################
2025-05-31 19:10:46,495 train INFO: 2
2025-05-31 19:10:47,619 train INFO: ################################################################################
2025-05-31 19:10:47,619 train INFO: 3
2025-05-31 19:10:54,456 train INFO: ################################################################################
2025-05-31 19:10:54,456 train INFO: 4
2025-05-31 19:10:55,579 train INFO: ################################################################################
2025-05-31 19:10:55,579 train INFO: 5
2025-05-31 19:11:01,887 train INFO: ################################################################################
2025-05-31 19:11:01,887 train INFO: 6
2025-05-31 19:11:03,009 train INFO: ################################################################################
2025-05-31 19:11:03,009 train INFO: 7
2025-05-31 19:11:09,290 train INFO: ################################################################################
2025-05-31 19:11:09,291 train INFO: 8
2025-05-31 19:11:10,413 train INFO: ################################################################################
2025-05-31 19:11:10,413 train INFO: 9
2025-05-31 19:11:17,819 train INFO: ################################################################################
2025-05-31 19:11:17,819 train INFO: 10
2025-05-31 19:11:17,819 train INFO: Step [11](val stats)  ssim: 0.6770 (0.7052, 0.6650)  psnr: 21.6587 (22.1597, 20.2969)  crps: 0.0256 (0.0613, 0.0601)  crps_avg_4: 0.0236 (0.0597, 0.0578)  crps_avg_16: 0.0170 (0.0543, 0.0471)  crps_max_4: 0.0303 (0.0646, 0.0625)  crps_max_16: 0.0403 (0.0724, 0.0628)
2025-05-31 19:11:18,947 train INFO: ################################################################################
2025-05-31 19:11:18,947 train INFO: 11
2025-05-31 19:11:25,786 train INFO: ################################################################################
2025-05-31 19:11:25,786 train INFO: 12
2025-05-31 19:11:26,910 train INFO: ################################################################################
2025-05-31 19:11:26,910 train INFO: 13
2025-05-31 19:11:33,498 train INFO: ################################################################################
2025-05-31 19:11:33,498 train INFO: 14
2025-05-31 19:11:34,621 train INFO: ################################################################################
2025-05-31 19:11:34,621 train INFO: 15
2025-05-31 19:11:41,244 train INFO: ################################################################################
2025-05-31 19:11:41,244 train INFO: 16
2025-05-31 19:11:42,369 train INFO: ################################################################################
2025-05-31 19:11:42,369 train INFO: 17
2025-05-31 19:11:49,430 train INFO: ################################################################################
2025-05-31 19:11:49,430 train INFO: 18
2025-05-31 19:11:50,554 train INFO: ################################################################################
2025-05-31 19:11:50,554 train INFO: 19
2025-05-31 19:11:57,568 train INFO: ################################################################################
2025-05-31 19:11:57,568 train INFO: 20
2025-05-31 19:11:57,569 train INFO: Step [21](val stats)  ssim: 0.6770 (0.6626, 0.4537)  psnr: 21.3243 (20.7655, 13.5127)  crps: 0.0354 (0.0873, 0.3910)  crps_avg_4: 0.0337 (0.0857, 0.3890)  crps_avg_16: 0.0266 (0.0801, 0.3823)  crps_max_4: 0.0411 (0.0913, 0.3859)  crps_max_16: 0.0554 (0.1011, 0.3661)
2025-05-31 19:11:58,693 train INFO: ################################################################################
2025-05-31 19:11:58,694 train INFO: 21
2025-05-31 19:12:06,397 train INFO: ################################################################################
2025-05-31 19:12:06,398 train INFO: 22
2025-05-31 19:12:07,523 train INFO: ################################################################################
2025-05-31 19:12:07,523 train INFO: 23
2025-05-31 19:12:14,473 train INFO: ################################################################################
2025-05-31 19:12:14,473 train INFO: 24
2025-05-31 19:12:15,596 train INFO: ################################################################################
2025-05-31 19:12:15,596 train INFO: 25
2025-05-31 19:12:22,775 train INFO: ################################################################################
2025-05-31 19:12:22,775 train INFO: 26
2025-05-31 19:12:23,901 train INFO: ################################################################################
2025-05-31 19:12:23,901 train INFO: 27
2025-05-31 19:12:31,699 train INFO: ################################################################################
2025-05-31 19:12:31,699 train INFO: 28
2025-05-31 19:12:32,832 train INFO: ################################################################################
2025-05-31 19:12:32,832 train INFO: 29
2025-05-31 19:12:39,722 train INFO: ################################################################################
2025-05-31 19:12:39,722 train INFO: 30
2025-05-31 19:12:39,722 train INFO: Step [31](val stats)  ssim: 0.6771 (0.6791, 0.7551)  psnr: 21.3243 (21.4307, 25.7042)  crps: 0.0346 (0.0729, 0.0154)  crps_avg_4: 0.0322 (0.0712, 0.0143)  crps_avg_16: 0.0255 (0.0654, 0.0107)  crps_max_4: 0.0391 (0.0770, 0.0176)  crps_max_16: 0.0513 (0.0864, 0.0236)
2025-05-31 19:12:40,848 train INFO: ################################################################################
2025-05-31 19:12:40,848 train INFO: 31
2025-05-31 19:12:48,783 train INFO: ################################################################################
2025-05-31 19:12:48,783 train INFO: 32
2025-05-31 19:12:49,908 train INFO: ################################################################################
2025-05-31 19:12:49,908 train INFO: 33
2025-05-31 19:12:57,152 train INFO: ################################################################################
2025-05-31 19:12:57,152 train INFO: 34
2025-05-31 19:12:58,277 train INFO: ################################################################################
2025-05-31 19:12:58,277 train INFO: 35
2025-05-31 19:13:06,150 train INFO: ################################################################################
2025-05-31 19:13:06,150 train INFO: 36
2025-05-31 19:13:07,275 train INFO: ################################################################################
2025-05-31 19:13:07,275 train INFO: 37
2025-05-31 19:13:15,308 train INFO: ################################################################################
2025-05-31 19:13:15,308 train INFO: 38
2025-05-31 19:13:16,434 train INFO: ################################################################################
2025-05-31 19:13:16,434 train INFO: 39
2025-05-31 19:13:24,029 train INFO: ################################################################################
2025-05-31 19:13:24,029 train INFO: 40
2025-05-31 19:13:24,030 train INFO: Step [41](val stats)  ssim: 0.6650 (0.6579, 0.5988)  psnr: 20.6251 (20.3626, 20.6801)  crps: 0.0401 (0.0788, 0.0543)  crps_avg_4: 0.0376 (0.0768, 0.0515)  crps_avg_16: 0.0298 (0.0700, 0.0401)  crps_max_4: 0.0458 (0.0830, 0.0602)  crps_max_16: 0.0561 (0.0924, 0.0719)
2025-05-31 19:13:25,152 train INFO: ################################################################################
2025-05-31 19:13:25,153 train INFO: 41
2025-05-31 19:13:31,442 train INFO: ################################################################################
2025-05-31 19:13:31,442 train INFO: 42
2025-05-31 19:13:32,565 train INFO: ################################################################################
2025-05-31 19:13:32,565 train INFO: 43
2025-05-31 19:13:40,106 train INFO: ################################################################################
2025-05-31 19:13:40,106 train INFO: 44
2025-05-31 19:13:41,240 train INFO: ################################################################################
2025-05-31 19:13:41,240 train INFO: 45
2025-05-31 19:13:47,385 train INFO: ################################################################################
2025-05-31 19:13:47,385 train INFO: 46
2025-05-31 19:13:48,509 train INFO: ################################################################################
2025-05-31 19:13:48,509 train INFO: 47
2025-05-31 19:13:55,242 train INFO: ################################################################################
2025-05-31 19:13:55,242 train INFO: 48
2025-05-31 19:13:56,366 train INFO: ################################################################################
2025-05-31 19:13:56,366 train INFO: 49
2025-05-31 19:14:03,924 train INFO: ################################################################################
2025-05-31 19:14:03,924 train INFO: 50
2025-05-31 19:14:03,924 train INFO: Step [51](val stats)  ssim: 0.6770 (0.6708, 0.5690)  psnr: 20.6801 (20.7078, 18.8052)  crps: 0.0401 (0.0699, 0.0634)  crps_avg_4: 0.0376 (0.0681, 0.0605)  crps_avg_16: 0.0289 (0.0614, 0.0498)  crps_max_4: 0.0452 (0.0744, 0.0720)  crps_max_16: 0.0561 (0.0844, 0.0912)
2025-05-31 19:14:05,049 train INFO: ################################################################################
2025-05-31 19:14:05,049 train INFO: 51
2025-05-31 19:14:12,716 train INFO: ################################################################################
2025-05-31 19:14:12,716 train INFO: 52
2025-05-31 19:14:13,841 train INFO: ################################################################################
2025-05-31 19:14:13,842 train INFO: 53
2025-05-31 19:14:20,741 train INFO: ################################################################################
2025-05-31 19:14:20,741 train INFO: 54
2025-05-31 19:14:21,867 train INFO: ################################################################################
2025-05-31 19:14:21,867 train INFO: 55
2025-05-31 19:14:28,886 train INFO: ################################################################################
2025-05-31 19:14:28,886 train INFO: 56
2025-05-31 19:14:30,012 train INFO: ################################################################################
2025-05-31 19:14:30,012 train INFO: 57
2025-05-31 19:14:37,016 train INFO: ################################################################################
2025-05-31 19:14:37,016 train INFO: 58
2025-05-31 19:14:38,140 train INFO: ################################################################################
2025-05-31 19:14:38,140 train INFO: 59
2025-05-31 19:14:45,213 train INFO: ################################################################################
2025-05-31 19:14:45,213 train INFO: 60
2025-05-31 19:14:45,214 train INFO: Step [61](val stats)  ssim: 0.6743 (0.6511, 0.1763)  psnr: 20.5195 (19.9416, 3.3953)  crps: 0.0402 (0.0851, 0.3884)  crps_avg_4: 0.0379 (0.0833, 0.3881)  crps_avg_16: 0.0298 (0.0771, 0.3873)  crps_max_4: 0.0458 (0.0889, 0.4078)  crps_max_16: 0.0579 (0.0974, 0.4489)
2025-05-31 19:14:46,337 train INFO: ################################################################################
2025-05-31 19:14:46,337 train INFO: 61
2025-05-31 19:14:53,792 train INFO: ################################################################################
2025-05-31 19:14:53,792 train INFO: 62
2025-05-31 19:14:54,916 train INFO: ################################################################################
2025-05-31 19:14:54,916 train INFO: 63
2025-05-31 19:15:01,232 train INFO: ################################################################################
2025-05-31 19:15:01,232 train INFO: 64
2025-05-31 19:15:02,360 train INFO: ################################################################################
2025-05-31 19:15:02,360 train INFO: 65
2025-05-31 19:15:09,246 train INFO: ################################################################################
2025-05-31 19:15:09,246 train INFO: 66
2025-05-31 19:15:10,377 train INFO: ################################################################################
2025-05-31 19:15:10,377 train INFO: 67
2025-05-31 19:15:17,468 train INFO: ################################################################################
2025-05-31 19:15:17,468 train INFO: 68
2025-05-31 19:15:18,595 train INFO: ################################################################################
2025-05-31 19:15:18,595 train INFO: 69
2025-05-31 19:15:25,685 train INFO: ################################################################################
2025-05-31 19:15:25,685 train INFO: 70
2025-05-31 19:15:25,685 train INFO: Step [71](val stats)  ssim: 0.6771 (0.6617, 0.7062)  psnr: 20.6801 (20.1057, 22.8113)  crps: 0.0398 (0.0883, 0.0268)  crps_avg_4: 0.0371 (0.0866, 0.0245)  crps_avg_16: 0.0283 (0.0807, 0.0173)  crps_max_4: 0.0445 (0.0917, 0.0338)  crps_max_16: 0.0554 (0.1000, 0.0514)
2025-05-31 19:15:26,819 train INFO: ################################################################################
2025-05-31 19:15:26,819 train INFO: 71
2025-05-31 19:15:32,992 train INFO: ################################################################################
2025-05-31 19:15:32,992 train INFO: 72
2025-05-31 19:15:34,115 train INFO: ################################################################################
2025-05-31 19:15:34,115 train INFO: 73
2025-05-31 19:15:41,043 train INFO: ################################################################################
2025-05-31 19:15:41,043 train INFO: 74
2025-05-31 19:15:42,176 train INFO: ################################################################################
2025-05-31 19:15:42,176 train INFO: 75
2025-05-31 19:15:49,027 train INFO: ################################################################################
2025-05-31 19:15:49,027 train INFO: 76
2025-05-31 19:15:50,155 train INFO: ################################################################################
2025-05-31 19:15:50,155 train INFO: 77
2025-05-31 19:15:57,367 train INFO: ################################################################################
2025-05-31 19:15:57,367 train INFO: 78
2025-05-31 19:15:58,491 train INFO: ################################################################################
2025-05-31 19:15:58,491 train INFO: 79
2025-05-31 19:16:04,645 train INFO: ################################################################################
2025-05-31 19:16:04,645 train INFO: 80
2025-05-31 19:16:04,646 train INFO: Step [81](val stats)  ssim: 0.6894 (0.6789, 0.9536)  psnr: 21.2034 (20.5095, 24.5200)  crps: 0.0354 (0.0796, 0.0006)  crps_avg_4: 0.0337 (0.0780, 0.0006)  crps_avg_16: 0.0266 (0.0723, 0.0005)  crps_max_4: 0.0408 (0.0832, 0.0015)  crps_max_16: 0.0515 (0.0918, 0.0062)
2025-05-31 19:16:05,772 train INFO: ################################################################################
2025-05-31 19:16:05,772 train INFO: 81
2025-05-31 19:16:13,599 train INFO: ################################################################################
2025-05-31 19:16:13,599 train INFO: 82
2025-05-31 19:16:14,722 train INFO: ################################################################################
2025-05-31 19:16:14,722 train INFO: 83
2025-05-31 19:16:21,402 train INFO: ################################################################################
2025-05-31 19:16:21,402 train INFO: 84
2025-05-31 19:16:22,525 train INFO: ################################################################################
2025-05-31 19:16:22,526 train INFO: 85
2025-05-31 19:16:28,927 train INFO: ################################################################################
2025-05-31 19:16:28,928 train INFO: 86
2025-05-31 19:16:30,052 train INFO: ################################################################################
2025-05-31 19:16:30,052 train INFO: 87
2025-05-31 19:16:36,508 train INFO: ################################################################################
2025-05-31 19:16:36,508 train INFO: 88
2025-05-31 19:16:37,635 train INFO: ################################################################################
2025-05-31 19:16:37,635 train INFO: 89
2025-05-31 19:16:44,005 train INFO: ################################################################################
2025-05-31 19:16:44,005 train INFO: 90
2025-05-31 19:16:44,005 train INFO: Step [91](val stats)  ssim: 0.6984 (0.6916, 0.7704)  psnr: 21.3243 (20.9692, 24.5933)  crps: 0.0300 (0.0730, 0.0025)  crps_avg_4: 0.0277 (0.0714, 0.0022)  crps_avg_16: 0.0206 (0.0659, 0.0016)  crps_max_4: 0.0364 (0.0767, 0.0036)  crps_max_16: 0.0513 (0.0857, 0.0084)
2025-05-31 19:16:45,132 train INFO: ################################################################################
2025-05-31 19:16:45,133 train INFO: 91
2025-05-31 19:16:51,824 train INFO: ################################################################################
2025-05-31 19:16:51,824 train INFO: 92
2025-05-31 19:16:52,953 train INFO: ################################################################################
2025-05-31 19:16:52,953 train INFO: 93
2025-05-31 19:17:00,271 train INFO: ################################################################################
2025-05-31 19:17:00,271 train INFO: 94
2025-05-31 19:17:01,398 train INFO: ################################################################################
2025-05-31 19:17:01,398 train INFO: 95
2025-05-31 19:17:08,476 train INFO: ################################################################################
2025-05-31 19:17:08,476 train INFO: 96
2025-05-31 19:17:09,602 train INFO: ################################################################################
2025-05-31 19:17:09,602 train INFO: 97
2025-05-31 19:17:16,903 train INFO: ################################################################################
2025-05-31 19:17:16,903 train INFO: 98
2025-05-31 19:17:18,028 train INFO: ################################################################################
2025-05-31 19:17:18,028 train INFO: 99
2025-05-31 19:17:25,385 train INFO: ################################################################################
2025-05-31 19:17:25,385 train INFO: 100
2025-05-31 19:17:25,386 train INFO: Step [101](val stats)  ssim: 0.6921 (0.6909, 0.6750)  psnr: 21.3243 (20.9905, 19.9721)  crps: 0.0306 (0.0694, 0.0508)  crps_avg_4: 0.0277 (0.0677, 0.0483)  crps_avg_16: 0.0208 (0.0620, 0.0390)  crps_max_4: 0.0368 (0.0733, 0.0626)  crps_max_16: 0.0501 (0.0827, 0.0892)
2025-05-31 19:17:26,513 train INFO: ################################################################################
2025-05-31 19:17:26,513 train INFO: 101
2025-05-31 19:17:34,434 train INFO: ################################################################################
2025-05-31 19:17:34,435 train INFO: 102
2025-05-31 19:17:35,561 train INFO: ################################################################################
2025-05-31 19:17:35,561 train INFO: 103
2025-05-31 19:17:42,421 train INFO: ################################################################################
2025-05-31 19:17:42,421 train INFO: 104
2025-05-31 19:17:43,548 train INFO: ################################################################################
2025-05-31 19:17:43,548 train INFO: 105
2025-05-31 19:17:49,534 train INFO: ################################################################################
2025-05-31 19:17:49,535 train INFO: 106
2025-05-31 19:17:50,659 train INFO: ################################################################################
2025-05-31 19:17:50,659 train INFO: 107
2025-05-31 19:17:58,172 train INFO: ################################################################################
2025-05-31 19:17:58,172 train INFO: 108
2025-05-31 19:17:59,299 train INFO: ################################################################################
2025-05-31 19:17:59,299 train INFO: 109
2025-05-31 19:18:06,200 train INFO: ################################################################################
2025-05-31 19:18:06,200 train INFO: 110
2025-05-31 19:18:06,201 train INFO: Step [111](val stats)  ssim: 0.7006 (0.6877, 0.7576)  psnr: 21.3243 (20.9584, 23.3320)  crps: 0.0308 (0.0691, 0.0259)  crps_avg_4: 0.0287 (0.0675, 0.0247)  crps_avg_16: 0.0224 (0.0617, 0.0197)  crps_max_4: 0.0369 (0.0732, 0.0307)  crps_max_16: 0.0513 (0.0830, 0.0417)
2025-05-31 19:18:07,327 train INFO: ################################################################################
2025-05-31 19:18:07,328 train INFO: 111
2025-05-31 19:18:14,245 train INFO: ################################################################################
2025-05-31 19:18:14,245 train INFO: 112
2025-05-31 19:18:15,370 train INFO: ################################################################################
2025-05-31 19:18:15,370 train INFO: 113
2025-05-31 19:18:21,854 train INFO: ################################################################################
2025-05-31 19:18:21,854 train INFO: 114
2025-05-31 19:18:22,980 train INFO: ################################################################################
2025-05-31 19:18:22,980 train INFO: 115
2025-05-31 19:18:30,960 train INFO: ################################################################################
2025-05-31 19:18:30,961 train INFO: 116
2025-05-31 19:18:32,088 train INFO: ################################################################################
2025-05-31 19:18:32,088 train INFO: 117
2025-05-31 19:18:39,051 train INFO: ################################################################################
2025-05-31 19:18:39,051 train INFO: 118
2025-05-31 19:18:40,176 train INFO: ################################################################################
2025-05-31 19:18:40,176 train INFO: 119
2025-05-31 19:18:46,453 train INFO: ################################################################################
2025-05-31 19:18:46,453 train INFO: 120
2025-05-31 19:18:46,453 train INFO: Step [121](val stats)  ssim: 0.7069 (0.6931, 0.8220)  psnr: 21.5390 (21.0473, 24.4344)  crps: 0.0284 (0.0654, 0.0117)  crps_avg_4: 0.0264 (0.0638, 0.0109)  crps_avg_16: 0.0206 (0.0582, 0.0088)  crps_max_4: 0.0347 (0.0696, 0.0166)  crps_max_16: 0.0494 (0.0799, 0.0306)
2025-05-31 19:18:47,579 train INFO: ################################################################################
2025-05-31 19:18:47,579 train INFO: 121
2025-05-31 19:18:55,082 train INFO: ################################################################################
2025-05-31 19:18:55,082 train INFO: 122
2025-05-31 19:18:56,209 train INFO: ################################################################################
2025-05-31 19:18:56,209 train INFO: 123
2025-05-31 19:19:03,016 train INFO: ################################################################################
2025-05-31 19:19:03,016 train INFO: 124
2025-05-31 19:19:04,142 train INFO: ################################################################################
2025-05-31 19:19:04,142 train INFO: 125
2025-05-31 19:19:10,999 train INFO: ################################################################################
2025-05-31 19:19:11,000 train INFO: 126
2025-05-31 19:19:12,127 train INFO: ################################################################################
2025-05-31 19:19:12,127 train INFO: 127
2025-05-31 19:19:19,494 train INFO: ################################################################################
2025-05-31 19:19:19,494 train INFO: 128
2025-05-31 19:19:20,620 train INFO: ################################################################################
2025-05-31 19:19:20,620 train INFO: 129
2025-05-31 19:19:27,682 train INFO: ################################################################################
2025-05-31 19:19:27,682 train INFO: 130
2025-05-31 19:19:27,683 train INFO: Step [131](val stats)  ssim: 0.7069 (0.6953, 0.6487)  psnr: 21.6717 (21.1456, 20.4335)  crps: 0.0283 (0.0624, 0.0369)  crps_avg_4: 0.0259 (0.0608, 0.0344)  crps_avg_16: 0.0203 (0.0552, 0.0257)  crps_max_4: 0.0341 (0.0667, 0.0408)  crps_max_16: 0.0497 (0.0772, 0.0466)
2025-05-31 19:19:28,807 train INFO: ################################################################################
2025-05-31 19:19:28,807 train INFO: 131
2025-05-31 19:19:36,168 train INFO: ################################################################################
2025-05-31 19:19:36,168 train INFO: 132
2025-05-31 19:19:37,295 train INFO: ################################################################################
2025-05-31 19:19:37,295 train INFO: 133
2025-05-31 19:19:43,577 train INFO: ################################################################################
2025-05-31 19:19:43,577 train INFO: 134
2025-05-31 19:19:44,704 train INFO: ################################################################################
2025-05-31 19:19:44,704 train INFO: 135
2025-05-31 19:19:51,099 train INFO: ################################################################################
2025-05-31 19:19:51,099 train INFO: 136
2025-05-31 19:19:52,223 train INFO: ################################################################################
2025-05-31 19:19:52,223 train INFO: 137
2025-05-31 19:19:59,183 train INFO: ################################################################################
2025-05-31 19:19:59,183 train INFO: 138
2025-05-31 19:20:00,309 train INFO: ################################################################################
2025-05-31 19:20:00,309 train INFO: 139
2025-05-31 19:20:06,311 train INFO: ################################################################################
2025-05-31 19:20:06,311 train INFO: 140
2025-05-31 19:20:06,312 train INFO: Step [141](val stats)  ssim: 0.7257 (0.7022, 0.8965)  psnr: 21.9609 (21.4203, 30.9866)  crps: 0.0259 (0.0594, 0.0013)  crps_avg_4: 0.0244 (0.0578, 0.0012)  crps_avg_16: 0.0185 (0.0523, 0.0009)  crps_max_4: 0.0323 (0.0637, 0.0025)  crps_max_16: 0.0462 (0.0744, 0.0080)
2025-05-31 19:20:07,436 train INFO: ################################################################################
2025-05-31 19:20:07,436 train INFO: 141
2025-05-31 19:20:13,982 train INFO: ################################################################################
2025-05-31 19:20:13,982 train INFO: 142
2025-05-31 19:20:15,108 train INFO: ################################################################################
2025-05-31 19:20:15,108 train INFO: 143
2025-05-31 19:20:22,350 train INFO: ################################################################################
2025-05-31 19:20:22,350 train INFO: 144
2025-05-31 19:20:23,477 train INFO: ################################################################################
2025-05-31 19:20:23,477 train INFO: 145
2025-05-31 19:20:30,696 train INFO: ################################################################################
2025-05-31 19:20:30,696 train INFO: 146
2025-05-31 19:20:31,830 train INFO: ################################################################################
2025-05-31 19:20:31,831 train INFO: 147
2025-05-31 19:20:38,422 train INFO: ################################################################################
2025-05-31 19:20:38,422 train INFO: 148
2025-05-31 19:20:39,547 train INFO: ################################################################################
2025-05-31 19:20:39,547 train INFO: 149
2025-05-31 19:20:45,725 train INFO: ################################################################################
2025-05-31 19:20:45,725 train INFO: 150
2025-05-31 19:20:45,726 train INFO: Step [151](val stats)  ssim: 0.7379 (0.7037, 0.8796)  psnr: 22.0552 (21.5520, 33.4582)  crps: 0.0250 (0.0588, 0.0056)  crps_avg_4: 0.0236 (0.0572, 0.0054)  crps_avg_16: 0.0175 (0.0518, 0.0048)  crps_max_4: 0.0306 (0.0631, 0.0071)  crps_max_16: 0.0449 (0.0743, 0.0134)
2025-05-31 19:20:46,853 train INFO: ################################################################################
2025-05-31 19:20:46,853 train INFO: 151
2025-05-31 19:20:54,851 train INFO: ################################################################################
2025-05-31 19:20:54,851 train INFO: 152
2025-05-31 19:20:55,975 train INFO: ################################################################################
2025-05-31 19:20:55,975 train INFO: 153
2025-05-31 19:21:02,765 train INFO: ################################################################################
2025-05-31 19:21:02,766 train INFO: 154
2025-05-31 19:21:03,898 train INFO: ################################################################################
2025-05-31 19:21:03,898 train INFO: 155
2025-05-31 19:21:10,749 train INFO: ################################################################################
2025-05-31 19:21:10,749 train INFO: 156
2025-05-31 19:21:11,876 train INFO: ################################################################################
2025-05-31 19:21:11,876 train INFO: 157
2025-05-31 19:21:18,828 train INFO: ################################################################################
2025-05-31 19:21:18,828 train INFO: 158
2025-05-31 19:21:19,952 train INFO: ################################################################################
2025-05-31 19:21:19,953 train INFO: 159
2025-05-31 19:21:27,213 train INFO: ################################################################################
2025-05-31 19:21:27,213 train INFO: 160
2025-05-31 19:21:27,213 train INFO: Step [161](val stats)  ssim: 0.7445 (0.7010, 0.6204)  psnr: 22.0552 (21.4809, 20.9686)  crps: 0.0253 (0.0611, 0.0325)  crps_avg_4: 0.0237 (0.0595, 0.0300)  crps_avg_16: 0.0177 (0.0540, 0.0218)  crps_max_4: 0.0307 (0.0654, 0.0401)  crps_max_16: 0.0449 (0.0765, 0.0544)
2025-05-31 19:21:28,340 train INFO: ################################################################################
2025-05-31 19:21:28,340 train INFO: 161
2025-05-31 19:21:36,385 train INFO: ################################################################################
2025-05-31 19:21:36,385 train INFO: 162
2025-05-31 19:21:37,511 train INFO: ################################################################################
2025-05-31 19:21:37,511 train INFO: 163
2025-05-31 19:21:45,362 train INFO: ################################################################################
2025-05-31 19:21:45,362 train INFO: 164
2025-05-31 19:21:46,488 train INFO: ################################################################################
2025-05-31 19:21:46,488 train INFO: 165
2025-05-31 19:21:53,174 train INFO: ################################################################################
2025-05-31 19:21:53,174 train INFO: 166
2025-05-31 19:21:54,300 train INFO: ################################################################################
2025-05-31 19:21:54,300 train INFO: 167
2025-05-31 19:22:02,669 train INFO: ################################################################################
2025-05-31 19:22:02,669 train INFO: 168
2025-05-31 19:22:03,793 train INFO: ################################################################################
2025-05-31 19:22:03,793 train INFO: 169
2025-05-31 19:22:10,465 train INFO: ################################################################################
2025-05-31 19:22:10,465 train INFO: 170
2025-05-31 19:22:10,466 train INFO: Step [171](val stats)  ssim: 0.7474 (0.7034, 0.8353)  psnr: 22.0549 (21.5955, 24.0402)  crps: 0.0250 (0.0592, 0.0107)  crps_avg_4: 0.0236 (0.0576, 0.0099)  crps_avg_16: 0.0177 (0.0520, 0.0076)  crps_max_4: 0.0306 (0.0635, 0.0138)  crps_max_16: 0.0448 (0.0743, 0.0229)
2025-05-31 19:22:11,589 train INFO: ################################################################################
2025-05-31 19:22:11,590 train INFO: 171
2025-05-31 19:22:18,451 train INFO: ################################################################################
2025-05-31 19:22:18,451 train INFO: 172
2025-05-31 19:22:19,574 train INFO: ################################################################################
2025-05-31 19:22:19,574 train INFO: 173
2025-05-31 19:22:26,698 train INFO: ################################################################################
2025-05-31 19:22:26,698 train INFO: 174
2025-05-31 19:22:27,824 train INFO: ################################################################################
2025-05-31 19:22:27,824 train INFO: 175
2025-05-31 19:22:35,053 train INFO: ################################################################################
2025-05-31 19:22:35,053 train INFO: 176
2025-05-31 19:22:36,176 train INFO: ################################################################################
2025-05-31 19:22:36,177 train INFO: 177
2025-05-31 19:22:43,049 train INFO: ################################################################################
2025-05-31 19:22:43,049 train INFO: 178
2025-05-31 19:22:44,173 train INFO: ################################################################################
2025-05-31 19:22:44,173 train INFO: 179
2025-05-31 19:22:51,725 train INFO: ################################################################################
2025-05-31 19:22:51,725 train INFO: 180
2025-05-31 19:22:51,725 train INFO: Step [181](val stats)  ssim: 0.7379 (0.7050, 0.6554)  psnr: 22.0552 (21.5862, 19.3917)  crps: 0.0254 (0.0584, 0.0534)  crps_avg_4: 0.0238 (0.0568, 0.0494)  crps_avg_16: 0.0180 (0.0512, 0.0342)  crps_max_4: 0.0313 (0.0628, 0.0653)  crps_max_16: 0.0453 (0.0741, 0.0931)
2025-05-31 19:22:52,853 train INFO: ################################################################################
2025-05-31 19:22:52,853 train INFO: 181
2025-05-31 19:22:58,713 train INFO: ################################################################################
2025-05-31 19:22:58,713 train INFO: 182
2025-05-31 19:22:59,840 train INFO: ################################################################################
2025-05-31 19:22:59,840 train INFO: 183
2025-05-31 19:23:07,284 train INFO: ################################################################################
2025-05-31 19:23:07,284 train INFO: 184
2025-05-31 19:23:08,412 train INFO: ################################################################################
2025-05-31 19:23:08,412 train INFO: 185
2025-05-31 19:23:15,024 train INFO: ################################################################################
2025-05-31 19:23:15,024 train INFO: 186
2025-05-31 19:23:16,149 train INFO: ################################################################################
2025-05-31 19:23:16,149 train INFO: 187
2025-05-31 19:23:24,268 train INFO: ################################################################################
2025-05-31 19:23:24,268 train INFO: 188
2025-05-31 19:23:25,403 train INFO: ################################################################################
2025-05-31 19:23:25,403 train INFO: 189
2025-05-31 19:23:32,536 train INFO: ################################################################################
2025-05-31 19:23:32,536 train INFO: 190
2025-05-31 19:23:32,537 train INFO: Step [191](val stats)  ssim: 0.7357 (0.7077, 0.6475)  psnr: 21.8469 (21.6086, 20.3948)  crps: 0.0261 (0.0568, 0.0354)  crps_avg_4: 0.0247 (0.0551, 0.0325)  crps_avg_16: 0.0197 (0.0495, 0.0238)  crps_max_4: 0.0328 (0.0614, 0.0390)  crps_max_16: 0.0466 (0.0732, 0.0478)
2025-05-31 19:23:33,662 train INFO: ################################################################################
2025-05-31 19:23:33,662 train INFO: 191
2025-05-31 19:23:41,715 train INFO: ################################################################################
2025-05-31 19:23:41,715 train INFO: 192
2025-05-31 19:23:42,848 train INFO: ################################################################################
2025-05-31 19:23:42,848 train INFO: 193
2025-05-31 19:23:50,295 train INFO: ################################################################################
2025-05-31 19:23:50,295 train INFO: 194
2025-05-31 19:23:51,423 train INFO: ################################################################################
2025-05-31 19:23:51,423 train INFO: 195
2025-05-31 19:23:58,849 train INFO: ################################################################################
2025-05-31 19:23:58,849 train INFO: 196
2025-05-31 19:23:59,983 train INFO: ################################################################################
2025-05-31 19:23:59,983 train INFO: 197
2025-05-31 19:24:06,952 train INFO: ################################################################################
2025-05-31 19:24:06,952 train INFO: 198
2025-05-31 19:24:08,082 train INFO: ################################################################################
2025-05-31 19:24:08,082 train INFO: 199
2025-05-31 19:24:14,796 train INFO: ################################################################################
2025-05-31 19:24:14,796 train INFO: 200
2025-05-31 19:24:14,797 train INFO: Step [201](val stats)  ssim: 0.7336 (0.7074, 0.8135)  psnr: 21.7829 (21.6110, 24.5946)  crps: 0.0266 (0.0559, 0.0115)  crps_avg_4: 0.0248 (0.0542, 0.0106)  crps_avg_16: 0.0203 (0.0485, 0.0074)  crps_max_4: 0.0336 (0.0606, 0.0183)  crps_max_16: 0.0469 (0.0725, 0.0400)
2025-05-31 19:24:15,927 train INFO: ################################################################################
2025-05-31 19:24:15,927 train INFO: 201
2025-05-31 19:24:23,715 train INFO: ################################################################################
2025-05-31 19:24:23,715 train INFO: 202
2025-05-31 19:24:24,840 train INFO: ################################################################################
2025-05-31 19:24:24,840 train INFO: 203
2025-05-31 19:24:33,005 train INFO: ################################################################################
2025-05-31 19:24:33,005 train INFO: 204
2025-05-31 19:24:34,128 train INFO: ################################################################################
2025-05-31 19:24:34,128 train INFO: 205
2025-05-31 19:24:41,215 train INFO: ################################################################################
2025-05-31 19:24:41,215 train INFO: 206
2025-05-31 19:24:42,338 train INFO: ################################################################################
2025-05-31 19:24:42,339 train INFO: 207
2025-05-31 19:24:49,635 train INFO: ################################################################################
2025-05-31 19:24:49,635 train INFO: 208
2025-05-31 19:24:50,762 train INFO: ################################################################################
2025-05-31 19:24:50,762 train INFO: 209
2025-05-31 19:24:57,854 train INFO: ################################################################################
2025-05-31 19:24:57,854 train INFO: 210
2025-05-31 19:24:57,854 train INFO: Step [211](val stats)  ssim: 0.7336 (0.7085, 0.7359)  psnr: 21.8203 (21.6464, 22.5675)  crps: 0.0253 (0.0553, 0.0253)  crps_avg_4: 0.0233 (0.0536, 0.0233)  crps_avg_16: 0.0180 (0.0480, 0.0171)  crps_max_4: 0.0325 (0.0599, 0.0309)  crps_max_16: 0.0463 (0.0717, 0.0455)
2025-05-31 19:24:58,989 train INFO: ################################################################################
2025-05-31 19:24:58,989 train INFO: 211
2025-05-31 19:25:05,519 train INFO: ################################################################################
2025-05-31 19:25:05,519 train INFO: 212
2025-05-31 19:25:06,644 train INFO: ################################################################################
2025-05-31 19:25:06,644 train INFO: 213
2025-05-31 19:25:14,013 train INFO: ################################################################################
2025-05-31 19:25:14,013 train INFO: 214
2025-05-31 19:25:15,139 train INFO: ################################################################################
2025-05-31 19:25:15,140 train INFO: 215
2025-05-31 19:25:22,149 train INFO: ################################################################################
2025-05-31 19:25:22,149 train INFO: 216
2025-05-31 19:25:23,274 train INFO: ################################################################################
2025-05-31 19:25:23,274 train INFO: 217
2025-05-31 19:25:30,475 train INFO: ################################################################################
2025-05-31 19:25:30,475 train INFO: 218
2025-05-31 19:25:31,601 train INFO: ################################################################################
2025-05-31 19:25:31,601 train INFO: 219
2025-05-31 19:25:39,131 train INFO: ################################################################################
2025-05-31 19:25:39,131 train INFO: 220
2025-05-31 19:25:39,131 train INFO: Step [221](val stats)  ssim: 0.7312 (0.7085, 0.6868)  psnr: 21.7829 (21.6485, 22.5232)  crps: 0.0273 (0.0542, 0.0400)  crps_avg_4: 0.0258 (0.0525, 0.0380)  crps_avg_16: 0.0203 (0.0468, 0.0306)  crps_max_4: 0.0341 (0.0588, 0.0454)  crps_max_16: 0.0469 (0.0705, 0.0578)
2025-05-31 19:25:40,257 train INFO: ################################################################################
2025-05-31 19:25:40,257 train INFO: 221
2025-05-31 19:25:47,215 train INFO: ################################################################################
2025-05-31 19:25:47,215 train INFO: 222
2025-05-31 19:25:48,342 train INFO: ################################################################################
2025-05-31 19:25:48,342 train INFO: 223
2025-05-31 19:25:54,902 train INFO: ################################################################################
2025-05-31 19:25:54,902 train INFO: 224
2025-05-31 19:25:56,028 train INFO: ################################################################################
2025-05-31 19:25:56,028 train INFO: 225
2025-05-31 19:26:02,910 train INFO: ################################################################################
2025-05-31 19:26:02,910 train INFO: 226
2025-05-31 19:26:04,034 train INFO: ################################################################################
2025-05-31 19:26:04,034 train INFO: 227
2025-05-31 19:26:10,602 train INFO: ################################################################################
2025-05-31 19:26:10,602 train INFO: 228
2025-05-31 19:26:11,726 train INFO: ################################################################################
2025-05-31 19:26:11,726 train INFO: 229
2025-05-31 19:26:18,827 train INFO: ################################################################################
2025-05-31 19:26:18,827 train INFO: 230
2025-05-31 19:26:18,828 train INFO: Step [231](val stats)  ssim: 0.7312 (0.7081, 0.6821)  psnr: 21.9604 (21.6789, 24.1022)  crps: 0.0266 (0.0548, 0.0190)  crps_avg_4: 0.0248 (0.0531, 0.0177)  crps_avg_16: 0.0203 (0.0474, 0.0138)  crps_max_4: 0.0341 (0.0593, 0.0241)  crps_max_16: 0.0469 (0.0709, 0.0380)
2025-05-31 19:26:19,955 train INFO: ################################################################################
2025-05-31 19:26:19,955 train INFO: 231
2025-05-31 19:26:27,285 train INFO: ################################################################################
2025-05-31 19:26:27,286 train INFO: 232
2025-05-31 19:26:28,411 train INFO: ################################################################################
2025-05-31 19:26:28,411 train INFO: 233
2025-05-31 19:26:35,054 train INFO: ################################################################################
2025-05-31 19:26:35,054 train INFO: 234
2025-05-31 19:26:36,186 train INFO: ################################################################################
2025-05-31 19:26:36,187 train INFO: 235
2025-05-31 19:26:42,482 train INFO: ################################################################################
2025-05-31 19:26:42,482 train INFO: 236
2025-05-31 19:26:43,608 train INFO: ################################################################################
2025-05-31 19:26:43,608 train INFO: 237
2025-05-31 19:26:50,574 train INFO: ################################################################################
2025-05-31 19:26:50,575 train INFO: 238
2025-05-31 19:26:51,698 train INFO: ################################################################################
2025-05-31 19:26:51,699 train INFO: 239
2025-05-31 19:26:58,129 train INFO: ################################################################################
2025-05-31 19:26:58,129 train INFO: 240
2025-05-31 19:26:58,130 train INFO: Step [241](val stats)  ssim: 0.7255 (0.7095, 0.8416)  psnr: 21.9604 (21.7361, 23.1000)  crps: 0.0275 (0.0536, 0.0160)  crps_avg_4: 0.0260 (0.0519, 0.0145)  crps_avg_16: 0.0203 (0.0461, 0.0099)  crps_max_4: 0.0336 (0.0581, 0.0204)  crps_max_16: 0.0465 (0.0697, 0.0320)
2025-05-31 19:26:59,253 train INFO: ################################################################################
2025-05-31 19:26:59,254 train INFO: 241
2025-05-31 19:27:07,546 train INFO: ################################################################################
2025-05-31 19:27:07,547 train INFO: 242
2025-05-31 19:27:08,672 train INFO: ################################################################################
2025-05-31 19:27:08,672 train INFO: 243
2025-05-31 19:27:16,024 train INFO: ################################################################################
2025-05-31 19:27:16,024 train INFO: 244
2025-05-31 19:27:17,152 train INFO: ################################################################################
2025-05-31 19:27:17,152 train INFO: 245
2025-05-31 19:27:23,684 train INFO: ################################################################################
2025-05-31 19:27:23,684 train INFO: 246
2025-05-31 19:27:24,814 train INFO: ################################################################################
2025-05-31 19:27:24,814 train INFO: 247
2025-05-31 19:27:32,418 train INFO: ################################################################################
2025-05-31 19:27:32,418 train INFO: 248
2025-05-31 19:27:33,545 train INFO: ################################################################################
2025-05-31 19:27:33,545 train INFO: 249
2025-05-31 19:27:40,011 train INFO: ################################################################################
2025-05-31 19:27:40,011 train INFO: 250
2025-05-31 19:27:40,011 train INFO: Step [251](val stats)  ssim: 0.7117 (0.7074, 0.8959)  psnr: 21.8176 (21.6466, 28.9816)  crps: 0.0306 (0.0559, 0.0024)  crps_avg_4: 0.0284 (0.0542, 0.0021)  crps_avg_16: 0.0214 (0.0484, 0.0015)  crps_max_4: 0.0351 (0.0604, 0.0039)  crps_max_16: 0.0478 (0.0719, 0.0090)
2025-05-31 19:27:41,145 train INFO: ################################################################################
2025-05-31 19:27:41,145 train INFO: 251
2025-05-31 19:27:47,252 train INFO: ################################################################################
2025-05-31 19:27:47,252 train INFO: 252
2025-05-31 19:27:48,377 train INFO: ################################################################################
2025-05-31 19:27:48,377 train INFO: 253
2025-05-31 19:27:55,606 train INFO: ################################################################################
2025-05-31 19:27:55,606 train INFO: 254
2025-05-31 19:27:56,732 train INFO: ################################################################################
2025-05-31 19:27:56,733 train INFO: 255
2025-05-31 19:28:03,010 train INFO: ################################################################################
2025-05-31 19:28:03,011 train INFO: 256
2025-05-31 19:28:04,138 train INFO: ################################################################################
2025-05-31 19:28:04,138 train INFO: 257
2025-05-31 19:28:10,950 train INFO: ################################################################################
2025-05-31 19:28:10,950 train INFO: 258
2025-05-31 19:28:12,074 train INFO: ################################################################################
2025-05-31 19:28:12,074 train INFO: 259
2025-05-31 19:28:18,604 train INFO: ################################################################################
2025-05-31 19:28:18,604 train INFO: 260
2025-05-31 19:28:18,605 train INFO: Step [261](val stats)  ssim: 0.7255 (0.7114, 0.9092)  psnr: 21.9921 (21.8136, 32.1267)  crps: 0.0275 (0.0544, 0.0024)  crps_avg_4: 0.0260 (0.0527, 0.0021)  crps_avg_16: 0.0189 (0.0470, 0.0017)  crps_max_4: 0.0324 (0.0589, 0.0044)  crps_max_16: 0.0469 (0.0703, 0.0136)
2025-05-31 19:28:19,731 train INFO: ################################################################################
2025-05-31 19:28:19,731 train INFO: 261
2025-05-31 19:28:26,321 train INFO: ################################################################################
2025-05-31 19:28:26,321 train INFO: 262
2025-05-31 19:28:27,446 train INFO: ################################################################################
2025-05-31 19:28:27,446 train INFO: 263
2025-05-31 19:28:35,526 train INFO: ################################################################################
2025-05-31 19:28:35,526 train INFO: 264
2025-05-31 19:28:36,650 train INFO: ################################################################################
2025-05-31 19:28:36,650 train INFO: 265
2025-05-31 19:28:43,626 train INFO: ################################################################################
2025-05-31 19:28:43,626 train INFO: 266
2025-05-31 19:28:44,751 train INFO: ################################################################################
2025-05-31 19:28:44,751 train INFO: 267
2025-05-31 19:28:52,295 train INFO: ################################################################################
2025-05-31 19:28:52,295 train INFO: 268
2025-05-31 19:28:53,420 train INFO: ################################################################################
2025-05-31 19:28:53,420 train INFO: 269
2025-05-31 19:29:00,057 train INFO: ################################################################################
2025-05-31 19:29:00,057 train INFO: 270
2025-05-31 19:29:00,058 train INFO: Step [271](val stats)  ssim: 0.7117 (0.7085, 0.7016)  psnr: 21.9078 (21.7322, 21.5359)  crps: 0.0280 (0.0564, 0.0149)  crps_avg_4: 0.0262 (0.0547, 0.0136)  crps_avg_16: 0.0203 (0.0490, 0.0097)  crps_max_4: 0.0325 (0.0609, 0.0196)  crps_max_16: 0.0470 (0.0722, 0.0302)
2025-05-31 19:29:01,182 train INFO: ################################################################################
2025-05-31 19:29:01,183 train INFO: 271
2025-05-31 19:29:07,932 train INFO: ################################################################################
2025-05-31 19:29:07,933 train INFO: 272
2025-05-31 19:29:09,057 train INFO: ################################################################################
2025-05-31 19:29:09,057 train INFO: 273
2025-05-31 19:29:15,108 train INFO: ################################################################################
2025-05-31 19:29:15,109 train INFO: 274
2025-05-31 19:29:16,239 train INFO: ################################################################################
2025-05-31 19:29:16,239 train INFO: 275
2025-05-31 19:29:22,976 train INFO: ################################################################################
2025-05-31 19:29:22,976 train INFO: 276
2025-05-31 19:29:24,103 train INFO: ################################################################################
2025-05-31 19:29:24,103 train INFO: 277
2025-05-31 19:29:31,448 train INFO: ################################################################################
2025-05-31 19:29:31,448 train INFO: 278
2025-05-31 19:29:32,573 train INFO: ################################################################################
2025-05-31 19:29:32,573 train INFO: 279
2025-05-31 19:29:39,798 train INFO: ################################################################################
2025-05-31 19:29:39,798 train INFO: 280
2025-05-31 19:29:39,798 train INFO: Step [281](val stats)  ssim: 0.7016 (0.7061, 0.5826)  psnr: 21.7645 (21.6553, 19.6870)  crps: 0.0303 (0.0580, 0.0432)  crps_avg_4: 0.0277 (0.0563, 0.0401)  crps_avg_16: 0.0211 (0.0505, 0.0301)  crps_max_4: 0.0351 (0.0626, 0.0489)  crps_max_16: 0.0470 (0.0739, 0.0569)
2025-05-31 19:29:40,924 train INFO: ################################################################################
2025-05-31 19:29:40,924 train INFO: 281
2025-05-31 19:29:48,558 train INFO: ################################################################################
2025-05-31 19:29:48,559 train INFO: 282
2025-05-31 19:29:49,691 train INFO: ################################################################################
2025-05-31 19:29:49,691 train INFO: 283
2025-05-31 19:29:56,622 train INFO: ################################################################################
2025-05-31 19:29:56,622 train INFO: 284
2025-05-31 19:29:57,747 train INFO: ################################################################################
2025-05-31 19:29:57,747 train INFO: 285
2025-05-31 19:30:04,394 train INFO: ################################################################################
2025-05-31 19:30:04,394 train INFO: 286
2025-05-31 19:30:05,521 train INFO: ################################################################################
2025-05-31 19:30:05,521 train INFO: 287
2025-05-31 19:30:14,105 train INFO: ################################################################################
2025-05-31 19:30:14,105 train INFO: 288
2025-05-31 19:30:15,230 train INFO: ################################################################################
2025-05-31 19:30:15,230 train INFO: 289
2025-05-31 19:30:21,669 train INFO: ################################################################################
2025-05-31 19:30:21,669 train INFO: 290
2025-05-31 19:30:21,670 train INFO: Step [291](val stats)  ssim: 0.6999 (0.7066, 0.9188)  psnr: 21.9078 (21.7151, 27.5700)  crps: 0.0291 (0.0569, 0.0040)  crps_avg_4: 0.0265 (0.0552, 0.0037)  crps_avg_16: 0.0196 (0.0494, 0.0029)  crps_max_4: 0.0341 (0.0614, 0.0073)  crps_max_16: 0.0465 (0.0726, 0.0222)
2025-05-31 19:30:22,800 train INFO: ################################################################################
2025-05-31 19:30:22,800 train INFO: 291
2025-05-31 19:30:29,583 train INFO: ################################################################################
2025-05-31 19:30:29,583 train INFO: 292
2025-05-31 19:30:30,710 train INFO: ################################################################################
2025-05-31 19:30:30,710 train INFO: 293
2025-05-31 19:30:38,568 train INFO: ################################################################################
2025-05-31 19:30:38,568 train INFO: 294
2025-05-31 19:30:39,694 train INFO: ################################################################################
2025-05-31 19:30:39,694 train INFO: 295
2025-05-31 19:30:46,814 train INFO: ################################################################################
2025-05-31 19:30:46,814 train INFO: 296
2025-05-31 19:30:47,939 train INFO: ################################################################################
2025-05-31 19:30:47,939 train INFO: 297
2025-05-31 19:30:54,923 train INFO: ################################################################################
2025-05-31 19:30:54,923 train INFO: 298
2025-05-31 19:30:56,050 train INFO: ################################################################################
2025-05-31 19:30:56,050 train INFO: 299
2025-05-31 19:31:03,733 train INFO: ################################################################################
2025-05-31 19:31:03,733 train INFO: 300
2025-05-31 19:31:03,733 train INFO: Step [301](val stats)  ssim: 0.6999 (0.7060, 0.6797)  psnr: 21.9347 (21.6806, 20.4880)  crps: 0.0273 (0.0579, 0.0441)  crps_avg_4: 0.0256 (0.0562, 0.0404)  crps_avg_16: 0.0185 (0.0504, 0.0277)  crps_max_4: 0.0322 (0.0623, 0.0495)  crps_max_16: 0.0450 (0.0735, 0.0564)
2025-05-31 19:31:04,860 train INFO: ################################################################################
2025-05-31 19:31:04,861 train INFO: 301
2025-05-31 19:31:12,678 train INFO: ################################################################################
2025-05-31 19:31:12,678 train INFO: 302
2025-05-31 19:31:13,803 train INFO: ################################################################################
2025-05-31 19:31:13,803 train INFO: 303
2025-05-31 19:31:20,906 train INFO: ################################################################################
2025-05-31 19:31:20,906 train INFO: 304
2025-05-31 19:31:22,040 train INFO: ################################################################################
2025-05-31 19:31:22,040 train INFO: 305
2025-05-31 19:31:29,390 train INFO: ################################################################################
2025-05-31 19:31:29,390 train INFO: 306
2025-05-31 19:31:30,515 train INFO: ################################################################################
2025-05-31 19:31:30,516 train INFO: 307
2025-05-31 19:31:36,444 train INFO: ################################################################################
2025-05-31 19:31:36,445 train INFO: 308
2025-05-31 19:31:37,569 train INFO: ################################################################################
2025-05-31 19:31:37,569 train INFO: 309
2025-05-31 19:31:44,542 train INFO: ################################################################################
2025-05-31 19:31:44,542 train INFO: 310
2025-05-31 19:31:44,542 train INFO: Step [311](val stats)  ssim: 0.7016 (0.7078, 0.7486)  psnr: 21.9620 (21.7215, 24.5259)  crps: 0.0273 (0.0567, 0.0113)  crps_avg_4: 0.0256 (0.0550, 0.0101)  crps_avg_16: 0.0185 (0.0493, 0.0072)  crps_max_4: 0.0322 (0.0612, 0.0139)  crps_max_16: 0.0444 (0.0726, 0.0199)
2025-05-31 19:31:45,668 train INFO: ################################################################################
2025-05-31 19:31:45,669 train INFO: 311
2025-05-31 19:31:53,115 train INFO: ################################################################################
2025-05-31 19:31:53,115 train INFO: 312
2025-05-31 19:31:54,242 train INFO: ################################################################################
2025-05-31 19:31:54,242 train INFO: 313
2025-05-31 19:32:00,596 train INFO: ################################################################################
2025-05-31 19:32:00,596 train INFO: 314
2025-05-31 19:32:01,722 train INFO: ################################################################################
2025-05-31 19:32:01,722 train INFO: 315
2025-05-31 19:32:09,548 train INFO: ################################################################################
2025-05-31 19:32:09,548 train INFO: 316
2025-05-31 19:32:10,675 train INFO: ################################################################################
2025-05-31 19:32:10,675 train INFO: 317
2025-05-31 19:32:18,710 train INFO: ################################################################################
2025-05-31 19:32:18,710 train INFO: 318
2025-05-31 19:32:19,838 train INFO: ################################################################################
2025-05-31 19:32:19,838 train INFO: 319
2025-05-31 19:32:26,921 train INFO: ################################################################################
2025-05-31 19:32:26,921 train INFO: 320
2025-05-31 19:32:26,922 train INFO: Step [321](val stats)  ssim: 0.6973 (0.7063, 0.6530)  psnr: 21.9347 (21.6321, 20.1000)  crps: 0.0280 (0.0579, 0.0383)  crps_avg_4: 0.0262 (0.0562, 0.0352)  crps_avg_16: 0.0189 (0.0503, 0.0251)  crps_max_4: 0.0324 (0.0624, 0.0434)  crps_max_16: 0.0450 (0.0739, 0.0487)
2025-05-31 19:32:28,049 train INFO: ################################################################################
2025-05-31 19:32:28,049 train INFO: 321
2025-05-31 19:32:35,293 train INFO: ################################################################################
2025-05-31 19:32:35,293 train INFO: 322
2025-05-31 19:32:36,428 train INFO: ################################################################################
2025-05-31 19:32:36,428 train INFO: 323
2025-05-31 19:32:43,249 train INFO: ################################################################################
2025-05-31 19:32:43,249 train INFO: 324
2025-05-31 19:32:44,373 train INFO: ################################################################################
2025-05-31 19:32:44,373 train INFO: 325
2025-05-31 19:32:52,742 train INFO: ################################################################################
2025-05-31 19:32:52,743 train INFO: 326
2025-05-31 19:32:53,869 train INFO: ################################################################################
2025-05-31 19:32:53,869 train INFO: 327
2025-05-31 19:33:00,742 train INFO: ################################################################################
2025-05-31 19:33:00,742 train INFO: 328
2025-05-31 19:33:01,868 train INFO: ################################################################################
2025-05-31 19:33:01,868 train INFO: 329
2025-05-31 19:33:08,441 train INFO: ################################################################################
2025-05-31 19:33:08,441 train INFO: 330
2025-05-31 19:33:08,442 train INFO: Step [331](val stats)  ssim: 0.7035 (0.7068, 0.7943)  psnr: 21.8180 (21.6672, 24.7776)  crps: 0.0273 (0.0570, 0.0135)  crps_avg_4: 0.0256 (0.0553, 0.0115)  crps_avg_16: 0.0185 (0.0495, 0.0068)  crps_max_4: 0.0323 (0.0617, 0.0202)  crps_max_16: 0.0450 (0.0732, 0.0371)
2025-05-31 19:33:09,566 train INFO: ################################################################################
2025-05-31 19:33:09,566 train INFO: 331
2025-05-31 19:33:16,110 train INFO: ################################################################################
2025-05-31 19:33:16,110 train INFO: 332
2025-05-31 19:33:17,237 train INFO: ################################################################################
2025-05-31 19:33:17,237 train INFO: 333
2025-05-31 19:33:23,555 train INFO: ################################################################################
2025-05-31 19:33:23,556 train INFO: 334
2025-05-31 19:33:24,681 train INFO: ################################################################################
2025-05-31 19:33:24,681 train INFO: 335
2025-05-31 19:33:32,738 train INFO: ################################################################################
2025-05-31 19:33:32,738 train INFO: 336
2025-05-31 19:33:33,864 train INFO: ################################################################################
2025-05-31 19:33:33,864 train INFO: 337
2025-05-31 19:33:41,388 train INFO: ################################################################################
2025-05-31 19:33:41,388 train INFO: 338
2025-05-31 19:33:42,513 train INFO: ################################################################################
2025-05-31 19:33:42,514 train INFO: 339
2025-05-31 19:33:49,295 train INFO: ################################################################################
2025-05-31 19:33:49,295 train INFO: 340
2025-05-31 19:33:49,296 train INFO: Step [341](val stats)  ssim: 0.6973 (0.7052, 0.5041)  psnr: 21.7165 (21.6319, 13.0477)  crps: 0.0291 (0.0574, 0.3436)  crps_avg_4: 0.0265 (0.0557, 0.3415)  crps_avg_16: 0.0190 (0.0498, 0.3343)  crps_max_4: 0.0351 (0.0620, 0.3459)  crps_max_16: 0.0470 (0.0734, 0.3541)
2025-05-31 19:33:50,423 train INFO: ################################################################################
2025-05-31 19:33:50,423 train INFO: 341
2025-05-31 19:33:57,640 train INFO: ################################################################################
2025-05-31 19:33:57,640 train INFO: 342
2025-05-31 19:33:58,764 train INFO: ################################################################################
2025-05-31 19:33:58,764 train INFO: 343
2025-05-31 19:34:05,790 train INFO: ################################################################################
2025-05-31 19:34:05,790 train INFO: 344
2025-05-31 19:34:06,914 train INFO: ################################################################################
2025-05-31 19:34:06,914 train INFO: 345
2025-05-31 19:34:14,363 train INFO: ################################################################################
2025-05-31 19:34:14,363 train INFO: 346
2025-05-31 19:34:15,487 train INFO: ################################################################################
2025-05-31 19:34:15,487 train INFO: 347
2025-05-31 19:34:22,533 train INFO: ################################################################################
2025-05-31 19:34:22,533 train INFO: 348
2025-05-31 19:34:23,659 train INFO: ################################################################################
2025-05-31 19:34:23,659 train INFO: 349
2025-05-31 19:34:31,782 train INFO: ################################################################################
2025-05-31 19:34:31,782 train INFO: 350
2025-05-31 19:34:31,783 train INFO: Step [351](val stats)  ssim: 0.6929 (0.7027, 0.4571)  psnr: 21.7165 (21.5534, 19.1320)  crps: 0.0291 (0.0591, 0.0690)  crps_avg_4: 0.0265 (0.0573, 0.0644)  crps_avg_16: 0.0190 (0.0514, 0.0487)  crps_max_4: 0.0347 (0.0636, 0.0738)  crps_max_16: 0.0480 (0.0749, 0.0764)
2025-05-31 19:34:32,907 train INFO: ################################################################################
2025-05-31 19:34:32,907 train INFO: 351
2025-05-31 19:34:39,513 train INFO: ################################################################################
2025-05-31 19:34:39,513 train INFO: 352
2025-05-31 19:34:40,639 train INFO: ################################################################################
2025-05-31 19:34:40,639 train INFO: 353
2025-05-31 19:34:47,657 train INFO: ################################################################################
2025-05-31 19:34:47,657 train INFO: 354
2025-05-31 19:34:48,786 train INFO: ################################################################################
2025-05-31 19:34:48,786 train INFO: 355
2025-05-31 19:34:56,386 train INFO: ################################################################################
2025-05-31 19:34:56,387 train INFO: 356
2025-05-31 19:34:57,517 train INFO: ################################################################################
2025-05-31 19:34:57,518 train INFO: 357
2025-05-31 19:35:04,733 train INFO: ################################################################################
2025-05-31 19:35:04,734 train INFO: 358
2025-05-31 19:35:05,858 train INFO: ################################################################################
2025-05-31 19:35:05,858 train INFO: 359
2025-05-31 19:35:13,502 train INFO: ################################################################################
2025-05-31 19:35:13,502 train INFO: 360
2025-05-31 19:35:13,503 train INFO: Step [361](val stats)  ssim: 0.6872 (0.7030, 0.5214)  psnr: 21.5359 (21.6059, 19.2913)  crps: 0.0295 (0.0591, 0.0468)  crps_avg_4: 0.0273 (0.0573, 0.0438)  crps_avg_16: 0.0206 (0.0514, 0.0339)  crps_max_4: 0.0372 (0.0636, 0.0499)  crps_max_16: 0.0487 (0.0749, 0.0536)
2025-05-31 19:35:14,628 train INFO: ################################################################################
2025-05-31 19:35:14,628 train INFO: 361
2025-05-31 19:35:21,958 train INFO: ################################################################################
2025-05-31 19:35:21,958 train INFO: 362
2025-05-31 19:35:23,083 train INFO: ################################################################################
2025-05-31 19:35:23,083 train INFO: 363
2025-05-31 19:35:30,734 train INFO: ################################################################################
2025-05-31 19:35:30,735 train INFO: 364
2025-05-31 19:35:31,860 train INFO: ################################################################################
2025-05-31 19:35:31,860 train INFO: 365
2025-05-31 19:35:39,498 train INFO: ################################################################################
2025-05-31 19:35:39,498 train INFO: 366
2025-05-31 19:35:40,624 train INFO: ################################################################################
2025-05-31 19:35:40,624 train INFO: 367
2025-05-31 19:35:48,075 train INFO: ################################################################################
2025-05-31 19:35:48,075 train INFO: 368
2025-05-31 19:35:49,200 train INFO: ################################################################################
2025-05-31 19:35:49,200 train INFO: 369
2025-05-31 19:35:56,190 train INFO: ################################################################################
2025-05-31 19:35:56,190 train INFO: 370
2025-05-31 19:35:56,191 train INFO: Step [371](val stats)  ssim: 0.6973 (0.7034, 0.7960)  psnr: 21.3824 (-inf, 25.7611)  crps: 0.0295 (0.0598, 0.0209)  crps_avg_4: 0.0273 (0.0581, 0.0192)  crps_avg_16: 0.0206 (0.0522, 0.0154)  crps_max_4: 0.0372 (0.0643, 0.0275)  crps_max_16: 0.0496 (0.0755, 0.0444)
2025-05-31 19:35:57,314 train INFO: ################################################################################
2025-05-31 19:35:57,315 train INFO: 371
2025-05-31 19:36:04,130 train INFO: ################################################################################
2025-05-31 19:36:04,130 train INFO: 372
2025-05-31 19:36:05,255 train INFO: ################################################################################
2025-05-31 19:36:05,256 train INFO: 373
2025-05-31 19:36:11,242 train INFO: ################################################################################
2025-05-31 19:36:11,242 train INFO: 374
2025-05-31 19:36:12,368 train INFO: ################################################################################
2025-05-31 19:36:12,369 train INFO: 375
2025-05-31 19:36:20,489 train INFO: ################################################################################
2025-05-31 19:36:20,489 train INFO: 376
2025-05-31 19:36:21,614 train INFO: ################################################################################
2025-05-31 19:36:21,615 train INFO: 377
2025-05-31 19:36:28,634 train INFO: ################################################################################
2025-05-31 19:36:28,634 train INFO: 378
2025-05-31 19:36:29,761 train INFO: ################################################################################
2025-05-31 19:36:29,761 train INFO: 379
