2025-04-30 18:08:14,707 - root - INFO - --------------- Versions ---------------
2025-04-30 18:08:14,710 - root - INFO - git branch: b'* master'
2025-04-30 18:08:14,713 - root - INFO - git hash: b'93360c1720a9f97aabf970689f21c9fad8737788'
2025-04-30 18:08:14,713 - root - INFO - Torch: 2.6.0+cu124
2025-04-30 18:08:14,713 - root - INFO - ----------------------------------------
2025-04-30 18:08:14,714 - root - INFO - ------------------ Configuration ------------------
2025-04-30 18:08:14,714 - root - INFO - Configuration file: /home/vatsal/NWM/FourcastNet/FourCastNet/config/AFNO.yaml
2025-04-30 18:08:14,714 - root - INFO - Configuration name: precip
2025-04-30 18:08:14,714 - root - INFO - in_channels [0, 1, 2, 3, 4, 5, 6, 7, 8, 9, 10, 11, 12, 13, 14, 15, 16, 17, 18, 19]
2025-04-30 18:08:14,714 - root - INFO - out_channels [0]
2025-04-30 18:08:14,714 - root - INFO - nettype afno
2025-04-30 18:08:14,714 - root - INFO - nettype_wind afno
2025-04-30 18:08:14,714 - root - INFO - log_to_wandb True
2025-04-30 18:08:14,714 - root - INFO - lr 0.00025
2025-04-30 18:08:14,714 - root - INFO - batch_size 64
2025-04-30 18:08:14,714 - root - INFO - max_epochs 25
2025-04-30 18:08:14,714 - root - INFO - precip /home/vatsal/Supreme/Fourcastnet_outofsample/percp_out_of_sample/
2025-04-30 18:08:14,714 - root - INFO - time_means_path_tp /home/vatsal/NWM/FourcastNet/stats_v0/precp/time_means.npy
2025-04-30 18:08:14,714 - root - INFO - model_wind_path /home/vatsal/NWM/FourcastNet/FourCastNet/training_checkpoints/backbone.ckpt
2025-04-30 18:08:14,714 - root - INFO - precip_eps 1e-05
2025-04-30 18:08:14,714 - root - INFO - scheduler CosineAnnealingLR
2025-04-30 18:08:14,714 - root - INFO - orography False
2025-04-30 18:08:14,714 - root - INFO - orography_path None
2025-04-30 18:08:14,714 - root - INFO - exp_dir /pscratch/sd/s/shas1693/results/era5_wind
2025-04-30 18:08:14,714 - root - INFO - train_data_path /pscratch/sd/s/shas1693/data/era5/train
2025-04-30 18:08:14,714 - root - INFO - valid_data_path /pscratch/sd/s/shas1693/data/era5/test
2025-04-30 18:08:14,714 - root - INFO - inf_data_path /home/vatsal/Supreme/Fourcastnet_outofsample/out_of_sample
2025-04-30 18:08:14,714 - root - INFO - time_means_path /home/vatsal/NWM/FourcastNet/stats_v0/time_means.npy
2025-04-30 18:08:14,714 - root - INFO - global_means_path /home/vatsal/NWM/FourcastNet/stats_v0/global_means.npy
2025-04-30 18:08:14,714 - root - INFO - global_stds_path /home/vatsal/NWM/FourcastNet/stats_v0/global_stds.npy
2025-04-30 18:08:14,714 - root - INFO - loss l2
2025-04-30 18:08:14,714 - root - INFO - num_data_workers 4
2025-04-30 18:08:14,714 - root - INFO - dt 1
2025-04-30 18:08:14,714 - root - INFO - n_history 0
2025-04-30 18:08:14,714 - root - INFO - prediction_type iterative
2025-04-30 18:08:14,715 - root - INFO - prediction_length 10
2025-04-30 18:08:14,715 - root - INFO - n_initial_conditions 5
2025-04-30 18:08:14,715 - root - INFO - ics_type default
2025-04-30 18:08:14,715 - root - INFO - save_raw_forecasts True
2025-04-30 18:08:14,715 - root - INFO - save_channel False
2025-04-30 18:08:14,715 - root - INFO - masked_acc False
2025-04-30 18:08:14,715 - root - INFO - maskpath None
2025-04-30 18:08:14,715 - root - INFO - perturb False
2025-04-30 18:08:14,715 - root - INFO - add_grid False
2025-04-30 18:08:14,715 - root - INFO - N_grid_channels 0
2025-04-30 18:08:14,715 - root - INFO - gridtype sinusoidal
2025-04-30 18:08:14,715 - root - INFO - roll False
2025-04-30 18:08:14,715 - root - INFO - num_blocks 8
2025-04-30 18:08:14,715 - root - INFO - patch_size 8
2025-04-30 18:08:14,715 - root - INFO - width 56
2025-04-30 18:08:14,715 - root - INFO - modes 32
2025-04-30 18:08:14,715 - root - INFO - target default
2025-04-30 18:08:14,715 - root - INFO - normalization zscore
2025-04-30 18:08:14,715 - root - INFO - log_to_screen True
2025-04-30 18:08:14,715 - root - INFO - save_checkpoint True
2025-04-30 18:08:14,715 - root - INFO - enable_nhwc False
2025-04-30 18:08:14,715 - root - INFO - optimizer_type FusedAdam
2025-04-30 18:08:14,715 - root - INFO - crop_size_x None
2025-04-30 18:08:14,716 - root - INFO - crop_size_y None
2025-04-30 18:08:14,716 - root - INFO - two_step_training False
2025-04-30 18:08:14,716 - root - INFO - plot_animations False
2025-04-30 18:08:14,716 - root - INFO - add_noise False
2025-04-30 18:08:14,716 - root - INFO - noise_std 0
2025-04-30 18:08:14,716 - root - INFO - world_size 1
2025-04-30 18:08:14,716 - root - INFO - global_batch_size 64
2025-04-30 18:08:14,716 - root - INFO - experiment_dir /home/vatsal/NWM/FourcastNet/FourCastNet/output2/scratch/directory/ \
2025-04-30 18:08:14,716 - root - INFO - best_checkpoint_path /home/vatsal/NWM/FourcastNet/FourCastNet/weights/precip.ckpt
2025-04-30 18:08:14,716 - root - INFO - resuming False
2025-04-30 18:08:14,716 - root - INFO - local_rank 0
2025-04-30 18:08:14,716 - root - INFO - ---------------------------------------------------
2025-04-30 18:08:14,716 - root - INFO - Inference for 363 initial conditions
2025-04-30 18:08:14,852 - root - INFO - Getting file stats from /home/vatsal/Supreme/Fourcastnet_outofsample/out_of_sample/output_file.h5
2025-04-30 18:08:14,853 - root - INFO - Number of samples per year: 21
2025-04-30 18:08:14,853 - root - INFO - Found data at path /home/vatsal/Supreme/Fourcastnet_outofsample/out_of_sample. Number of examples: 21. Image Shape: 720 x 1440 x 20
2025-04-30 18:08:14,853 - root - INFO - Delta t: 6 hours
2025-04-30 18:08:14,853 - root - INFO - Including 0 hours of past history in training at a frequency of 6 hours
2025-04-30 18:08:14,855 - root - INFO - Loading trained model checkpoint from /home/vatsal/NWM/FourcastNet/FourCastNet/weights/precip.ckpt
2025-04-30 18:08:17,238 - root - INFO - Loading validation data
2025-04-30 18:08:17,238 - root - INFO - Validation data from /home/vatsal/Supreme/Fourcastnet_outofsample/out_of_sample/output_file.h5
2025-04-30 18:08:17,268 - root - INFO - Loading validation precip data
2025-04-30 18:08:17,268 - root - INFO - Validation data from /home/vatsal/Supreme/Fourcastnet_outofsample/percp_out_of_sample/total_precp.h5
2025-04-30 18:08:17,271 - root - INFO - Initial condition 1 of 363
2025-04-30 18:08:26,704 - root - INFO - Begin autoregressive inference
2025-04-30 18:08:27,226 - root - INFO - Timestep 0 of 10. TP RMS Error: 0.0, ACC: 1.0
2025-04-30 18:08:27,592 - root - INFO - Timestep 1 of 10. TP RMS Error: 0.0003581540659070015, ACC: 0.9217292666435242
2025-04-30 18:08:27,756 - root - INFO - Timestep 2 of 10. TP RMS Error: 0.0003690424491651356, ACC: 0.9162532091140747
2025-04-30 18:08:27,918 - root - INFO - Timestep 3 of 10. TP RMS Error: 0.009019095450639725, ACC: -0.018811656162142754
2025-04-30 18:08:28,080 - root - INFO - Timestep 4 of 10. TP RMS Error: 16.206199645996094, ACC: -0.1361485719680786
2025-04-30 18:08:28,242 - root - INFO - Timestep 5 of 10. TP RMS Error: 513.0692138671875, ACC: -0.14710646867752075
2025-04-30 18:08:28,404 - root - INFO - Timestep 6 of 10. TP RMS Error: 1611.1854248046875, ACC: -0.14019697904586792
2025-04-30 18:08:28,565 - root - INFO - Timestep 7 of 10. TP RMS Error: 1493.814697265625, ACC: -0.13154564797878265
2025-04-30 18:08:28,727 - root - INFO - Timestep 8 of 10. TP RMS Error: 856.7032470703125, ACC: -0.1280200332403183
2025-04-30 18:08:28,888 - root - INFO - Timestep 9 of 10. TP RMS Error: 450.9708557128906, ACC: -0.12719079852104187
2025-04-30 18:08:28,936 - root - INFO - Initial condition 2 of 363
2025-04-30 18:08:33,774 - root - INFO - Begin autoregressive inference
2025-04-30 18:08:33,938 - root - INFO - Timestep 0 of 10. TP RMS Error: 0.0, ACC: 1.0
2025-04-30 18:08:34,100 - root - INFO - Timestep 1 of 10. TP RMS Error: nan, ACC: nan
2025-04-30 18:08:34,263 - root - INFO - Timestep 2 of 10. TP RMS Error: nan, ACC: nan
2025-04-30 18:08:34,425 - root - INFO - Timestep 3 of 10. TP RMS Error: nan, ACC: nan
2025-04-30 18:08:34,588 - root - INFO - Timestep 4 of 10. TP RMS Error: nan, ACC: nan
2025-04-30 18:08:34,750 - root - INFO - Timestep 5 of 10. TP RMS Error: inf, ACC: -0.0
2025-04-30 18:08:34,913 - root - INFO - Timestep 6 of 10. TP RMS Error: 10870.8447265625, ACC: -0.0062170932069420815
2025-04-30 18:08:35,075 - root - INFO - Timestep 7 of 10. TP RMS Error: 0.004111373797059059, ACC: 0.18334639072418213
2025-04-30 18:08:35,237 - root - INFO - Timestep 8 of 10. TP RMS Error: 0.0008340952917933464, ACC: 0.7070529460906982
2025-04-30 18:08:35,399 - root - INFO - Timestep 9 of 10. TP RMS Error: 0.0012163578066974878, ACC: 0.5438339114189148
2025-04-30 18:08:35,486 - root - INFO - Initial condition 3 of 363
2025-04-30 18:08:40,394 - root - INFO - Begin autoregressive inference
2025-04-30 18:08:40,559 - root - INFO - Timestep 0 of 10. TP RMS Error: 0.0, ACC: 1.0
2025-04-30 18:08:40,723 - root - INFO - Timestep 1 of 10. TP RMS Error: 864981221376.0, ACC: -0.003365793963894248
2025-04-30 18:08:40,886 - root - INFO - Timestep 2 of 10. TP RMS Error: 1449944.375, ACC: -0.006822572555392981
2025-04-30 18:08:41,049 - root - INFO - Timestep 3 of 10. TP RMS Error: 1180280.5, ACC: -0.008619198575615883
2025-04-30 18:08:41,212 - root - INFO - Timestep 4 of 10. TP RMS Error: 13136834.0, ACC: -0.008680093102157116
2025-04-30 18:08:41,375 - root - INFO - Timestep 5 of 10. TP RMS Error: 41769956.0, ACC: -0.007310366723686457
2025-04-30 18:08:41,538 - root - INFO - Timestep 6 of 10. TP RMS Error: 31614196.0, ACC: -0.008172811940312386
2025-04-30 18:08:41,700 - root - INFO - Timestep 7 of 10. TP RMS Error: 16680194.0, ACC: -0.008600038476288319
2025-04-30 18:08:41,863 - root - INFO - Timestep 8 of 10. TP RMS Error: 9410897.0, ACC: -0.009194249287247658
2025-04-30 18:08:42,025 - root - INFO - Timestep 9 of 10. TP RMS Error: 5162425.5, ACC: -0.009708005003631115
2025-04-30 18:08:42,133 - root - INFO - Initial condition 4 of 363
2025-04-30 18:08:46,137 - root - INFO - Begin autoregressive inference
2025-04-30 18:08:46,301 - root - INFO - Timestep 0 of 10. TP RMS Error: 0.0, ACC: 1.0
2025-04-30 18:08:46,463 - root - INFO - Timestep 1 of 10. TP RMS Error: 0.0003362764837220311, ACC: 0.9318388104438782
2025-04-30 18:08:46,625 - root - INFO - Timestep 2 of 10. TP RMS Error: 0.00033642243943177164, ACC: 0.9318985939025879
2025-04-30 18:08:46,787 - root - INFO - Timestep 3 of 10. TP RMS Error: 0.011175120249390602, ACC: -0.02821296826004982
2025-04-30 18:08:46,949 - root - INFO - Timestep 4 of 10. TP RMS Error: 17.967878341674805, ACC: -0.1337108016014099
2025-04-30 18:08:47,111 - root - INFO - Timestep 5 of 10. TP RMS Error: 538.7698364257812, ACC: -0.148600235581398
2025-04-30 18:08:47,273 - root - INFO - Timestep 6 of 10. TP RMS Error: 1650.6796875, ACC: -0.14380274713039398
2025-04-30 18:08:47,435 - root - INFO - Timestep 7 of 10. TP RMS Error: 1512.4013671875, ACC: -0.13616572320461273
2025-04-30 21:23:38,827 - root - INFO - --------------- Versions ---------------
2025-04-30 21:23:38,831 - root - INFO - git branch: b'* master'
2025-04-30 21:23:38,834 - root - INFO - git hash: b'93360c1720a9f97aabf970689f21c9fad8737788'
2025-04-30 21:23:38,834 - root - INFO - Torch: 2.6.0+cu124
2025-04-30 21:23:38,834 - root - INFO - ----------------------------------------
2025-04-30 21:23:38,834 - root - INFO - ------------------ Configuration ------------------
2025-04-30 21:23:38,834 - root - INFO - Configuration file: /home/vatsal/NWM/FourcastNet/FourCastNet/config/AFNO.yaml
2025-04-30 21:23:38,835 - root - INFO - Configuration name: precip
2025-04-30 21:23:38,835 - root - INFO - in_channels [0, 1, 2, 3, 4, 5, 6, 7, 8, 9, 10, 11, 12, 13, 14, 15, 16, 17, 18, 19]
2025-04-30 21:23:38,835 - root - INFO - out_channels [0]
2025-04-30 21:23:38,835 - root - INFO - nettype afno
2025-04-30 21:23:38,835 - root - INFO - nettype_wind afno
2025-04-30 21:23:38,835 - root - INFO - log_to_wandb True
2025-04-30 21:23:38,835 - root - INFO - lr 0.00025
2025-04-30 21:23:38,835 - root - INFO - batch_size 64
2025-04-30 21:23:38,835 - root - INFO - max_epochs 25
2025-04-30 21:23:38,835 - root - INFO - precip /home/vatsal/Supreme/Fourcastnet_outofsample/percp_out_of_sample/
2025-04-30 21:23:38,835 - root - INFO - time_means_path_tp /home/vatsal/NWM/FourcastNet/stats_v0/precp/time_means.npy
2025-04-30 21:23:38,836 - root - INFO - model_wind_path /home/vatsal/NWM/FourcastNet/FourCastNet/training_checkpoints/backbone.ckpt
2025-04-30 21:23:38,836 - root - INFO - precip_eps 1e-05
2025-04-30 21:23:38,836 - root - INFO - scheduler CosineAnnealingLR
2025-04-30 21:23:38,836 - root - INFO - orography False
2025-04-30 21:23:38,836 - root - INFO - orography_path None
2025-04-30 21:23:38,836 - root - INFO - exp_dir /pscratch/sd/s/shas1693/results/era5_wind
2025-04-30 21:23:38,836 - root - INFO - train_data_path /pscratch/sd/s/shas1693/data/era5/train
2025-04-30 21:23:38,836 - root - INFO - valid_data_path /pscratch/sd/s/shas1693/data/era5/test
2025-04-30 21:23:38,836 - root - INFO - inf_data_path /home/vatsal/Supreme/Fourcastnet_outofsample/out_of_sample
2025-04-30 21:23:38,836 - root - INFO - time_means_path /home/vatsal/NWM/FourcastNet/stats_v0/time_means.npy
2025-04-30 21:23:38,836 - root - INFO - global_means_path /home/vatsal/NWM/FourcastNet/stats_v0/global_means.npy
2025-04-30 21:23:38,837 - root - INFO - global_stds_path /home/vatsal/NWM/FourcastNet/stats_v0/global_stds.npy
2025-04-30 21:23:38,837 - root - INFO - loss l2
2025-04-30 21:23:38,837 - root - INFO - num_data_workers 4
2025-04-30 21:23:38,837 - root - INFO - dt 1
2025-04-30 21:23:38,837 - root - INFO - n_history 0
2025-04-30 21:23:38,837 - root - INFO - prediction_type iterative
2025-04-30 21:23:38,837 - root - INFO - prediction_length 10
2025-04-30 21:23:38,837 - root - INFO - n_initial_conditions 5
2025-04-30 21:23:38,837 - root - INFO - ics_type default
2025-04-30 21:23:38,837 - root - INFO - save_raw_forecasts True
2025-04-30 21:23:38,837 - root - INFO - save_channel False
2025-04-30 21:23:38,837 - root - INFO - masked_acc False
2025-04-30 21:23:38,838 - root - INFO - maskpath None
2025-04-30 21:23:38,838 - root - INFO - perturb False
2025-04-30 21:23:38,838 - root - INFO - add_grid False
2025-04-30 21:23:38,838 - root - INFO - N_grid_channels 0
2025-04-30 21:23:38,838 - root - INFO - gridtype sinusoidal
2025-04-30 21:23:38,838 - root - INFO - roll False
2025-04-30 21:23:38,838 - root - INFO - num_blocks 8
2025-04-30 21:23:38,838 - root - INFO - patch_size 8
2025-04-30 21:23:38,838 - root - INFO - width 56
2025-04-30 21:23:38,838 - root - INFO - modes 32
2025-04-30 21:23:38,838 - root - INFO - target default
2025-04-30 21:23:38,838 - root - INFO - normalization zscore
2025-04-30 21:23:38,838 - root - INFO - log_to_screen True
2025-04-30 21:23:38,839 - root - INFO - save_checkpoint True
2025-04-30 21:23:38,839 - root - INFO - enable_nhwc False
2025-04-30 21:23:38,839 - root - INFO - optimizer_type FusedAdam
2025-04-30 21:23:38,839 - root - INFO - crop_size_x None
2025-04-30 21:23:38,839 - root - INFO - crop_size_y None
2025-04-30 21:23:38,839 - root - INFO - two_step_training False
2025-04-30 21:23:38,839 - root - INFO - plot_animations False
2025-04-30 21:23:38,839 - root - INFO - add_noise False
2025-04-30 21:23:38,839 - root - INFO - noise_std 0
2025-04-30 21:23:38,839 - root - INFO - world_size 1
2025-04-30 21:23:38,839 - root - INFO - global_batch_size 64
2025-04-30 21:23:38,840 - root - INFO - experiment_dir /home/vatsal/NWM/FourcastNet/FourCastNet/output2/scratch/directory/ \
2025-04-30 21:23:38,840 - root - INFO - best_checkpoint_path /home/vatsal/NWM/FourcastNet/FourCastNet/weights/precip.ckpt
2025-04-30 21:23:38,840 - root - INFO - resuming False
2025-04-30 21:23:38,840 - root - INFO - local_rank 0
2025-04-30 21:23:38,840 - root - INFO - ---------------------------------------------------
2025-04-30 21:23:38,840 - root - INFO - Inference for 363 initial conditions
2025-04-30 21:23:56,853 - root - INFO - --------------- Versions ---------------
2025-04-30 21:23:56,857 - root - INFO - git branch: b'* master'
2025-04-30 21:23:56,861 - root - INFO - git hash: b'93360c1720a9f97aabf970689f21c9fad8737788'
2025-04-30 21:23:56,861 - root - INFO - Torch: 2.6.0+cu124
2025-04-30 21:23:56,861 - root - INFO - ----------------------------------------
2025-04-30 21:23:56,861 - root - INFO - ------------------ Configuration ------------------
2025-04-30 21:23:56,861 - root - INFO - Configuration file: /home/vatsal/NWM/FourcastNet/FourCastNet/config/AFNO.yaml
2025-04-30 21:23:56,861 - root - INFO - Configuration name: precip
2025-04-30 21:23:56,862 - root - INFO - in_channels [0, 1, 2, 3, 4, 5, 6, 7, 8, 9, 10, 11, 12, 13, 14, 15, 16, 17, 18, 19]
2025-04-30 21:23:56,862 - root - INFO - out_channels [0]
2025-04-30 21:23:56,862 - root - INFO - nettype afno
2025-04-30 21:23:56,862 - root - INFO - nettype_wind afno
2025-04-30 21:23:56,862 - root - INFO - log_to_wandb True
2025-04-30 21:23:56,862 - root - INFO - lr 0.00025
2025-04-30 21:23:56,862 - root - INFO - batch_size 64
2025-04-30 21:23:56,862 - root - INFO - max_epochs 25
2025-04-30 21:23:56,862 - root - INFO - precip /home/vatsal/Supreme/Fourcastnet_outofsample/percp_out_of_sample/
2025-04-30 21:23:56,862 - root - INFO - time_means_path_tp /home/vatsal/NWM/FourcastNet/stats_v0/precp/time_means.npy
2025-04-30 21:23:56,862 - root - INFO - model_wind_path /home/vatsal/NWM/FourcastNet/FourCastNet/training_checkpoints/backbone.ckpt
2025-04-30 21:23:56,862 - root - INFO - precip_eps 1e-05
2025-04-30 21:23:56,863 - root - INFO - scheduler CosineAnnealingLR
2025-04-30 21:23:56,863 - root - INFO - orography False
2025-04-30 21:23:56,863 - root - INFO - orography_path None
2025-04-30 21:23:56,863 - root - INFO - exp_dir /pscratch/sd/s/shas1693/results/era5_wind
2025-04-30 21:23:56,863 - root - INFO - train_data_path /pscratch/sd/s/shas1693/data/era5/train
2025-04-30 21:23:56,863 - root - INFO - valid_data_path /pscratch/sd/s/shas1693/data/era5/test
2025-04-30 21:23:56,863 - root - INFO - inf_data_path /home/vatsal/Supreme/Fourcastnet_outofsample/out_of_sample
2025-04-30 21:23:56,863 - root - INFO - time_means_path /home/vatsal/NWM/FourcastNet/stats_v0/time_means.npy
2025-04-30 21:23:56,863 - root - INFO - global_means_path /home/vatsal/NWM/FourcastNet/stats_v0/global_means.npy
2025-04-30 21:23:56,863 - root - INFO - global_stds_path /home/vatsal/NWM/FourcastNet/stats_v0/global_stds.npy
2025-04-30 21:23:56,863 - root - INFO - loss l2
2025-04-30 21:23:56,863 - root - INFO - num_data_workers 4
2025-04-30 21:23:56,864 - root - INFO - dt 1
2025-04-30 21:23:56,864 - root - INFO - n_history 0
2025-04-30 21:23:56,864 - root - INFO - prediction_type iterative
2025-04-30 21:23:56,864 - root - INFO - prediction_length 10
2025-04-30 21:23:56,864 - root - INFO - n_initial_conditions 5
2025-04-30 21:23:56,864 - root - INFO - ics_type default
2025-04-30 21:23:56,864 - root - INFO - save_raw_forecasts True
2025-04-30 21:23:56,864 - root - INFO - save_channel False
2025-04-30 21:23:56,864 - root - INFO - masked_acc False
2025-04-30 21:23:56,864 - root - INFO - maskpath None
2025-04-30 21:23:56,864 - root - INFO - perturb False
2025-04-30 21:23:56,864 - root - INFO - add_grid False
2025-04-30 21:23:56,865 - root - INFO - N_grid_channels 0
2025-04-30 21:23:56,865 - root - INFO - gridtype sinusoidal
2025-04-30 21:23:56,865 - root - INFO - roll False
2025-04-30 21:23:56,865 - root - INFO - num_blocks 8
2025-04-30 21:23:56,865 - root - INFO - patch_size 8
2025-04-30 21:23:56,865 - root - INFO - width 56
2025-04-30 21:23:56,865 - root - INFO - modes 32
2025-04-30 21:23:56,865 - root - INFO - target default
2025-04-30 21:23:56,865 - root - INFO - normalization zscore
2025-04-30 21:23:56,865 - root - INFO - log_to_screen True
2025-04-30 21:23:56,865 - root - INFO - save_checkpoint True
2025-04-30 21:23:56,865 - root - INFO - enable_nhwc False
2025-04-30 21:23:56,865 - root - INFO - optimizer_type FusedAdam
2025-04-30 21:23:56,866 - root - INFO - crop_size_x None
2025-04-30 21:23:56,866 - root - INFO - crop_size_y None
2025-04-30 21:23:56,866 - root - INFO - two_step_training False
2025-04-30 21:23:56,866 - root - INFO - plot_animations False
2025-04-30 21:23:56,866 - root - INFO - add_noise False
2025-04-30 21:23:56,866 - root - INFO - noise_std 0
2025-04-30 21:23:56,866 - root - INFO - world_size 1
2025-04-30 21:23:56,866 - root - INFO - global_batch_size 64
2025-04-30 21:23:56,866 - root - INFO - experiment_dir /home/vatsal/NWM/FourcastNet/FourCastNet/output2/scratch/directory/ \
2025-04-30 21:23:56,866 - root - INFO - best_checkpoint_path /home/vatsal/NWM/FourcastNet/FourCastNet/weights/precip.ckpt
2025-04-30 21:23:56,866 - root - INFO - resuming False
2025-04-30 21:23:56,867 - root - INFO - local_rank 0
2025-04-30 21:23:56,867 - root - INFO - ---------------------------------------------------
2025-04-30 21:23:56,867 - root - INFO - Inference for 363 initial conditions
2025-04-30 21:26:31,044 - root - INFO - --------------- Versions ---------------
2025-04-30 21:26:31,048 - root - INFO - git branch: b'* master'
2025-04-30 21:26:31,052 - root - INFO - git hash: b'93360c1720a9f97aabf970689f21c9fad8737788'
2025-04-30 21:26:31,052 - root - INFO - Torch: 2.6.0+cu124
2025-04-30 21:26:31,052 - root - INFO - ----------------------------------------
2025-04-30 21:26:31,052 - root - INFO - ------------------ Configuration ------------------
2025-04-30 21:26:31,052 - root - INFO - Configuration file: /home/vatsal/NWM/FourcastNet/FourCastNet/config/AFNO.yaml
2025-04-30 21:26:31,052 - root - INFO - Configuration name: precip
2025-04-30 21:26:31,053 - root - INFO - in_channels [0, 1, 2, 3, 4, 5, 6, 7, 8, 9, 10, 11, 12, 13, 14, 15, 16, 17, 18, 19]
2025-04-30 21:26:31,053 - root - INFO - out_channels [0]
2025-04-30 21:26:31,053 - root - INFO - nettype afno
2025-04-30 21:26:31,053 - root - INFO - nettype_wind afno
2025-04-30 21:26:31,053 - root - INFO - log_to_wandb True
2025-04-30 21:26:31,053 - root - INFO - lr 0.00025
2025-04-30 21:26:31,053 - root - INFO - batch_size 64
2025-04-30 21:26:31,053 - root - INFO - max_epochs 25
2025-04-30 21:26:31,053 - root - INFO - precip /home/vatsal/Supreme/Fourcastnet_outofsample/percp_out_of_sample/
2025-04-30 21:26:31,053 - root - INFO - time_means_path_tp /home/vatsal/NWM/FourcastNet/stats_v0/precp/time_means.npy
2025-04-30 21:26:31,053 - root - INFO - model_wind_path /home/vatsal/NWM/FourcastNet/FourCastNet/training_checkpoints/backbone.ckpt
2025-04-30 21:26:31,053 - root - INFO - precip_eps 1e-05
2025-04-30 21:26:31,054 - root - INFO - scheduler CosineAnnealingLR
2025-04-30 21:26:31,054 - root - INFO - orography False
2025-04-30 21:26:31,054 - root - INFO - orography_path None
2025-04-30 21:26:31,054 - root - INFO - exp_dir /pscratch/sd/s/shas1693/results/era5_wind
2025-04-30 21:26:31,054 - root - INFO - train_data_path /pscratch/sd/s/shas1693/data/era5/train
2025-04-30 21:26:31,054 - root - INFO - valid_data_path /pscratch/sd/s/shas1693/data/era5/test
2025-04-30 21:26:31,054 - root - INFO - inf_data_path /home/vatsal/Supreme/Fourcastnet_outofsample/out_of_sample
2025-04-30 21:26:31,054 - root - INFO - time_means_path /home/vatsal/NWM/FourcastNet/stats_v0/time_means.npy
2025-04-30 21:26:31,054 - root - INFO - global_means_path /home/vatsal/NWM/FourcastNet/stats_v0/global_means.npy
2025-04-30 21:26:31,054 - root - INFO - global_stds_path /home/vatsal/NWM/FourcastNet/stats_v0/global_stds.npy
2025-04-30 21:26:31,054 - root - INFO - loss l2
2025-04-30 21:26:31,055 - root - INFO - num_data_workers 4
2025-04-30 21:26:31,055 - root - INFO - dt 1
2025-04-30 21:26:31,055 - root - INFO - n_history 0
2025-04-30 21:26:31,055 - root - INFO - prediction_type iterative
2025-04-30 21:26:31,055 - root - INFO - prediction_length 10
2025-04-30 21:26:31,055 - root - INFO - n_initial_conditions 5
2025-04-30 21:26:31,055 - root - INFO - ics_type default
2025-04-30 21:26:31,055 - root - INFO - save_raw_forecasts True
2025-04-30 21:26:31,055 - root - INFO - save_channel False
2025-04-30 21:26:31,055 - root - INFO - masked_acc False
2025-04-30 21:26:31,055 - root - INFO - maskpath None
2025-04-30 21:26:31,055 - root - INFO - perturb False
2025-04-30 21:26:31,056 - root - INFO - add_grid False
2025-04-30 21:26:31,056 - root - INFO - N_grid_channels 0
2025-04-30 21:26:31,056 - root - INFO - gridtype sinusoidal
2025-04-30 21:26:31,056 - root - INFO - roll False
2025-04-30 21:26:31,056 - root - INFO - num_blocks 8
2025-04-30 21:26:31,056 - root - INFO - patch_size 8
2025-04-30 21:26:31,056 - root - INFO - width 56
2025-04-30 21:26:31,056 - root - INFO - modes 32
2025-04-30 21:26:31,056 - root - INFO - target default
2025-04-30 21:26:31,056 - root - INFO - normalization zscore
2025-04-30 21:26:31,056 - root - INFO - log_to_screen True
2025-04-30 21:26:31,056 - root - INFO - save_checkpoint True
2025-04-30 21:26:31,057 - root - INFO - enable_nhwc False
2025-04-30 21:26:31,057 - root - INFO - optimizer_type FusedAdam
2025-04-30 21:26:31,057 - root - INFO - crop_size_x None
2025-04-30 21:26:31,057 - root - INFO - crop_size_y None
2025-04-30 21:26:31,057 - root - INFO - two_step_training False
2025-04-30 21:26:31,057 - root - INFO - plot_animations False
2025-04-30 21:26:31,057 - root - INFO - add_noise False
2025-04-30 21:26:31,057 - root - INFO - noise_std 0
2025-04-30 21:26:31,057 - root - INFO - world_size 1
2025-04-30 21:26:31,057 - root - INFO - global_batch_size 64
2025-04-30 21:26:31,057 - root - INFO - experiment_dir /home/vatsal/NWM/FourcastNet/FourCastNet/output2/scratch/directory/ \
2025-04-30 21:26:31,057 - root - INFO - best_checkpoint_path /home/vatsal/NWM/FourcastNet/FourCastNet/weights/precip.ckpt
2025-04-30 21:26:31,058 - root - INFO - resuming False
2025-04-30 21:26:31,058 - root - INFO - local_rank 0
2025-04-30 21:26:31,058 - root - INFO - ---------------------------------------------------
2025-04-30 21:26:31,058 - root - INFO - Inference for 363 initial conditions
2025-04-30 21:26:31,067 - root - INFO - Getting file stats from /home/vatsal/Supreme/Fourcastnet_outofsample/out_of_sample/output_file.h5
2025-04-30 21:26:31,069 - root - INFO - Number of samples per year: 21
2025-04-30 21:26:31,069 - root - INFO - Found data at path /home/vatsal/Supreme/Fourcastnet_outofsample/out_of_sample. Number of examples: 21. Image Shape: 720 x 1440 x 20
2025-04-30 21:26:31,069 - root - INFO - Delta t: 6 hours
2025-04-30 21:26:31,069 - root - INFO - Including 0 hours of past history in training at a frequency of 6 hours
2025-04-30 21:26:31,072 - root - INFO - Loading trained model checkpoint from /home/vatsal/NWM/FourcastNet/FourCastNet/weights/precip.ckpt
2025-04-30 21:26:33,429 - root - INFO - Loading validation data
2025-04-30 21:26:33,429 - root - INFO - Validation data from /home/vatsal/Supreme/Fourcastnet_outofsample/out_of_sample/output_file.h5
2025-04-30 21:26:33,441 - root - INFO - Loading validation precip data
2025-04-30 21:26:33,441 - root - INFO - Validation data from /home/vatsal/Supreme/Fourcastnet_outofsample/percp_out_of_sample/total_precp.h5
2025-04-30 21:26:33,443 - root - INFO - Initial condition 1 of 363
2025-04-30 21:26:42,830 - root - INFO - Begin autoregressive inference
2025-04-30 21:26:43,350 - root - INFO - Timestep 0 of 10. TP RMS Error: 0.0, ACC: 1.0
2025-04-30 21:26:43,719 - root - INFO - Timestep 1 of 10. TP RMS Error: 0.0003581540659070015, ACC: 0.9217292666435242
2025-04-30 21:26:43,885 - root - INFO - Timestep 2 of 10. TP RMS Error: 0.0003690424491651356, ACC: 0.9162532091140747
2025-04-30 21:26:44,047 - root - INFO - Timestep 3 of 10. TP RMS Error: 0.009019095450639725, ACC: -0.018811656162142754
2025-04-30 21:26:44,208 - root - INFO - Timestep 4 of 10. TP RMS Error: 16.206199645996094, ACC: -0.1361485719680786
2025-04-30 21:26:44,370 - root - INFO - Timestep 5 of 10. TP RMS Error: 513.0692138671875, ACC: -0.14710646867752075
2025-04-30 21:26:44,532 - root - INFO - Timestep 6 of 10. TP RMS Error: 1611.1854248046875, ACC: -0.14019697904586792
2025-04-30 21:26:44,693 - root - INFO - Timestep 7 of 10. TP RMS Error: 1493.814697265625, ACC: -0.13154564797878265
2025-04-30 21:26:44,855 - root - INFO - Timestep 8 of 10. TP RMS Error: 856.7032470703125, ACC: -0.1280200332403183
2025-04-30 21:26:45,016 - root - INFO - Timestep 9 of 10. TP RMS Error: 450.9708557128906, ACC: -0.12719079852104187
2025-04-30 21:26:45,055 - root - INFO - Initial condition 2 of 363
2025-04-30 21:26:50,044 - root - INFO - Begin autoregressive inference
2025-04-30 21:26:50,208 - root - INFO - Timestep 0 of 10. TP RMS Error: 0.0, ACC: 1.0
2025-04-30 21:26:50,370 - root - INFO - Timestep 1 of 10. TP RMS Error: nan, ACC: nan
2025-04-30 21:26:50,532 - root - INFO - Timestep 2 of 10. TP RMS Error: nan, ACC: nan
2025-04-30 21:26:50,695 - root - INFO - Timestep 3 of 10. TP RMS Error: nan, ACC: nan
2025-04-30 21:26:50,857 - root - INFO - Timestep 4 of 10. TP RMS Error: nan, ACC: nan
2025-04-30 21:26:51,019 - root - INFO - Timestep 5 of 10. TP RMS Error: inf, ACC: -0.0
2025-04-30 21:26:51,181 - root - INFO - Timestep 6 of 10. TP RMS Error: 10870.8447265625, ACC: -0.0062170932069420815
2025-04-30 21:26:51,342 - root - INFO - Timestep 7 of 10. TP RMS Error: 0.004111373797059059, ACC: 0.18334639072418213
2025-04-30 21:26:51,504 - root - INFO - Timestep 8 of 10. TP RMS Error: 0.0008340952917933464, ACC: 0.7070529460906982
2025-04-30 21:26:51,666 - root - INFO - Timestep 9 of 10. TP RMS Error: 0.0012163578066974878, ACC: 0.5438339114189148
2025-04-30 21:26:51,754 - root - INFO - Initial condition 3 of 363
2025-04-30 21:26:56,639 - root - INFO - Begin autoregressive inference
2025-04-30 21:26:56,804 - root - INFO - Timestep 0 of 10. TP RMS Error: 0.0, ACC: 1.0
2025-04-30 21:26:56,967 - root - INFO - Timestep 1 of 10. TP RMS Error: 864981221376.0, ACC: -0.003365793963894248
2025-04-30 21:26:57,130 - root - INFO - Timestep 2 of 10. TP RMS Error: 1449944.375, ACC: -0.006822572555392981
2025-04-30 21:26:57,293 - root - INFO - Timestep 3 of 10. TP RMS Error: 1180280.5, ACC: -0.008619198575615883
2025-04-30 21:26:57,456 - root - INFO - Timestep 4 of 10. TP RMS Error: 13136834.0, ACC: -0.008680093102157116
2025-04-30 21:26:57,618 - root - INFO - Timestep 5 of 10. TP RMS Error: 41769956.0, ACC: -0.007310366723686457
2025-04-30 21:26:57,781 - root - INFO - Timestep 6 of 10. TP RMS Error: 31614196.0, ACC: -0.008172811940312386
2025-04-30 21:26:57,943 - root - INFO - Timestep 7 of 10. TP RMS Error: 16680194.0, ACC: -0.008600038476288319
2025-04-30 21:26:58,105 - root - INFO - Timestep 8 of 10. TP RMS Error: 9410897.0, ACC: -0.009194249287247658
2025-04-30 21:26:58,267 - root - INFO - Timestep 9 of 10. TP RMS Error: 5162425.5, ACC: -0.009708005003631115
2025-04-30 21:26:58,376 - root - INFO - Initial condition 4 of 363
2025-04-30 21:27:02,438 - root - INFO - Begin autoregressive inference
2025-04-30 21:27:02,602 - root - INFO - Timestep 0 of 10. TP RMS Error: 0.0, ACC: 1.0
2025-04-30 21:27:02,764 - root - INFO - Timestep 1 of 10. TP RMS Error: 0.0003362764837220311, ACC: 0.9318388104438782
2025-04-30 21:27:02,926 - root - INFO - Timestep 2 of 10. TP RMS Error: 0.00033642243943177164, ACC: 0.9318985939025879
2025-04-30 21:27:03,088 - root - INFO - Timestep 3 of 10. TP RMS Error: 0.011175120249390602, ACC: -0.02821296826004982
2025-04-30 21:27:03,249 - root - INFO - Timestep 4 of 10. TP RMS Error: 17.967878341674805, ACC: -0.1337108016014099
2025-04-30 21:27:03,411 - root - INFO - Timestep 5 of 10. TP RMS Error: 538.7698364257812, ACC: -0.148600235581398
2025-04-30 21:27:03,573 - root - INFO - Timestep 6 of 10. TP RMS Error: 1650.6796875, ACC: -0.14380274713039398
2025-04-30 21:27:03,735 - root - INFO - Timestep 7 of 10. TP RMS Error: 1512.4013671875, ACC: -0.13616572320461273
2025-04-30 21:28:19,470 - root - INFO - --------------- Versions ---------------
2025-04-30 21:28:19,474 - root - INFO - git branch: b'* master'
2025-04-30 21:28:19,477 - root - INFO - git hash: b'93360c1720a9f97aabf970689f21c9fad8737788'
2025-04-30 21:28:19,478 - root - INFO - Torch: 2.6.0+cu124
2025-04-30 21:28:19,478 - root - INFO - ----------------------------------------
2025-04-30 21:28:19,478 - root - INFO - ------------------ Configuration ------------------
2025-04-30 21:28:19,478 - root - INFO - Configuration file: /home/vatsal/NWM/FourcastNet/FourCastNet/config/AFNO.yaml
2025-04-30 21:28:19,478 - root - INFO - Configuration name: precip
2025-04-30 21:28:19,478 - root - INFO - in_channels [0, 1, 2, 3, 4, 5, 6, 7, 8, 9, 10, 11, 12, 13, 14, 15, 16, 17, 18, 19]
2025-04-30 21:28:19,479 - root - INFO - out_channels [0]
2025-04-30 21:28:19,479 - root - INFO - nettype afno
2025-04-30 21:28:19,479 - root - INFO - nettype_wind afno
2025-04-30 21:28:19,479 - root - INFO - log_to_wandb True
2025-04-30 21:28:19,479 - root - INFO - lr 0.00025
2025-04-30 21:28:19,479 - root - INFO - batch_size 64
2025-04-30 21:28:19,479 - root - INFO - max_epochs 25
2025-04-30 21:28:19,479 - root - INFO - precip /home/vatsal/Supreme/Fourcastnet_outofsample/percp_out_of_sample/
2025-04-30 21:28:19,480 - root - INFO - time_means_path_tp /home/vatsal/NWM/FourcastNet/stats_v0/precp/time_means.npy
2025-04-30 21:28:19,480 - root - INFO - model_wind_path /home/vatsal/NWM/FourcastNet/FourCastNet/training_checkpoints/backbone.ckpt
2025-04-30 21:28:19,480 - root - INFO - precip_eps 1e-05
2025-04-30 21:28:19,480 - root - INFO - scheduler CosineAnnealingLR
2025-04-30 21:28:19,480 - root - INFO - orography False
2025-04-30 21:28:19,480 - root - INFO - orography_path None
2025-04-30 21:28:19,480 - root - INFO - exp_dir /pscratch/sd/s/shas1693/results/era5_wind
2025-04-30 21:28:19,480 - root - INFO - train_data_path /pscratch/sd/s/shas1693/data/era5/train
2025-04-30 21:28:19,481 - root - INFO - valid_data_path /pscratch/sd/s/shas1693/data/era5/test
2025-04-30 21:28:19,481 - root - INFO - inf_data_path /home/vatsal/Supreme/Fourcastnet_outofsample/out_of_sample
2025-04-30 21:28:19,481 - root - INFO - time_means_path /home/vatsal/NWM/FourcastNet/stats_v0/time_means.npy
2025-04-30 21:28:19,481 - root - INFO - global_means_path /home/vatsal/NWM/FourcastNet/stats_v0/global_means.npy
2025-04-30 21:28:19,481 - root - INFO - global_stds_path /home/vatsal/NWM/FourcastNet/stats_v0/global_stds.npy
2025-04-30 21:28:19,481 - root - INFO - loss l2
2025-04-30 21:28:19,481 - root - INFO - num_data_workers 4
2025-04-30 21:28:19,481 - root - INFO - dt 1
2025-04-30 21:28:19,481 - root - INFO - n_history 0
2025-04-30 21:28:19,482 - root - INFO - prediction_type iterative
2025-04-30 21:28:19,482 - root - INFO - prediction_length 10
2025-04-30 21:28:19,482 - root - INFO - n_initial_conditions 5
2025-04-30 21:28:19,482 - root - INFO - ics_type default
2025-04-30 21:28:19,482 - root - INFO - save_raw_forecasts True
2025-04-30 21:28:19,482 - root - INFO - save_channel False
2025-04-30 21:28:19,482 - root - INFO - masked_acc False
2025-04-30 21:28:19,482 - root - INFO - maskpath None
2025-04-30 21:28:19,483 - root - INFO - perturb False
2025-04-30 21:28:19,483 - root - INFO - add_grid False
2025-04-30 21:28:19,483 - root - INFO - N_grid_channels 0
2025-04-30 21:28:19,483 - root - INFO - gridtype sinusoidal
2025-04-30 21:28:19,483 - root - INFO - roll False
2025-04-30 21:28:19,483 - root - INFO - num_blocks 8
2025-04-30 21:28:19,483 - root - INFO - patch_size 8
2025-04-30 21:28:19,483 - root - INFO - width 56
2025-04-30 21:28:19,484 - root - INFO - modes 32
2025-04-30 21:28:19,484 - root - INFO - target default
2025-04-30 21:28:19,484 - root - INFO - normalization zscore
2025-04-30 21:28:19,484 - root - INFO - log_to_screen True
2025-04-30 21:28:19,484 - root - INFO - save_checkpoint True
2025-04-30 21:28:19,484 - root - INFO - enable_nhwc False
2025-04-30 21:28:19,484 - root - INFO - optimizer_type FusedAdam
2025-04-30 21:28:19,485 - root - INFO - crop_size_x None
2025-04-30 21:28:19,485 - root - INFO - crop_size_y None
2025-04-30 21:28:19,485 - root - INFO - two_step_training False
2025-04-30 21:28:19,485 - root - INFO - plot_animations False
2025-04-30 21:28:19,485 - root - INFO - add_noise False
2025-04-30 21:28:19,485 - root - INFO - noise_std 0
2025-04-30 21:28:19,485 - root - INFO - world_size 1
2025-04-30 21:28:19,485 - root - INFO - global_batch_size 64
2025-04-30 21:28:19,485 - root - INFO - experiment_dir /home/vatsal/NWM/FourcastNet/FourCastNet/output2/scratch/directory/ \
2025-04-30 21:28:19,486 - root - INFO - best_checkpoint_path /home/vatsal/NWM/FourcastNet/FourCastNet/weights/precip.ckpt
2025-04-30 21:28:19,486 - root - INFO - resuming False
2025-04-30 21:28:19,486 - root - INFO - local_rank 0
2025-04-30 21:28:19,486 - root - INFO - ---------------------------------------------------
2025-04-30 21:28:19,486 - root - INFO - Inference for 1450 initial conditions
2025-04-30 21:28:19,645 - root - INFO - Getting file stats from /home/vatsal/Supreme/Fourcastnet_outofsample/out_of_sample/output_file.h5
2025-04-30 21:28:19,646 - root - INFO - Number of samples per year: 21
2025-04-30 21:28:19,646 - root - INFO - Found data at path /home/vatsal/Supreme/Fourcastnet_outofsample/out_of_sample. Number of examples: 21. Image Shape: 720 x 1440 x 20
2025-04-30 21:28:19,646 - root - INFO - Delta t: 6 hours
2025-04-30 21:28:19,646 - root - INFO - Including 0 hours of past history in training at a frequency of 6 hours
2025-04-30 21:28:19,648 - root - INFO - Loading trained model checkpoint from /home/vatsal/NWM/FourcastNet/FourCastNet/weights/precip.ckpt
2025-04-30 21:28:22,048 - root - INFO - Loading validation data
2025-04-30 21:28:22,048 - root - INFO - Validation data from /home/vatsal/Supreme/Fourcastnet_outofsample/out_of_sample/output_file.h5
2025-04-30 21:28:22,079 - root - INFO - Loading validation precip data
2025-04-30 21:28:22,079 - root - INFO - Validation data from /home/vatsal/Supreme/Fourcastnet_outofsample/percp_out_of_sample/total_precp.h5
2025-04-30 21:28:22,081 - root - INFO - Initial condition 1 of 1450
2025-04-30 21:28:31,532 - root - INFO - Begin autoregressive inference
2025-04-30 21:28:32,089 - root - INFO - Timestep 0 of 10. TP RMS Error: 0.0, ACC: 1.0
2025-04-30 21:28:32,458 - root - INFO - Timestep 1 of 10. TP RMS Error: 0.0003581540659070015, ACC: 0.9217292666435242
2025-04-30 21:28:32,623 - root - INFO - Timestep 2 of 10. TP RMS Error: 0.0003690424491651356, ACC: 0.9162532091140747
2025-04-30 21:28:32,784 - root - INFO - Timestep 3 of 10. TP RMS Error: 0.009019095450639725, ACC: -0.018811656162142754
2025-04-30 21:28:32,946 - root - INFO - Timestep 4 of 10. TP RMS Error: 16.206199645996094, ACC: -0.1361485719680786
2025-04-30 21:28:33,107 - root - INFO - Timestep 5 of 10. TP RMS Error: 513.0692138671875, ACC: -0.14710646867752075
2025-04-30 21:28:33,269 - root - INFO - Timestep 6 of 10. TP RMS Error: 1611.1854248046875, ACC: -0.14019697904586792
2025-04-30 21:28:33,430 - root - INFO - Timestep 7 of 10. TP RMS Error: 1493.814697265625, ACC: -0.13154564797878265
2025-04-30 21:28:33,592 - root - INFO - Timestep 8 of 10. TP RMS Error: 856.7032470703125, ACC: -0.1280200332403183
2025-04-30 21:28:33,753 - root - INFO - Timestep 9 of 10. TP RMS Error: 450.9708557128906, ACC: -0.12719079852104187
2025-04-30 21:28:33,792 - root - INFO - Initial condition 2 of 1450
2025-04-30 21:28:36,430 - root - INFO - Begin autoregressive inference
2025-04-30 21:28:36,596 - root - INFO - Timestep 0 of 10. TP RMS Error: 0.0, ACC: 1.0
2025-04-30 21:28:36,758 - root - INFO - Timestep 1 of 10. TP RMS Error: 0.0003690424491651356, ACC: 0.9162532091140747
2025-04-30 21:28:36,920 - root - INFO - Timestep 2 of 10. TP RMS Error: 0.00036917036049999297, ACC: 0.916155219078064
2025-04-30 21:28:37,081 - root - INFO - Timestep 3 of 10. TP RMS Error: 0.009103721007704735, ACC: -0.018509680405259132
2025-04-30 21:28:37,243 - root - INFO - Timestep 4 of 10. TP RMS Error: 16.271411895751953, ACC: -0.13510113954544067
2025-04-30 21:28:37,405 - root - INFO - Timestep 5 of 10. TP RMS Error: 512.9192504882812, ACC: -0.14415572583675385
2025-04-30 21:28:37,567 - root - INFO - Timestep 6 of 10. TP RMS Error: 1607.2911376953125, ACC: -0.1395740509033203
2025-04-30 21:28:37,728 - root - INFO - Timestep 7 of 10. TP RMS Error: 1489.4632568359375, ACC: -0.1321176290512085
2025-04-30 21:28:37,890 - root - INFO - Timestep 8 of 10. TP RMS Error: 854.4636840820312, ACC: -0.12864941358566284
2025-04-30 21:28:38,051 - root - INFO - Timestep 9 of 10. TP RMS Error: 450.05084228515625, ACC: -0.12638549506664276
2025-04-30 21:28:38,138 - root - INFO - Initial condition 3 of 1450
2025-04-30 21:28:40,834 - root - INFO - Begin autoregressive inference
2025-04-30 21:28:40,997 - root - INFO - Timestep 0 of 10. TP RMS Error: 0.0, ACC: 1.0
2025-04-30 21:28:41,159 - root - INFO - Timestep 1 of 10. TP RMS Error: 0.00036917036049999297, ACC: 0.916155219078064
2025-04-30 21:28:41,321 - root - INFO - Timestep 2 of 10. TP RMS Error: 0.00036998841096647084, ACC: 0.9142718315124512
2025-04-30 21:28:41,483 - root - INFO - Timestep 3 of 10. TP RMS Error: 1.2114746570587158, ACC: -0.11114002764225006
2025-04-30 21:28:41,645 - root - INFO - Timestep 4 of 10. TP RMS Error: 226.657958984375, ACC: -0.13403478264808655
2025-04-30 21:28:41,806 - root - INFO - Timestep 5 of 10. TP RMS Error: 1513.69677734375, ACC: -0.14513085782527924
2025-04-30 21:28:41,968 - root - INFO - Timestep 6 of 10. TP RMS Error: 2105.079833984375, ACC: -0.1422547996044159
2025-04-30 21:28:42,129 - root - INFO - Timestep 7 of 10. TP RMS Error: 1394.8133544921875, ACC: -0.13550475239753723
2025-04-30 21:28:42,291 - root - INFO - Timestep 8 of 10. TP RMS Error: 729.3052978515625, ACC: -0.13000786304473877
2025-04-30 21:28:42,452 - root - INFO - Timestep 9 of 10. TP RMS Error: 384.69775390625, ACC: -0.13025018572807312
2025-04-30 21:28:42,559 - root - INFO - Initial condition 4 of 1450
2025-04-30 21:28:45,230 - root - INFO - Begin autoregressive inference
2025-04-30 21:28:45,394 - root - INFO - Timestep 0 of 10. TP RMS Error: 0.0, ACC: 1.0
2025-04-30 21:28:45,556 - root - INFO - Timestep 1 of 10. TP RMS Error: nan, ACC: nan
2025-04-30 21:28:45,718 - root - INFO - Timestep 2 of 10. TP RMS Error: nan, ACC: nan
2025-04-30 21:28:45,880 - root - INFO - Timestep 3 of 10. TP RMS Error: nan, ACC: nan
2025-04-30 21:28:46,043 - root - INFO - Timestep 4 of 10. TP RMS Error: nan, ACC: nan
2025-04-30 21:28:46,205 - root - INFO - Timestep 5 of 10. TP RMS Error: inf, ACC: -0.0
2025-04-30 21:28:46,367 - root - INFO - Timestep 6 of 10. TP RMS Error: 10870.8447265625, ACC: -0.0061624073423445225
2025-04-30 21:28:46,529 - root - INFO - Timestep 7 of 10. TP RMS Error: 0.004113486967980862, ACC: 0.18091310560703278
2025-04-30 21:28:46,691 - root - INFO - Timestep 8 of 10. TP RMS Error: 0.0008382864762097597, ACC: 0.7032862305641174
2025-04-30 21:28:46,853 - root - INFO - Timestep 9 of 10. TP RMS Error: 0.0012148505775257945, ACC: 0.5454097390174866
2025-04-30 21:28:46,980 - root - INFO - Initial condition 5 of 1450
2025-04-30 21:28:49,569 - root - INFO - Begin autoregressive inference
2025-04-30 21:28:49,732 - root - INFO - Timestep 0 of 10. TP RMS Error: 0.0, ACC: 1.0
2025-04-30 21:28:49,895 - root - INFO - Timestep 1 of 10. TP RMS Error: nan, ACC: nan
2025-04-30 21:28:50,057 - root - INFO - Timestep 2 of 10. TP RMS Error: nan, ACC: nan
2025-04-30 21:28:50,219 - root - INFO - Timestep 3 of 10. TP RMS Error: nan, ACC: nan
2025-04-30 21:28:50,382 - root - INFO - Timestep 4 of 10. TP RMS Error: nan, ACC: nan
2025-04-30 21:28:50,545 - root - INFO - Timestep 5 of 10. TP RMS Error: inf, ACC: -0.0
2025-04-30 21:28:50,707 - root - INFO - Timestep 6 of 10. TP RMS Error: 10870.8447265625, ACC: -0.0062170932069420815
2025-04-30 21:28:50,869 - root - INFO - Timestep 7 of 10. TP RMS Error: 0.004111373797059059, ACC: 0.18334639072418213
2025-04-30 21:28:51,031 - root - INFO - Timestep 8 of 10. TP RMS Error: 0.0008340952917933464, ACC: 0.7070529460906982
2025-04-30 21:28:51,193 - root - INFO - Timestep 9 of 10. TP RMS Error: 0.0012163578066974878, ACC: 0.5438339114189148
2025-04-30 21:28:51,340 - root - INFO - Initial condition 6 of 1450
2025-04-30 21:28:53,961 - root - INFO - Begin autoregressive inference
2025-04-30 21:28:54,125 - root - INFO - Timestep 0 of 10. TP RMS Error: 0.0, ACC: 1.0
2025-04-30 21:28:54,287 - root - INFO - Timestep 1 of 10. TP RMS Error: 0.00039334307075478137, ACC: 0.903700590133667
2025-04-30 21:28:54,450 - root - INFO - Timestep 2 of 10. TP RMS Error: 0.0003989354881923646, ACC: 0.8995783925056458
2025-04-30 21:28:54,612 - root - INFO - Timestep 3 of 10. TP RMS Error: 1.1494512557983398, ACC: -0.10895238071680069
2025-04-30 21:28:54,774 - root - INFO - Timestep 4 of 10. TP RMS Error: 222.7349853515625, ACC: -0.13515834510326385
2025-04-30 21:28:54,935 - root - INFO - Timestep 5 of 10. TP RMS Error: 1516.310302734375, ACC: -0.1467543989419937
2025-04-30 21:28:55,097 - root - INFO - Timestep 6 of 10. TP RMS Error: 2124.33740234375, ACC: -0.14586222171783447
2025-04-30 21:28:55,259 - root - INFO - Timestep 7 of 10. TP RMS Error: 1409.170166015625, ACC: -0.13982464373111725
2025-04-30 21:28:55,421 - root - INFO - Timestep 8 of 10. TP RMS Error: 736.0802001953125, ACC: -0.13498260080814362
2025-04-30 21:28:55,582 - root - INFO - Timestep 9 of 10. TP RMS Error: 387.498291015625, ACC: -0.1322772353887558
2025-04-30 21:28:55,755 - root - INFO - Initial condition 7 of 1450
2025-04-30 21:28:58,425 - root - INFO - Begin autoregressive inference
2025-04-30 21:28:58,591 - root - INFO - Timestep 0 of 10. TP RMS Error: 0.0, ACC: 1.0
2025-04-30 21:28:58,754 - root - INFO - Timestep 1 of 10. TP RMS Error: 0.00040040636667981744, ACC: 0.8999713063240051
2025-04-30 21:28:58,916 - root - INFO - Timestep 2 of 10. TP RMS Error: 0.0003870824002660811, ACC: 0.9068717360496521
2025-04-30 21:28:59,077 - root - INFO - Timestep 3 of 10. TP RMS Error: 0.009072858840227127, ACC: -0.01688869670033455
2025-04-30 21:28:59,239 - root - INFO - Timestep 4 of 10. TP RMS Error: 16.25067710876465, ACC: -0.13459450006484985
2025-04-30 21:28:59,401 - root - INFO - Timestep 5 of 10. TP RMS Error: 513.9706420898438, ACC: -0.14877042174339294
2025-04-30 21:28:59,563 - root - INFO - Timestep 6 of 10. TP RMS Error: 1613.5291748046875, ACC: -0.1460912972688675
2025-04-30 21:28:59,725 - root - INFO - Timestep 7 of 10. TP RMS Error: 1495.59765625, ACC: -0.13758835196495056
2025-04-30 21:28:59,887 - root - INFO - Timestep 8 of 10. TP RMS Error: 857.5115966796875, ACC: -0.13237735629081726
2025-04-30 21:29:00,048 - root - INFO - Timestep 9 of 10. TP RMS Error: 451.2654724121094, ACC: -0.12997035682201385
2025-04-30 21:29:00,236 - root - INFO - Initial condition 8 of 1450
2025-04-30 21:29:02,848 - root - INFO - Begin autoregressive inference
2025-04-30 21:29:03,012 - root - INFO - Timestep 0 of 10. TP RMS Error: 0.0, ACC: 1.0
2025-04-30 21:29:03,174 - root - INFO - Timestep 1 of 10. TP RMS Error: 0.0003870824002660811, ACC: 0.9068717360496521
2025-04-30 21:29:03,336 - root - INFO - Timestep 2 of 10. TP RMS Error: 0.0003639825154095888, ACC: 0.9183881282806396
2025-04-30 21:29:03,498 - root - INFO - Timestep 3 of 10. TP RMS Error: 0.009159169159829617, ACC: -0.017404228448867798
2025-04-30 21:29:03,660 - root - INFO - Timestep 4 of 10. TP RMS Error: 16.309768676757812, ACC: -0.1367780566215515
2025-04-30 21:29:03,823 - root - INFO - Timestep 5 of 10. TP RMS Error: 513.5277099609375, ACC: -0.1502634733915329
2025-04-30 21:29:03,984 - root - INFO - Timestep 6 of 10. TP RMS Error: 1608.75390625, ACC: -0.14570748805999756
2025-04-30 21:29:04,146 - root - INFO - Timestep 7 of 10. TP RMS Error: 1490.5909423828125, ACC: -0.1367575228214264
2025-04-30 21:29:04,308 - root - INFO - Timestep 8 of 10. TP RMS Error: 854.948974609375, ACC: -0.13152293860912323
2025-04-30 21:29:04,469 - root - INFO - Timestep 9 of 10. TP RMS Error: 450.2247619628906, ACC: -0.12945707142353058
2025-04-30 21:29:04,682 - root - INFO - Initial condition 9 of 1450
2025-04-30 21:29:07,306 - root - INFO - Begin autoregressive inference
2025-04-30 21:29:07,472 - root - INFO - Timestep 0 of 10. TP RMS Error: 0.0, ACC: 1.0
2025-04-30 21:29:07,636 - root - INFO - Timestep 1 of 10. TP RMS Error: 864981221376.0, ACC: -0.003365793963894248
2025-04-30 21:29:07,800 - root - INFO - Timestep 2 of 10. TP RMS Error: 1449944.375, ACC: -0.006822572555392981
2025-04-30 21:29:07,963 - root - INFO - Timestep 3 of 10. TP RMS Error: 1180280.5, ACC: -0.008619198575615883
2025-04-30 21:29:08,126 - root - INFO - Timestep 4 of 10. TP RMS Error: 13136834.0, ACC: -0.008680093102157116
2025-04-30 21:29:08,289 - root - INFO - Timestep 5 of 10. TP RMS Error: 41769956.0, ACC: -0.007310366723686457
2025-04-30 21:29:08,452 - root - INFO - Timestep 6 of 10. TP RMS Error: 31614196.0, ACC: -0.008172811940312386
2025-04-30 21:29:08,615 - root - INFO - Timestep 7 of 10. TP RMS Error: 16680194.0, ACC: -0.008600038476288319
2025-04-30 21:29:08,777 - root - INFO - Timestep 8 of 10. TP RMS Error: 9410897.0, ACC: -0.009194249287247658
2025-04-30 21:29:08,939 - root - INFO - Timestep 9 of 10. TP RMS Error: 5162425.5, ACC: -0.009708005003631115
2025-04-30 21:29:09,174 - root - INFO - Initial condition 10 of 1450
2025-04-30 21:29:11,849 - root - INFO - Begin autoregressive inference
2025-04-30 21:29:12,015 - root - INFO - Timestep 0 of 10. TP RMS Error: 0.0, ACC: 1.0
2025-04-30 21:29:12,178 - root - INFO - Timestep 1 of 10. TP RMS Error: 0.00035956321517005563, ACC: 0.9204533696174622
2025-04-30 21:29:12,340 - root - INFO - Timestep 2 of 10. TP RMS Error: 0.00034080707700923085, ACC: 0.9293393492698669
2025-04-30 21:29:12,502 - root - INFO - Timestep 3 of 10. TP RMS Error: 0.009535303339362144, ACC: -0.02184281311929226
2025-04-30 21:29:12,664 - root - INFO - Timestep 4 of 10. TP RMS Error: 16.634841918945312, ACC: -0.13866126537322998
2025-04-30 21:29:12,826 - root - INFO - Timestep 5 of 10. TP RMS Error: 519.6914672851562, ACC: -0.1501922607421875
2025-04-30 21:29:12,988 - root - INFO - Timestep 6 of 10. TP RMS Error: 1622.8824462890625, ACC: -0.1453104019165039
2025-04-30 21:29:13,150 - root - INFO - Timestep 7 of 10. TP RMS Error: 1500.5921630859375, ACC: -0.13619869947433472
2025-04-30 21:29:13,312 - root - INFO - Timestep 8 of 10. TP RMS Error: 859.2886962890625, ACC: -0.1323268860578537
2025-04-30 21:29:13,473 - root - INFO - Timestep 9 of 10. TP RMS Error: 451.865234375, ACC: -0.1294833868741989
2025-04-30 21:29:13,728 - root - INFO - Initial condition 11 of 1450
2025-04-30 21:29:16,340 - root - INFO - Begin autoregressive inference
2025-04-30 21:29:16,506 - root - INFO - Timestep 0 of 10. TP RMS Error: 0.0, ACC: 1.0
2025-04-30 21:29:16,669 - root - INFO - Timestep 1 of 10. TP RMS Error: 0.00034080707700923085, ACC: 0.9293393492698669
2025-04-30 21:29:16,832 - root - INFO - Timestep 2 of 10. TP RMS Error: 0.0003307263250462711, ACC: 0.9342641234397888
2025-04-30 21:29:16,994 - root - INFO - Timestep 3 of 10. TP RMS Error: 0.009156015701591969, ACC: -0.01867133565247059
2025-04-30 21:29:17,156 - root - INFO - Timestep 4 of 10. TP RMS Error: 16.289037704467773, ACC: -0.137232705950737
2025-04-30 21:29:17,319 - root - INFO - Timestep 5 of 10. TP RMS Error: 513.4058837890625, ACC: -0.14910301566123962
2025-04-30 21:29:17,481 - root - INFO - Timestep 6 of 10. TP RMS Error: 1609.546630859375, ACC: -0.14412681758403778
2025-04-30 21:29:17,642 - root - INFO - Timestep 7 of 10. TP RMS Error: 1491.557373046875, ACC: -0.13656476140022278
2025-04-30 21:29:17,804 - root - INFO - Timestep 8 of 10. TP RMS Error: 855.4226684570312, ACC: -0.13074278831481934
2025-04-30 21:29:17,966 - root - INFO - Timestep 9 of 10. TP RMS Error: 450.3800354003906, ACC: -0.12957243621349335
2025-04-30 21:29:18,241 - root - INFO - Initial condition 12 of 1450
2025-04-30 21:29:20,877 - root - INFO - Begin autoregressive inference
2025-04-30 21:29:21,042 - root - INFO - Timestep 0 of 10. TP RMS Error: 0.0, ACC: 1.0
2025-04-30 21:29:21,204 - root - INFO - Timestep 1 of 10. TP RMS Error: nan, ACC: nan
2025-04-30 21:29:21,367 - root - INFO - Timestep 2 of 10. TP RMS Error: nan, ACC: nan
2025-04-30 21:29:21,529 - root - INFO - Timestep 3 of 10. TP RMS Error: inf, ACC: -0.0
2025-04-30 21:29:21,692 - root - INFO - Timestep 4 of 10. TP RMS Error: 1408201600.0, ACC: -0.009047483094036579
2025-04-30 21:29:21,855 - root - INFO - Timestep 5 of 10. TP RMS Error: 164981.96875, ACC: -0.00957433506846428
2025-04-30 21:29:22,017 - root - INFO - Timestep 6 of 10. TP RMS Error: 1012.1663208007812, ACC: -0.01569371484220028
2025-04-30 21:29:22,180 - root - INFO - Timestep 7 of 10. TP RMS Error: 68.819580078125, ACC: -0.028247632086277008
2025-04-30 21:29:22,342 - root - INFO - Timestep 8 of 10. TP RMS Error: 20.51200294494629, ACC: -0.04802005738019943
2025-04-30 21:29:22,504 - root - INFO - Timestep 9 of 10. TP RMS Error: 13.116839408874512, ACC: -0.07495907694101334
2025-04-30 21:29:22,801 - root - INFO - Initial condition 13 of 1450
2025-04-30 21:29:24,501 - root - INFO - Begin autoregressive inference
2025-04-30 21:29:24,664 - root - INFO - Timestep 0 of 10. TP RMS Error: 0.0, ACC: 1.0
2025-04-30 21:29:24,827 - root - INFO - Timestep 1 of 10. TP RMS Error: 0.0003362764837220311, ACC: 0.9318388104438782
2025-04-30 21:29:24,989 - root - INFO - Timestep 2 of 10. TP RMS Error: 0.00033642243943177164, ACC: 0.9318985939025879
2025-04-30 21:29:25,152 - root - INFO - Timestep 3 of 10. TP RMS Error: 0.011175120249390602, ACC: -0.02821296826004982
2025-04-30 21:29:25,314 - root - INFO - Timestep 4 of 10. TP RMS Error: 17.967878341674805, ACC: -0.1337108016014099
2025-04-30 21:29:25,476 - root - INFO - Timestep 5 of 10. TP RMS Error: 538.7698364257812, ACC: -0.148600235581398
2025-04-30 21:29:25,638 - root - INFO - Timestep 6 of 10. TP RMS Error: 1650.6796875, ACC: -0.14380274713039398
2025-04-30 21:29:25,800 - root - INFO - Timestep 7 of 10. TP RMS Error: 1512.4013671875, ACC: -0.13616572320461273
2025-04-30 21:32:03,661 - root - INFO - --------------- Versions ---------------
2025-04-30 21:32:03,665 - root - INFO - git branch: b'* master'
2025-04-30 21:32:03,668 - root - INFO - git hash: b'93360c1720a9f97aabf970689f21c9fad8737788'
2025-04-30 21:32:03,668 - root - INFO - Torch: 2.6.0+cu124
2025-04-30 21:32:03,668 - root - INFO - ----------------------------------------
2025-04-30 21:32:03,668 - root - INFO - ------------------ Configuration ------------------
2025-04-30 21:32:03,668 - root - INFO - Configuration file: /home/vatsal/NWM/FourcastNet/FourCastNet/config/AFNO.yaml
2025-04-30 21:32:03,668 - root - INFO - Configuration name: precip
2025-04-30 21:32:03,669 - root - INFO - in_channels [0, 1, 2, 3, 4, 5, 6, 7, 8, 9, 10, 11, 12, 13, 14, 15, 16, 17, 18, 19]
2025-04-30 21:32:03,669 - root - INFO - out_channels [0]
2025-04-30 21:32:03,669 - root - INFO - nettype afno
2025-04-30 21:32:03,669 - root - INFO - nettype_wind afno
2025-04-30 21:32:03,669 - root - INFO - log_to_wandb True
2025-04-30 21:32:03,669 - root - INFO - lr 0.00025
2025-04-30 21:32:03,669 - root - INFO - batch_size 64
2025-04-30 21:32:03,669 - root - INFO - max_epochs 25
2025-04-30 21:32:03,669 - root - INFO - precip /home/vatsal/Supreme/Fourcastnet_outofsample/percp_out_of_sample/
2025-04-30 21:32:03,669 - root - INFO - time_means_path_tp /home/vatsal/NWM/FourcastNet/stats_v0/precp/time_means.npy
2025-04-30 21:32:03,669 - root - INFO - model_wind_path /home/vatsal/NWM/FourcastNet/FourCastNet/training_checkpoints/backbone.ckpt
2025-04-30 21:32:03,669 - root - INFO - precip_eps 1e-05
2025-04-30 21:32:03,670 - root - INFO - scheduler CosineAnnealingLR
2025-04-30 21:32:03,670 - root - INFO - orography False
2025-04-30 21:32:03,670 - root - INFO - orography_path None
2025-04-30 21:32:03,670 - root - INFO - exp_dir /pscratch/sd/s/shas1693/results/era5_wind
2025-04-30 21:32:03,670 - root - INFO - train_data_path /pscratch/sd/s/shas1693/data/era5/train
2025-04-30 21:32:03,670 - root - INFO - valid_data_path /pscratch/sd/s/shas1693/data/era5/test
2025-04-30 21:32:03,670 - root - INFO - inf_data_path /home/vatsal/Supreme/Fourcastnet_outofsample/out_of_sample
2025-04-30 21:32:03,670 - root - INFO - time_means_path /home/vatsal/NWM/FourcastNet/stats_v0/time_means.npy
2025-04-30 21:32:03,670 - root - INFO - global_means_path /home/vatsal/NWM/FourcastNet/stats_v0/global_means.npy
2025-04-30 21:32:03,670 - root - INFO - global_stds_path /home/vatsal/NWM/FourcastNet/stats_v0/global_stds.npy
2025-04-30 21:32:03,670 - root - INFO - loss l2
2025-04-30 21:32:03,671 - root - INFO - num_data_workers 4
2025-04-30 21:32:03,671 - root - INFO - dt 1
2025-04-30 21:32:03,671 - root - INFO - n_history 0
2025-04-30 21:32:03,671 - root - INFO - prediction_type iterative
2025-04-30 21:32:03,671 - root - INFO - prediction_length 10
2025-04-30 21:32:03,671 - root - INFO - n_initial_conditions 5
2025-04-30 21:32:03,671 - root - INFO - ics_type default
2025-04-30 21:32:03,671 - root - INFO - save_raw_forecasts True
2025-04-30 21:32:03,671 - root - INFO - save_channel False
2025-04-30 21:32:03,671 - root - INFO - masked_acc False
2025-04-30 21:32:03,671 - root - INFO - maskpath None
2025-04-30 21:32:03,671 - root - INFO - perturb False
2025-04-30 21:32:03,672 - root - INFO - add_grid False
2025-04-30 21:32:03,672 - root - INFO - N_grid_channels 0
2025-04-30 21:32:03,672 - root - INFO - gridtype sinusoidal
2025-04-30 21:32:03,672 - root - INFO - roll False
2025-04-30 21:32:03,672 - root - INFO - num_blocks 8
2025-04-30 21:32:03,672 - root - INFO - patch_size 8
2025-04-30 21:32:03,672 - root - INFO - width 56
2025-04-30 21:32:03,672 - root - INFO - modes 32
2025-04-30 21:32:03,672 - root - INFO - target default
2025-04-30 21:32:03,672 - root - INFO - normalization zscore
2025-04-30 21:32:03,672 - root - INFO - log_to_screen True
2025-04-30 21:32:03,672 - root - INFO - save_checkpoint True
2025-04-30 21:32:03,673 - root - INFO - enable_nhwc False
2025-04-30 21:32:03,673 - root - INFO - optimizer_type FusedAdam
2025-04-30 21:32:03,673 - root - INFO - crop_size_x None
2025-04-30 21:32:03,673 - root - INFO - crop_size_y None
2025-04-30 21:32:03,673 - root - INFO - two_step_training False
2025-04-30 21:32:03,673 - root - INFO - plot_animations False
2025-04-30 21:32:03,673 - root - INFO - add_noise False
2025-04-30 21:32:03,673 - root - INFO - noise_std 0
2025-04-30 21:32:03,673 - root - INFO - world_size 1
2025-04-30 21:32:03,673 - root - INFO - global_batch_size 64
2025-04-30 21:32:03,673 - root - INFO - experiment_dir /home/vatsal/NWM/FourcastNet/FourCastNet/output2/scratch/directory/ \
2025-04-30 21:32:03,673 - root - INFO - best_checkpoint_path /home/vatsal/NWM/FourcastNet/FourCastNet/weights/precip.ckpt
2025-04-30 21:32:03,674 - root - INFO - resuming False
2025-04-30 21:32:03,674 - root - INFO - local_rank 0
2025-04-30 21:32:03,674 - root - INFO - ---------------------------------------------------
2025-04-30 21:32:03,674 - root - INFO - Inference for 110 initial conditions
2025-04-30 21:32:03,838 - root - INFO - Getting file stats from /home/vatsal/Supreme/Fourcastnet_outofsample/out_of_sample/output_file.h5
2025-04-30 21:32:03,839 - root - INFO - Number of samples per year: 21
2025-04-30 21:32:03,839 - root - INFO - Found data at path /home/vatsal/Supreme/Fourcastnet_outofsample/out_of_sample. Number of examples: 21. Image Shape: 720 x 1440 x 20
2025-04-30 21:32:03,839 - root - INFO - Delta t: 6 hours
2025-04-30 21:32:03,839 - root - INFO - Including 0 hours of past history in training at a frequency of 6 hours
2025-04-30 21:32:03,842 - root - INFO - Loading trained model checkpoint from /home/vatsal/NWM/FourcastNet/FourCastNet/weights/precip.ckpt
2025-04-30 21:32:06,201 - root - INFO - Loading validation data
2025-04-30 21:32:06,201 - root - INFO - Validation data from /home/vatsal/Supreme/Fourcastnet_outofsample/out_of_sample/output_file.h5
2025-04-30 21:32:06,234 - root - INFO - Loading validation precip data
2025-04-30 21:32:06,234 - root - INFO - Validation data from /home/vatsal/Supreme/Fourcastnet_outofsample/percp_out_of_sample/total_precp.h5
2025-04-30 21:32:06,237 - root - INFO - Initial condition 1 of 110
2025-04-30 21:32:15,640 - root - INFO - Begin autoregressive inference
2025-04-30 21:32:16,155 - root - INFO - Timestep 0 of 10. TP RMS Error: 0.0, ACC: 1.0
2025-04-30 21:32:16,522 - root - INFO - Timestep 1 of 10. TP RMS Error: 0.0003581540659070015, ACC: 0.9217292666435242
2025-04-30 21:32:16,685 - root - INFO - Timestep 2 of 10. TP RMS Error: 0.0003690424491651356, ACC: 0.9162532091140747
2025-04-30 21:32:16,846 - root - INFO - Timestep 3 of 10. TP RMS Error: 0.009019095450639725, ACC: -0.018811656162142754
2025-04-30 21:32:17,008 - root - INFO - Timestep 4 of 10. TP RMS Error: 16.206199645996094, ACC: -0.1361485719680786
2025-04-30 21:32:17,170 - root - INFO - Timestep 5 of 10. TP RMS Error: 513.0692138671875, ACC: -0.14710646867752075
2025-04-30 21:32:17,331 - root - INFO - Timestep 6 of 10. TP RMS Error: 1611.1854248046875, ACC: -0.14019697904586792
2025-04-30 21:32:17,493 - root - INFO - Timestep 7 of 10. TP RMS Error: 1493.814697265625, ACC: -0.13154564797878265
2025-04-30 21:32:17,655 - root - INFO - Timestep 8 of 10. TP RMS Error: 856.7032470703125, ACC: -0.1280200332403183
2025-04-30 21:32:17,816 - root - INFO - Timestep 9 of 10. TP RMS Error: 450.9708557128906, ACC: -0.12719079852104187
2025-04-30 21:32:17,855 - root - INFO - Initial condition 2 of 110
2025-04-30 21:32:20,472 - root - INFO - Begin autoregressive inference
2025-04-30 21:32:20,638 - root - INFO - Timestep 0 of 10. TP RMS Error: 0.0, ACC: 1.0
2025-04-30 21:32:20,800 - root - INFO - Timestep 1 of 10. TP RMS Error: 0.0003690424491651356, ACC: 0.9162532091140747
2025-04-30 21:32:20,962 - root - INFO - Timestep 2 of 10. TP RMS Error: 0.00036917036049999297, ACC: 0.916155219078064
2025-04-30 21:32:21,125 - root - INFO - Timestep 3 of 10. TP RMS Error: 0.009103721007704735, ACC: -0.018509680405259132
2025-04-30 21:32:21,286 - root - INFO - Timestep 4 of 10. TP RMS Error: 16.271411895751953, ACC: -0.13510113954544067
2025-04-30 21:32:21,449 - root - INFO - Timestep 5 of 10. TP RMS Error: 512.9192504882812, ACC: -0.14415572583675385
2025-04-30 21:32:21,610 - root - INFO - Timestep 6 of 10. TP RMS Error: 1607.2911376953125, ACC: -0.1395740509033203
2025-04-30 21:32:21,772 - root - INFO - Timestep 7 of 10. TP RMS Error: 1489.4632568359375, ACC: -0.1321176290512085
2025-04-30 21:32:21,933 - root - INFO - Timestep 8 of 10. TP RMS Error: 854.4636840820312, ACC: -0.12864941358566284
2025-04-30 21:32:22,094 - root - INFO - Timestep 9 of 10. TP RMS Error: 450.05084228515625, ACC: -0.12638549506664276
2025-04-30 21:32:22,182 - root - INFO - Initial condition 3 of 110
2025-04-30 21:32:24,850 - root - INFO - Begin autoregressive inference
2025-04-30 21:32:25,014 - root - INFO - Timestep 0 of 10. TP RMS Error: 0.0, ACC: 1.0
2025-04-30 21:32:25,176 - root - INFO - Timestep 1 of 10. TP RMS Error: 0.00036917036049999297, ACC: 0.916155219078064
2025-04-30 21:32:25,338 - root - INFO - Timestep 2 of 10. TP RMS Error: 0.00036998841096647084, ACC: 0.9142718315124512
2025-04-30 21:32:25,501 - root - INFO - Timestep 3 of 10. TP RMS Error: 1.2114746570587158, ACC: -0.11114002764225006
2025-04-30 21:32:25,662 - root - INFO - Timestep 4 of 10. TP RMS Error: 226.657958984375, ACC: -0.13403478264808655
2025-04-30 21:32:25,824 - root - INFO - Timestep 5 of 10. TP RMS Error: 1513.69677734375, ACC: -0.14513085782527924
2025-04-30 21:32:25,986 - root - INFO - Timestep 6 of 10. TP RMS Error: 2105.079833984375, ACC: -0.1422547996044159
2025-04-30 21:32:26,148 - root - INFO - Timestep 7 of 10. TP RMS Error: 1394.8133544921875, ACC: -0.13550475239753723
2025-04-30 21:32:26,310 - root - INFO - Timestep 8 of 10. TP RMS Error: 729.3052978515625, ACC: -0.13000786304473877
2025-04-30 21:32:26,471 - root - INFO - Timestep 9 of 10. TP RMS Error: 384.69775390625, ACC: -0.13025018572807312
2025-04-30 21:32:26,578 - root - INFO - Initial condition 4 of 110
2025-04-30 21:32:29,199 - root - INFO - Begin autoregressive inference
2025-04-30 21:32:29,365 - root - INFO - Timestep 0 of 10. TP RMS Error: 0.0, ACC: 1.0
2025-04-30 21:32:29,527 - root - INFO - Timestep 1 of 10. TP RMS Error: nan, ACC: nan
2025-04-30 21:32:29,690 - root - INFO - Timestep 2 of 10. TP RMS Error: nan, ACC: nan
2025-04-30 21:32:29,852 - root - INFO - Timestep 3 of 10. TP RMS Error: nan, ACC: nan
2025-04-30 21:32:30,014 - root - INFO - Timestep 4 of 10. TP RMS Error: nan, ACC: nan
2025-04-30 21:32:30,176 - root - INFO - Timestep 5 of 10. TP RMS Error: inf, ACC: -0.0
2025-04-30 21:32:30,339 - root - INFO - Timestep 6 of 10. TP RMS Error: 10870.8447265625, ACC: -0.0061624073423445225
2025-04-30 21:32:30,501 - root - INFO - Timestep 7 of 10. TP RMS Error: 0.004113486967980862, ACC: 0.18091310560703278
2025-04-30 21:32:30,663 - root - INFO - Timestep 8 of 10. TP RMS Error: 0.0008382864762097597, ACC: 0.7032862305641174
2025-04-30 21:32:30,824 - root - INFO - Timestep 9 of 10. TP RMS Error: 0.0012148505775257945, ACC: 0.5454097390174866
2025-04-30 21:32:30,951 - root - INFO - Initial condition 5 of 110
2025-04-30 21:32:33,609 - root - INFO - Begin autoregressive inference
2025-04-30 21:32:33,776 - root - INFO - Timestep 0 of 10. TP RMS Error: 0.0, ACC: 1.0
2025-04-30 21:32:33,938 - root - INFO - Timestep 1 of 10. TP RMS Error: nan, ACC: nan
2025-04-30 21:32:34,100 - root - INFO - Timestep 2 of 10. TP RMS Error: nan, ACC: nan
2025-04-30 21:32:34,263 - root - INFO - Timestep 3 of 10. TP RMS Error: nan, ACC: nan
2025-04-30 21:32:34,425 - root - INFO - Timestep 4 of 10. TP RMS Error: nan, ACC: nan
2025-04-30 21:32:34,587 - root - INFO - Timestep 5 of 10. TP RMS Error: inf, ACC: -0.0
2025-04-30 21:32:34,749 - root - INFO - Timestep 6 of 10. TP RMS Error: 10870.8447265625, ACC: -0.0062170932069420815
2025-04-30 21:32:34,912 - root - INFO - Timestep 7 of 10. TP RMS Error: 0.004111373797059059, ACC: 0.18334639072418213
2025-04-30 21:32:35,074 - root - INFO - Timestep 8 of 10. TP RMS Error: 0.0008340952917933464, ACC: 0.7070529460906982
2025-04-30 21:32:35,235 - root - INFO - Timestep 9 of 10. TP RMS Error: 0.0012163578066974878, ACC: 0.5438339114189148
2025-04-30 21:32:35,385 - root - INFO - Initial condition 6 of 110
2025-04-30 21:32:38,039 - root - INFO - Begin autoregressive inference
2025-04-30 21:32:38,203 - root - INFO - Timestep 0 of 10. TP RMS Error: 0.0, ACC: 1.0
2025-04-30 21:32:38,366 - root - INFO - Timestep 1 of 10. TP RMS Error: 0.00039334307075478137, ACC: 0.903700590133667
2025-04-30 21:32:38,528 - root - INFO - Timestep 2 of 10. TP RMS Error: 0.0003989354881923646, ACC: 0.8995783925056458
2025-04-30 21:32:38,690 - root - INFO - Timestep 3 of 10. TP RMS Error: 1.1494512557983398, ACC: -0.10895238071680069
2025-04-30 21:32:38,851 - root - INFO - Timestep 4 of 10. TP RMS Error: 222.7349853515625, ACC: -0.13515834510326385
2025-04-30 21:32:39,013 - root - INFO - Timestep 5 of 10. TP RMS Error: 1516.310302734375, ACC: -0.1467543989419937
2025-04-30 21:32:39,175 - root - INFO - Timestep 6 of 10. TP RMS Error: 2124.33740234375, ACC: -0.14586222171783447
2025-04-30 21:32:39,337 - root - INFO - Timestep 7 of 10. TP RMS Error: 1409.170166015625, ACC: -0.13982464373111725
2025-04-30 21:32:39,498 - root - INFO - Timestep 8 of 10. TP RMS Error: 736.0802001953125, ACC: -0.13498260080814362
2025-04-30 21:32:39,660 - root - INFO - Timestep 9 of 10. TP RMS Error: 387.498291015625, ACC: -0.1322772353887558
2025-04-30 21:32:39,830 - root - INFO - Initial condition 7 of 110
2025-04-30 21:32:42,472 - root - INFO - Begin autoregressive inference
2025-04-30 21:32:42,637 - root - INFO - Timestep 0 of 10. TP RMS Error: 0.0, ACC: 1.0
2025-04-30 21:32:42,799 - root - INFO - Timestep 1 of 10. TP RMS Error: 0.00040040636667981744, ACC: 0.8999713063240051
2025-04-30 21:32:42,961 - root - INFO - Timestep 2 of 10. TP RMS Error: 0.0003870824002660811, ACC: 0.9068717360496521
2025-04-30 21:32:43,123 - root - INFO - Timestep 3 of 10. TP RMS Error: 0.009072858840227127, ACC: -0.01688869670033455
2025-04-30 21:32:43,285 - root - INFO - Timestep 4 of 10. TP RMS Error: 16.25067710876465, ACC: -0.13459450006484985
2025-04-30 21:32:43,447 - root - INFO - Timestep 5 of 10. TP RMS Error: 513.9706420898438, ACC: -0.14877042174339294
2025-04-30 21:32:43,608 - root - INFO - Timestep 6 of 10. TP RMS Error: 1613.5291748046875, ACC: -0.1460912972688675
2025-04-30 21:32:43,770 - root - INFO - Timestep 7 of 10. TP RMS Error: 1495.59765625, ACC: -0.13758835196495056
2025-04-30 21:32:43,932 - root - INFO - Timestep 8 of 10. TP RMS Error: 857.5115966796875, ACC: -0.13237735629081726
2025-04-30 21:32:44,094 - root - INFO - Timestep 9 of 10. TP RMS Error: 451.2654724121094, ACC: -0.12997035682201385
2025-04-30 21:32:44,285 - root - INFO - Initial condition 8 of 110
2025-04-30 21:32:46,973 - root - INFO - Begin autoregressive inference
2025-04-30 21:32:47,140 - root - INFO - Timestep 0 of 10. TP RMS Error: 0.0, ACC: 1.0
2025-04-30 21:32:47,302 - root - INFO - Timestep 1 of 10. TP RMS Error: 0.0003870824002660811, ACC: 0.9068717360496521
2025-04-30 21:32:47,464 - root - INFO - Timestep 2 of 10. TP RMS Error: 0.0003639825154095888, ACC: 0.9183881282806396
2025-04-30 21:32:47,626 - root - INFO - Timestep 3 of 10. TP RMS Error: 0.009159169159829617, ACC: -0.017404228448867798
2025-04-30 21:32:47,788 - root - INFO - Timestep 4 of 10. TP RMS Error: 16.309768676757812, ACC: -0.1367780566215515
2025-04-30 21:32:47,950 - root - INFO - Timestep 5 of 10. TP RMS Error: 513.5277099609375, ACC: -0.1502634733915329
2025-04-30 21:32:48,112 - root - INFO - Timestep 6 of 10. TP RMS Error: 1608.75390625, ACC: -0.14570748805999756
2025-04-30 21:32:48,273 - root - INFO - Timestep 7 of 10. TP RMS Error: 1490.5909423828125, ACC: -0.1367575228214264
2025-04-30 21:32:48,435 - root - INFO - Timestep 8 of 10. TP RMS Error: 854.948974609375, ACC: -0.13152293860912323
2025-04-30 21:32:48,597 - root - INFO - Timestep 9 of 10. TP RMS Error: 450.2247619628906, ACC: -0.12945707142353058
2025-04-30 21:32:48,805 - root - INFO - Initial condition 9 of 110
2025-04-30 21:32:51,421 - root - INFO - Begin autoregressive inference
2025-04-30 21:32:51,587 - root - INFO - Timestep 0 of 10. TP RMS Error: 0.0, ACC: 1.0
2025-04-30 21:32:51,750 - root - INFO - Timestep 1 of 10. TP RMS Error: 864981221376.0, ACC: -0.003365793963894248
2025-04-30 21:32:51,913 - root - INFO - Timestep 2 of 10. TP RMS Error: 1449944.375, ACC: -0.006822572555392981
2025-04-30 21:32:52,076 - root - INFO - Timestep 3 of 10. TP RMS Error: 1180280.5, ACC: -0.008619198575615883
2025-04-30 21:32:52,239 - root - INFO - Timestep 4 of 10. TP RMS Error: 13136834.0, ACC: -0.008680093102157116
2025-04-30 21:32:52,402 - root - INFO - Timestep 5 of 10. TP RMS Error: 41769956.0, ACC: -0.007310366723686457
2025-04-30 21:32:52,565 - root - INFO - Timestep 6 of 10. TP RMS Error: 31614196.0, ACC: -0.008172811940312386
2025-04-30 21:32:52,728 - root - INFO - Timestep 7 of 10. TP RMS Error: 16680194.0, ACC: -0.008600038476288319
2025-04-30 21:32:52,891 - root - INFO - Timestep 8 of 10. TP RMS Error: 9410897.0, ACC: -0.009194249287247658
2025-04-30 21:32:53,053 - root - INFO - Timestep 9 of 10. TP RMS Error: 5162425.5, ACC: -0.009708005003631115
2025-04-30 21:32:53,286 - root - INFO - Initial condition 10 of 110
2025-04-30 21:32:55,937 - root - INFO - Begin autoregressive inference
2025-04-30 21:32:56,104 - root - INFO - Timestep 0 of 10. TP RMS Error: 0.0, ACC: 1.0
2025-04-30 21:32:56,266 - root - INFO - Timestep 1 of 10. TP RMS Error: 0.00035956321517005563, ACC: 0.9204533696174622
2025-04-30 21:32:56,429 - root - INFO - Timestep 2 of 10. TP RMS Error: 0.00034080707700923085, ACC: 0.9293393492698669
2025-04-30 21:32:56,591 - root - INFO - Timestep 3 of 10. TP RMS Error: 0.009535303339362144, ACC: -0.02184281311929226
2025-04-30 21:32:56,753 - root - INFO - Timestep 4 of 10. TP RMS Error: 16.634841918945312, ACC: -0.13866126537322998
2025-04-30 21:32:56,915 - root - INFO - Timestep 5 of 10. TP RMS Error: 519.6914672851562, ACC: -0.1501922607421875
2025-04-30 21:32:57,077 - root - INFO - Timestep 6 of 10. TP RMS Error: 1622.8824462890625, ACC: -0.1453104019165039
2025-04-30 21:32:57,239 - root - INFO - Timestep 7 of 10. TP RMS Error: 1500.5921630859375, ACC: -0.13619869947433472
2025-04-30 21:32:57,401 - root - INFO - Timestep 8 of 10. TP RMS Error: 859.2886962890625, ACC: -0.1323268860578537
2025-04-30 21:32:57,562 - root - INFO - Timestep 9 of 10. TP RMS Error: 451.865234375, ACC: -0.1294833868741989
2025-04-30 21:32:57,815 - root - INFO - Initial condition 11 of 110
2025-04-30 21:33:00,476 - root - INFO - Begin autoregressive inference
2025-04-30 21:33:00,642 - root - INFO - Timestep 0 of 10. TP RMS Error: 0.0, ACC: 1.0
2025-04-30 21:33:00,804 - root - INFO - Timestep 1 of 10. TP RMS Error: 0.00034080707700923085, ACC: 0.9293393492698669
2025-04-30 21:33:00,967 - root - INFO - Timestep 2 of 10. TP RMS Error: 0.0003307263250462711, ACC: 0.9342641234397888
2025-04-30 21:33:01,129 - root - INFO - Timestep 3 of 10. TP RMS Error: 0.009156015701591969, ACC: -0.01867133565247059
2025-04-30 21:33:01,291 - root - INFO - Timestep 4 of 10. TP RMS Error: 16.289037704467773, ACC: -0.137232705950737
2025-04-30 21:33:01,453 - root - INFO - Timestep 5 of 10. TP RMS Error: 513.4058837890625, ACC: -0.14910301566123962
2025-04-30 21:33:01,615 - root - INFO - Timestep 6 of 10. TP RMS Error: 1609.546630859375, ACC: -0.14412681758403778
2025-04-30 21:33:01,777 - root - INFO - Timestep 7 of 10. TP RMS Error: 1491.557373046875, ACC: -0.13656476140022278
2025-04-30 21:33:01,939 - root - INFO - Timestep 8 of 10. TP RMS Error: 855.4226684570312, ACC: -0.13074278831481934
2025-04-30 21:33:02,101 - root - INFO - Timestep 9 of 10. TP RMS Error: 450.3800354003906, ACC: -0.12957243621349335
2025-04-30 21:33:02,377 - root - INFO - Initial condition 12 of 110
2025-04-30 21:33:05,035 - root - INFO - Begin autoregressive inference
2025-04-30 21:33:05,200 - root - INFO - Timestep 0 of 10. TP RMS Error: 0.0, ACC: 1.0
2025-04-30 21:33:05,364 - root - INFO - Timestep 1 of 10. TP RMS Error: nan, ACC: nan
2025-04-30 21:33:05,526 - root - INFO - Timestep 2 of 10. TP RMS Error: nan, ACC: nan
2025-04-30 21:33:05,689 - root - INFO - Timestep 3 of 10. TP RMS Error: inf, ACC: -0.0
2025-04-30 21:33:05,851 - root - INFO - Timestep 4 of 10. TP RMS Error: 1408201600.0, ACC: -0.009047483094036579
2025-04-30 21:33:06,014 - root - INFO - Timestep 5 of 10. TP RMS Error: 164981.96875, ACC: -0.00957433506846428
2025-04-30 21:33:06,176 - root - INFO - Timestep 6 of 10. TP RMS Error: 1012.1663208007812, ACC: -0.01569371484220028
2025-04-30 21:33:06,339 - root - INFO - Timestep 7 of 10. TP RMS Error: 68.819580078125, ACC: -0.028247632086277008
2025-04-30 21:33:06,501 - root - INFO - Timestep 8 of 10. TP RMS Error: 20.51200294494629, ACC: -0.04802005738019943
2025-04-30 21:33:06,663 - root - INFO - Timestep 9 of 10. TP RMS Error: 13.116839408874512, ACC: -0.07495907694101334
2025-04-30 21:33:06,961 - root - INFO - Initial condition 13 of 110
2025-04-30 21:33:08,670 - root - INFO - Begin autoregressive inference
2025-04-30 21:33:08,834 - root - INFO - Timestep 0 of 10. TP RMS Error: 0.0, ACC: 1.0
2025-04-30 21:33:08,996 - root - INFO - Timestep 1 of 10. TP RMS Error: 0.0003362764837220311, ACC: 0.9318388104438782
2025-04-30 21:33:09,159 - root - INFO - Timestep 2 of 10. TP RMS Error: 0.00033642243943177164, ACC: 0.9318985939025879
2025-04-30 21:33:09,321 - root - INFO - Timestep 3 of 10. TP RMS Error: 0.011175120249390602, ACC: -0.02821296826004982
2025-04-30 21:33:09,483 - root - INFO - Timestep 4 of 10. TP RMS Error: 17.967878341674805, ACC: -0.1337108016014099
2025-04-30 21:33:09,645 - root - INFO - Timestep 5 of 10. TP RMS Error: 538.7698364257812, ACC: -0.148600235581398
2025-04-30 21:33:09,807 - root - INFO - Timestep 6 of 10. TP RMS Error: 1650.6796875, ACC: -0.14380274713039398
2025-04-30 21:33:09,969 - root - INFO - Timestep 7 of 10. TP RMS Error: 1512.4013671875, ACC: -0.13616572320461273
2025-04-30 21:36:09,969 - root - INFO - --------------- Versions ---------------
2025-04-30 21:36:09,973 - root - INFO - git branch: b'* master'
2025-04-30 21:36:09,976 - root - INFO - git hash: b'93360c1720a9f97aabf970689f21c9fad8737788'
2025-04-30 21:36:09,976 - root - INFO - Torch: 2.6.0+cu124
2025-04-30 21:36:09,977 - root - INFO - ----------------------------------------
2025-04-30 21:36:09,977 - root - INFO - ------------------ Configuration ------------------
2025-04-30 21:36:09,977 - root - INFO - Configuration file: /home/vatsal/NWM/FourcastNet/FourCastNet/config/AFNO.yaml
2025-04-30 21:36:09,977 - root - INFO - Configuration name: precip
2025-04-30 21:36:09,977 - root - INFO - in_channels [0, 1, 2, 3, 4, 5, 6, 7, 8, 9, 10, 11, 12, 13, 14, 15, 16, 17, 18, 19]
2025-04-30 21:36:09,977 - root - INFO - out_channels [0]
2025-04-30 21:36:09,977 - root - INFO - nettype afno
2025-04-30 21:36:09,977 - root - INFO - nettype_wind afno
2025-04-30 21:36:09,977 - root - INFO - log_to_wandb True
2025-04-30 21:36:09,977 - root - INFO - lr 0.00025
2025-04-30 21:36:09,977 - root - INFO - batch_size 64
2025-04-30 21:36:09,978 - root - INFO - max_epochs 25
2025-04-30 21:36:09,978 - root - INFO - precip /home/vatsal/Supreme/Fourcastnet_outofsample/percp_out_of_sample/
2025-04-30 21:36:09,978 - root - INFO - time_means_path_tp /home/vatsal/NWM/FourcastNet/stats_v0/precp/time_means.npy
2025-04-30 21:36:09,978 - root - INFO - model_wind_path /home/vatsal/NWM/FourcastNet/FourCastNet/training_checkpoints/backbone.ckpt
2025-04-30 21:36:09,978 - root - INFO - precip_eps 1e-05
2025-04-30 21:36:09,978 - root - INFO - scheduler CosineAnnealingLR
2025-04-30 21:36:09,978 - root - INFO - orography False
2025-04-30 21:36:09,978 - root - INFO - orography_path None
2025-04-30 21:36:09,978 - root - INFO - exp_dir /pscratch/sd/s/shas1693/results/era5_wind
2025-04-30 21:36:09,978 - root - INFO - train_data_path /pscratch/sd/s/shas1693/data/era5/train
2025-04-30 21:36:09,978 - root - INFO - valid_data_path /pscratch/sd/s/shas1693/data/era5/test
2025-04-30 21:36:09,979 - root - INFO - inf_data_path /home/vatsal/Supreme/Fourcastnet_outofsample/out_of_sample
2025-04-30 21:36:09,979 - root - INFO - time_means_path /home/vatsal/NWM/FourcastNet/stats_v0/time_means.npy
2025-04-30 21:36:09,979 - root - INFO - global_means_path /home/vatsal/NWM/FourcastNet/stats_v0/global_means.npy
2025-04-30 21:36:09,979 - root - INFO - global_stds_path /home/vatsal/NWM/FourcastNet/stats_v0/global_stds.npy
2025-04-30 21:36:09,979 - root - INFO - loss l2
2025-04-30 21:36:09,979 - root - INFO - num_data_workers 4
2025-04-30 21:36:09,979 - root - INFO - dt 1
2025-04-30 21:36:09,979 - root - INFO - n_history 0
2025-04-30 21:36:09,979 - root - INFO - prediction_type iterative
2025-04-30 21:36:09,979 - root - INFO - prediction_length 10
2025-04-30 21:36:09,979 - root - INFO - n_initial_conditions 5
2025-04-30 21:36:09,979 - root - INFO - ics_type default
2025-04-30 21:36:09,980 - root - INFO - save_raw_forecasts True
2025-04-30 21:36:09,980 - root - INFO - save_channel False
2025-04-30 21:36:09,980 - root - INFO - masked_acc False
2025-04-30 21:36:09,980 - root - INFO - maskpath None
2025-04-30 21:36:09,980 - root - INFO - perturb False
2025-04-30 21:36:09,980 - root - INFO - add_grid False
2025-04-30 21:36:09,980 - root - INFO - N_grid_channels 0
2025-04-30 21:36:09,980 - root - INFO - gridtype sinusoidal
2025-04-30 21:36:09,980 - root - INFO - roll False
2025-04-30 21:36:09,980 - root - INFO - num_blocks 8
2025-04-30 21:36:09,980 - root - INFO - patch_size 8
2025-04-30 21:36:09,980 - root - INFO - width 56
2025-04-30 21:36:09,981 - root - INFO - modes 32
2025-04-30 21:36:09,981 - root - INFO - target default
2025-04-30 21:36:09,981 - root - INFO - normalization zscore
2025-04-30 21:36:09,981 - root - INFO - log_to_screen True
2025-04-30 21:36:09,981 - root - INFO - save_checkpoint True
2025-04-30 21:36:09,981 - root - INFO - enable_nhwc False
2025-04-30 21:36:09,981 - root - INFO - optimizer_type FusedAdam
2025-04-30 21:36:09,981 - root - INFO - crop_size_x None
2025-04-30 21:36:09,981 - root - INFO - crop_size_y None
2025-04-30 21:36:09,981 - root - INFO - two_step_training False
2025-04-30 21:36:09,981 - root - INFO - plot_animations False
2025-04-30 21:36:09,981 - root - INFO - add_noise False
2025-04-30 21:36:09,982 - root - INFO - noise_std 0
2025-04-30 21:36:09,982 - root - INFO - world_size 1
2025-04-30 21:36:09,982 - root - INFO - global_batch_size 64
2025-04-30 21:36:09,982 - root - INFO - experiment_dir /home/vatsal/NWM/FourcastNet/FourCastNet/output2/scratch/directory/ \
2025-04-30 21:36:09,982 - root - INFO - best_checkpoint_path /home/vatsal/NWM/FourcastNet/FourCastNet/weights/precip.ckpt
2025-04-30 21:36:09,982 - root - INFO - resuming False
2025-04-30 21:36:09,982 - root - INFO - local_rank 0
2025-04-30 21:36:09,982 - root - INFO - ---------------------------------------------------
2025-04-30 21:36:09,982 - root - INFO - Inference for 20 initial conditions
2025-04-30 21:36:10,149 - root - INFO - Getting file stats from /home/vatsal/Supreme/Fourcastnet_outofsample/out_of_sample/output_file.h5
2025-04-30 21:36:10,150 - root - INFO - Number of samples per year: 21
2025-04-30 21:36:10,150 - root - INFO - Found data at path /home/vatsal/Supreme/Fourcastnet_outofsample/out_of_sample. Number of examples: 21. Image Shape: 720 x 1440 x 20
2025-04-30 21:36:10,150 - root - INFO - Delta t: 6 hours
2025-04-30 21:36:10,150 - root - INFO - Including 0 hours of past history in training at a frequency of 6 hours
2025-04-30 21:36:10,152 - root - INFO - Loading trained model checkpoint from /home/vatsal/NWM/FourcastNet/FourCastNet/weights/precip.ckpt
2025-04-30 21:36:12,498 - root - INFO - Loading validation data
2025-04-30 21:36:12,498 - root - INFO - Validation data from /home/vatsal/Supreme/Fourcastnet_outofsample/out_of_sample/output_file.h5
2025-04-30 21:36:12,528 - root - INFO - Loading validation precip data
2025-04-30 21:36:12,528 - root - INFO - Validation data from /home/vatsal/Supreme/Fourcastnet_outofsample/percp_out_of_sample/total_precp.h5
2025-04-30 21:36:12,531 - root - INFO - Initial condition 1 of 20
2025-04-30 21:36:22,012 - root - INFO - Begin autoregressive inference
2025-04-30 21:36:22,567 - root - INFO - Timestep 0 of 10. TP RMS Error: 0.0, ACC: 1.0
2025-04-30 21:36:22,935 - root - INFO - Timestep 1 of 10. TP RMS Error: 0.0003581540659070015, ACC: 0.9217292666435242
2025-04-30 21:36:23,100 - root - INFO - Timestep 2 of 10. TP RMS Error: 0.0003690424491651356, ACC: 0.9162532091140747
2025-04-30 21:36:23,262 - root - INFO - Timestep 3 of 10. TP RMS Error: 0.009019095450639725, ACC: -0.018811656162142754
2025-04-30 21:36:23,423 - root - INFO - Timestep 4 of 10. TP RMS Error: 16.206199645996094, ACC: -0.1361485719680786
2025-04-30 21:36:23,585 - root - INFO - Timestep 5 of 10. TP RMS Error: 513.0692138671875, ACC: -0.14710646867752075
2025-04-30 21:36:23,746 - root - INFO - Timestep 6 of 10. TP RMS Error: 1611.1854248046875, ACC: -0.14019697904586792
2025-04-30 21:36:23,908 - root - INFO - Timestep 7 of 10. TP RMS Error: 1493.814697265625, ACC: -0.13154564797878265
2025-04-30 21:36:24,069 - root - INFO - Timestep 8 of 10. TP RMS Error: 856.7032470703125, ACC: -0.1280200332403183
2025-04-30 21:36:24,230 - root - INFO - Timestep 9 of 10. TP RMS Error: 450.9708557128906, ACC: -0.12719079852104187
2025-04-30 21:36:24,270 - root - INFO - Initial condition 2 of 20
2025-04-30 21:36:26,940 - root - INFO - Begin autoregressive inference
2025-04-30 21:36:27,105 - root - INFO - Timestep 0 of 10. TP RMS Error: 0.0, ACC: 1.0
2025-04-30 21:36:27,267 - root - INFO - Timestep 1 of 10. TP RMS Error: 0.0003690424491651356, ACC: 0.9162532091140747
2025-04-30 21:36:27,429 - root - INFO - Timestep 2 of 10. TP RMS Error: 0.00036917036049999297, ACC: 0.916155219078064
2025-04-30 21:36:27,591 - root - INFO - Timestep 3 of 10. TP RMS Error: 0.009103721007704735, ACC: -0.018509680405259132
2025-04-30 21:36:27,752 - root - INFO - Timestep 4 of 10. TP RMS Error: 16.271411895751953, ACC: -0.13510113954544067
2025-04-30 21:36:27,914 - root - INFO - Timestep 5 of 10. TP RMS Error: 512.9192504882812, ACC: -0.14415572583675385
2025-04-30 21:36:28,076 - root - INFO - Timestep 6 of 10. TP RMS Error: 1607.2911376953125, ACC: -0.1395740509033203
2025-04-30 21:36:28,237 - root - INFO - Timestep 7 of 10. TP RMS Error: 1489.4632568359375, ACC: -0.1321176290512085
2025-04-30 21:36:28,399 - root - INFO - Timestep 8 of 10. TP RMS Error: 854.4636840820312, ACC: -0.12864941358566284
2025-04-30 21:36:28,560 - root - INFO - Timestep 9 of 10. TP RMS Error: 450.05084228515625, ACC: -0.12638549506664276
2025-04-30 21:36:28,648 - root - INFO - Initial condition 3 of 20
2025-04-30 21:36:31,269 - root - INFO - Begin autoregressive inference
2025-04-30 21:36:31,433 - root - INFO - Timestep 0 of 10. TP RMS Error: 0.0, ACC: 1.0
2025-04-30 21:36:31,595 - root - INFO - Timestep 1 of 10. TP RMS Error: 0.00036917036049999297, ACC: 0.916155219078064
2025-04-30 21:36:31,756 - root - INFO - Timestep 2 of 10. TP RMS Error: 0.00036998841096647084, ACC: 0.9142718315124512
2025-04-30 21:36:31,918 - root - INFO - Timestep 3 of 10. TP RMS Error: 1.2114746570587158, ACC: -0.11114002764225006
2025-04-30 21:36:32,080 - root - INFO - Timestep 4 of 10. TP RMS Error: 226.657958984375, ACC: -0.13403478264808655
2025-04-30 21:36:32,241 - root - INFO - Timestep 5 of 10. TP RMS Error: 1513.69677734375, ACC: -0.14513085782527924
2025-04-30 21:36:32,403 - root - INFO - Timestep 6 of 10. TP RMS Error: 2105.079833984375, ACC: -0.1422547996044159
2025-04-30 21:36:32,565 - root - INFO - Timestep 7 of 10. TP RMS Error: 1394.8133544921875, ACC: -0.13550475239753723
2025-04-30 21:36:32,727 - root - INFO - Timestep 8 of 10. TP RMS Error: 729.3052978515625, ACC: -0.13000786304473877
2025-04-30 21:36:32,888 - root - INFO - Timestep 9 of 10. TP RMS Error: 384.69775390625, ACC: -0.13025018572807312
2025-04-30 21:36:32,995 - root - INFO - Initial condition 4 of 20
2025-04-30 21:36:35,617 - root - INFO - Begin autoregressive inference
2025-04-30 21:36:35,780 - root - INFO - Timestep 0 of 10. TP RMS Error: 0.0, ACC: 1.0
2025-04-30 21:36:35,943 - root - INFO - Timestep 1 of 10. TP RMS Error: nan, ACC: nan
2025-04-30 21:36:36,105 - root - INFO - Timestep 2 of 10. TP RMS Error: nan, ACC: nan
2025-04-30 21:36:36,268 - root - INFO - Timestep 3 of 10. TP RMS Error: nan, ACC: nan
2025-04-30 21:36:36,431 - root - INFO - Timestep 4 of 10. TP RMS Error: nan, ACC: nan
2025-04-30 21:36:36,593 - root - INFO - Timestep 5 of 10. TP RMS Error: inf, ACC: -0.0
2025-04-30 21:36:36,755 - root - INFO - Timestep 6 of 10. TP RMS Error: 10870.8447265625, ACC: -0.0061624073423445225
2025-04-30 21:36:36,918 - root - INFO - Timestep 7 of 10. TP RMS Error: 0.004113486967980862, ACC: 0.18091310560703278
2025-04-30 21:36:37,080 - root - INFO - Timestep 8 of 10. TP RMS Error: 0.0008382864762097597, ACC: 0.7032862305641174
2025-04-30 21:36:37,241 - root - INFO - Timestep 9 of 10. TP RMS Error: 0.0012148505775257945, ACC: 0.5454097390174866
2025-04-30 21:36:37,370 - root - INFO - Initial condition 5 of 20
2025-04-30 21:36:39,974 - root - INFO - Begin autoregressive inference
2025-04-30 21:36:40,138 - root - INFO - Timestep 0 of 10. TP RMS Error: 0.0, ACC: 1.0
2025-04-30 21:36:40,301 - root - INFO - Timestep 1 of 10. TP RMS Error: nan, ACC: nan
2025-04-30 21:36:40,464 - root - INFO - Timestep 2 of 10. TP RMS Error: nan, ACC: nan
2025-04-30 21:36:40,626 - root - INFO - Timestep 3 of 10. TP RMS Error: nan, ACC: nan
2025-04-30 21:36:40,788 - root - INFO - Timestep 4 of 10. TP RMS Error: nan, ACC: nan
2025-04-30 21:36:40,951 - root - INFO - Timestep 5 of 10. TP RMS Error: inf, ACC: -0.0
2025-04-30 21:36:41,113 - root - INFO - Timestep 6 of 10. TP RMS Error: 10870.8447265625, ACC: -0.0062170932069420815
2025-04-30 21:36:41,275 - root - INFO - Timestep 7 of 10. TP RMS Error: 0.004111373797059059, ACC: 0.18334639072418213
2025-04-30 21:36:41,437 - root - INFO - Timestep 8 of 10. TP RMS Error: 0.0008340952917933464, ACC: 0.7070529460906982
2025-04-30 21:36:41,599 - root - INFO - Timestep 9 of 10. TP RMS Error: 0.0012163578066974878, ACC: 0.5438339114189148
2025-04-30 21:36:41,750 - root - INFO - Initial condition 6 of 20
2025-04-30 21:36:44,355 - root - INFO - Begin autoregressive inference
2025-04-30 21:36:44,519 - root - INFO - Timestep 0 of 10. TP RMS Error: 0.0, ACC: 1.0
2025-04-30 21:36:44,682 - root - INFO - Timestep 1 of 10. TP RMS Error: 0.00039334307075478137, ACC: 0.903700590133667
2025-04-30 21:36:44,844 - root - INFO - Timestep 2 of 10. TP RMS Error: 0.0003989354881923646, ACC: 0.8995783925056458
2025-04-30 21:36:45,006 - root - INFO - Timestep 3 of 10. TP RMS Error: 1.1494512557983398, ACC: -0.10895238071680069
2025-04-30 21:36:45,168 - root - INFO - Timestep 4 of 10. TP RMS Error: 222.7349853515625, ACC: -0.13515834510326385
2025-04-30 21:36:45,330 - root - INFO - Timestep 5 of 10. TP RMS Error: 1516.310302734375, ACC: -0.1467543989419937
2025-04-30 21:36:45,491 - root - INFO - Timestep 6 of 10. TP RMS Error: 2124.33740234375, ACC: -0.14586222171783447
2025-04-30 21:36:45,653 - root - INFO - Timestep 7 of 10. TP RMS Error: 1409.170166015625, ACC: -0.13982464373111725
2025-04-30 21:36:45,815 - root - INFO - Timestep 8 of 10. TP RMS Error: 736.0802001953125, ACC: -0.13498260080814362
2025-04-30 21:36:45,976 - root - INFO - Timestep 9 of 10. TP RMS Error: 387.498291015625, ACC: -0.1322772353887558
2025-04-30 21:36:46,145 - root - INFO - Initial condition 7 of 20
2025-04-30 21:36:48,794 - root - INFO - Begin autoregressive inference
2025-04-30 21:36:48,958 - root - INFO - Timestep 0 of 10. TP RMS Error: 0.0, ACC: 1.0
2025-04-30 21:36:49,122 - root - INFO - Timestep 1 of 10. TP RMS Error: 0.00040040636667981744, ACC: 0.8999713063240051
2025-04-30 21:36:49,284 - root - INFO - Timestep 2 of 10. TP RMS Error: 0.0003870824002660811, ACC: 0.9068717360496521
2025-04-30 21:36:49,446 - root - INFO - Timestep 3 of 10. TP RMS Error: 0.009072858840227127, ACC: -0.01688869670033455
2025-04-30 21:36:49,608 - root - INFO - Timestep 4 of 10. TP RMS Error: 16.25067710876465, ACC: -0.13459450006484985
2025-04-30 21:36:49,770 - root - INFO - Timestep 5 of 10. TP RMS Error: 513.9706420898438, ACC: -0.14877042174339294
2025-04-30 21:36:49,932 - root - INFO - Timestep 6 of 10. TP RMS Error: 1613.5291748046875, ACC: -0.1460912972688675
2025-04-30 21:36:50,094 - root - INFO - Timestep 7 of 10. TP RMS Error: 1495.59765625, ACC: -0.13758835196495056
2025-04-30 21:36:50,255 - root - INFO - Timestep 8 of 10. TP RMS Error: 857.5115966796875, ACC: -0.13237735629081726
2025-04-30 21:36:50,417 - root - INFO - Timestep 9 of 10. TP RMS Error: 451.2654724121094, ACC: -0.12997035682201385
2025-04-30 21:36:50,606 - root - INFO - Initial condition 8 of 20
2025-04-30 21:36:53,213 - root - INFO - Begin autoregressive inference
2025-04-30 21:36:53,376 - root - INFO - Timestep 0 of 10. TP RMS Error: 0.0, ACC: 1.0
2025-04-30 21:36:53,539 - root - INFO - Timestep 1 of 10. TP RMS Error: 0.0003870824002660811, ACC: 0.9068717360496521
2025-04-30 21:36:53,701 - root - INFO - Timestep 2 of 10. TP RMS Error: 0.0003639825154095888, ACC: 0.9183881282806396
2025-04-30 21:36:53,863 - root - INFO - Timestep 3 of 10. TP RMS Error: 0.009159169159829617, ACC: -0.017404228448867798
2025-04-30 21:36:54,025 - root - INFO - Timestep 4 of 10. TP RMS Error: 16.309768676757812, ACC: -0.1367780566215515
2025-04-30 21:36:54,187 - root - INFO - Timestep 5 of 10. TP RMS Error: 513.5277099609375, ACC: -0.1502634733915329
2025-04-30 21:36:54,349 - root - INFO - Timestep 6 of 10. TP RMS Error: 1608.75390625, ACC: -0.14570748805999756
2025-04-30 21:36:54,511 - root - INFO - Timestep 7 of 10. TP RMS Error: 1490.5909423828125, ACC: -0.1367575228214264
2025-04-30 21:36:54,673 - root - INFO - Timestep 8 of 10. TP RMS Error: 854.948974609375, ACC: -0.13152293860912323
2025-04-30 21:36:54,834 - root - INFO - Timestep 9 of 10. TP RMS Error: 450.2247619628906, ACC: -0.12945707142353058
2025-04-30 21:36:55,050 - root - INFO - Initial condition 9 of 20
2025-04-30 21:36:57,635 - root - INFO - Begin autoregressive inference
2025-04-30 21:36:57,800 - root - INFO - Timestep 0 of 10. TP RMS Error: 0.0, ACC: 1.0
2025-04-30 21:36:57,964 - root - INFO - Timestep 1 of 10. TP RMS Error: 864981221376.0, ACC: -0.003365793963894248
2025-04-30 21:36:58,128 - root - INFO - Timestep 2 of 10. TP RMS Error: 1449944.375, ACC: -0.006822572555392981
2025-04-30 21:36:58,291 - root - INFO - Timestep 3 of 10. TP RMS Error: 1180280.5, ACC: -0.008619198575615883
2025-04-30 21:36:58,454 - root - INFO - Timestep 4 of 10. TP RMS Error: 13136834.0, ACC: -0.008680093102157116
2025-04-30 21:36:58,617 - root - INFO - Timestep 5 of 10. TP RMS Error: 41769956.0, ACC: -0.007310366723686457
2025-04-30 21:36:58,780 - root - INFO - Timestep 6 of 10. TP RMS Error: 31614196.0, ACC: -0.008172811940312386
2025-04-30 21:36:58,943 - root - INFO - Timestep 7 of 10. TP RMS Error: 16680194.0, ACC: -0.008600038476288319
2025-04-30 21:36:59,106 - root - INFO - Timestep 8 of 10. TP RMS Error: 9410897.0, ACC: -0.009194249287247658
2025-04-30 21:36:59,268 - root - INFO - Timestep 9 of 10. TP RMS Error: 5162425.5, ACC: -0.009708005003631115
2025-04-30 21:36:59,502 - root - INFO - Initial condition 10 of 20
2025-04-30 21:37:02,114 - root - INFO - Begin autoregressive inference
2025-04-30 21:37:02,278 - root - INFO - Timestep 0 of 10. TP RMS Error: 0.0, ACC: 1.0
2025-04-30 21:37:02,440 - root - INFO - Timestep 1 of 10. TP RMS Error: 0.00035956321517005563, ACC: 0.9204533696174622
2025-04-30 21:37:02,602 - root - INFO - Timestep 2 of 10. TP RMS Error: 0.00034080707700923085, ACC: 0.9293393492698669
2025-04-30 21:37:02,764 - root - INFO - Timestep 3 of 10. TP RMS Error: 0.009535303339362144, ACC: -0.02184281311929226
2025-04-30 21:37:02,926 - root - INFO - Timestep 4 of 10. TP RMS Error: 16.634841918945312, ACC: -0.13866126537322998
2025-04-30 21:37:03,088 - root - INFO - Timestep 5 of 10. TP RMS Error: 519.6914672851562, ACC: -0.1501922607421875
2025-04-30 21:37:03,250 - root - INFO - Timestep 6 of 10. TP RMS Error: 1622.8824462890625, ACC: -0.1453104019165039
2025-04-30 21:37:03,412 - root - INFO - Timestep 7 of 10. TP RMS Error: 1500.5921630859375, ACC: -0.13619869947433472
2025-04-30 21:37:03,574 - root - INFO - Timestep 8 of 10. TP RMS Error: 859.2886962890625, ACC: -0.1323268860578537
2025-04-30 21:37:03,735 - root - INFO - Timestep 9 of 10. TP RMS Error: 451.865234375, ACC: -0.1294833868741989
2025-04-30 21:37:03,990 - root - INFO - Initial condition 11 of 20
2025-04-30 21:37:06,598 - root - INFO - Begin autoregressive inference
2025-04-30 21:37:06,761 - root - INFO - Timestep 0 of 10. TP RMS Error: 0.0, ACC: 1.0
2025-04-30 21:37:06,923 - root - INFO - Timestep 1 of 10. TP RMS Error: 0.00034080707700923085, ACC: 0.9293393492698669
2025-04-30 21:37:07,086 - root - INFO - Timestep 2 of 10. TP RMS Error: 0.0003307263250462711, ACC: 0.9342641234397888
2025-04-30 21:37:07,248 - root - INFO - Timestep 3 of 10. TP RMS Error: 0.009156015701591969, ACC: -0.01867133565247059
2025-04-30 21:37:07,410 - root - INFO - Timestep 4 of 10. TP RMS Error: 16.289037704467773, ACC: -0.137232705950737
2025-04-30 21:37:07,573 - root - INFO - Timestep 5 of 10. TP RMS Error: 513.4058837890625, ACC: -0.14910301566123962
2025-04-30 21:37:07,735 - root - INFO - Timestep 6 of 10. TP RMS Error: 1609.546630859375, ACC: -0.14412681758403778
2025-04-30 21:37:07,897 - root - INFO - Timestep 7 of 10. TP RMS Error: 1491.557373046875, ACC: -0.13656476140022278
2025-04-30 21:37:08,059 - root - INFO - Timestep 8 of 10. TP RMS Error: 855.4226684570312, ACC: -0.13074278831481934
2025-04-30 21:37:08,220 - root - INFO - Timestep 9 of 10. TP RMS Error: 450.3800354003906, ACC: -0.12957243621349335
2025-04-30 21:37:08,505 - root - INFO - Initial condition 12 of 20
2025-04-30 21:37:11,168 - root - INFO - Begin autoregressive inference
2025-04-30 21:37:11,333 - root - INFO - Timestep 0 of 10. TP RMS Error: 0.0, ACC: 1.0
2025-04-30 21:37:11,496 - root - INFO - Timestep 1 of 10. TP RMS Error: nan, ACC: nan
2025-04-30 21:37:11,659 - root - INFO - Timestep 2 of 10. TP RMS Error: nan, ACC: nan
2025-04-30 21:37:11,822 - root - INFO - Timestep 3 of 10. TP RMS Error: inf, ACC: -0.0
2025-04-30 21:37:11,985 - root - INFO - Timestep 4 of 10. TP RMS Error: 1408201600.0, ACC: -0.009047483094036579
2025-04-30 21:37:12,147 - root - INFO - Timestep 5 of 10. TP RMS Error: 164981.96875, ACC: -0.00957433506846428
2025-04-30 21:37:12,310 - root - INFO - Timestep 6 of 10. TP RMS Error: 1012.1663208007812, ACC: -0.01569371484220028
2025-04-30 21:37:12,472 - root - INFO - Timestep 7 of 10. TP RMS Error: 68.819580078125, ACC: -0.028247632086277008
2025-04-30 21:37:12,634 - root - INFO - Timestep 8 of 10. TP RMS Error: 20.51200294494629, ACC: -0.04802005738019943
2025-04-30 21:37:12,796 - root - INFO - Timestep 9 of 10. TP RMS Error: 13.116839408874512, ACC: -0.07495907694101334
2025-04-30 21:37:13,089 - root - INFO - Initial condition 13 of 20
2025-04-30 21:37:14,790 - root - INFO - Begin autoregressive inference
2025-04-30 21:37:14,955 - root - INFO - Timestep 0 of 10. TP RMS Error: 0.0, ACC: 1.0
2025-04-30 21:37:15,117 - root - INFO - Timestep 1 of 10. TP RMS Error: 0.0003362764837220311, ACC: 0.9318388104438782
2025-04-30 21:37:15,280 - root - INFO - Timestep 2 of 10. TP RMS Error: 0.00033642243943177164, ACC: 0.9318985939025879
2025-04-30 21:37:15,442 - root - INFO - Timestep 3 of 10. TP RMS Error: 0.011175120249390602, ACC: -0.02821296826004982
2025-04-30 21:37:15,604 - root - INFO - Timestep 4 of 10. TP RMS Error: 17.967878341674805, ACC: -0.1337108016014099
2025-04-30 21:37:15,766 - root - INFO - Timestep 5 of 10. TP RMS Error: 538.7698364257812, ACC: -0.148600235581398
2025-04-30 21:37:15,928 - root - INFO - Timestep 6 of 10. TP RMS Error: 1650.6796875, ACC: -0.14380274713039398
2025-04-30 21:37:16,090 - root - INFO - Timestep 7 of 10. TP RMS Error: 1512.4013671875, ACC: -0.13616572320461273
