2025-05-31 16:15:17,414 train INFO: Building config ...
2025-05-31 16:15:17,414 train INFO: Building dataloaders ...
2025-05-31 16:15:17,419 train INFO: Train dataloaders build complete
2025-05-31 16:15:17,422 train INFO: Valid dataloaders build complete
2025-05-31 16:15:17,427 train INFO: Test dataloaders build complete
2025-05-31 16:15:17,427 train INFO: Building models ...
2025-05-31 16:15:18,930 train INFO: finetune checkpoint path not exist
2025-05-31 16:15:19,211 train INFO: last epoch:11.0, metric best:0.003162863486452384
2025-05-31 16:15:19,422 train INFO: [32mload autoencoder_kl model from ckpts/autoencoder/ckpt.pth[0m
2025-05-31 16:15:19,423 train INFO: last epoch:22.94065054028852, metric best:8.824201591018594e-05
2025-05-31 16:15:19,618 train INFO: params autoencoder_kl: 83649253
2025-05-31 16:15:19,618 train INFO: begin compressing ...
2025-05-31 16:15:52,891 train INFO: Epoch [1/1][20/500]  eta: 0:13:18  time: 1.630  data: 0.007  memory: 21148
2025-05-31 16:16:24,822 train INFO: Epoch [1/1][40/500]  eta: 0:12:29  time: 1.595  data: 0.007  memory: 21148
2025-05-31 16:16:56,491 train INFO: Epoch [1/1][60/500]  eta: 0:11:50  time: 1.569  data: 0.008  memory: 21148
2025-05-31 16:17:28,568 train INFO: Epoch [1/1][80/500]  eta: 0:11:16  time: 1.621  data: 0.007  memory: 21148
2025-05-31 16:18:00,401 train INFO: Epoch [1/1][100/500]  eta: 0:10:43  time: 1.602  data: 0.006  memory: 21148
2025-05-31 16:18:32,148 train INFO: Epoch [1/1][120/500]  eta: 0:10:09  time: 1.575  data: 0.007  memory: 21148
2025-05-31 16:19:04,310 train INFO: Epoch [1/1][140/500]  eta: 0:09:37  time: 1.601  data: 0.006  memory: 21148
2025-05-31 16:19:34,393 train INFO: Epoch [1/1][160/500]  eta: 0:09:01  time: 1.373  data: 0.005  memory: 21148
2025-05-31 16:19:58,920 train INFO: Epoch [1/1][180/500]  eta: 0:08:16  time: 1.226  data: 0.006  memory: 21148
2025-05-31 16:20:23,421 train INFO: Epoch [1/1][200/500]  eta: 0:07:35  time: 1.226  data: 0.006  memory: 21148
2025-05-31 16:20:47,911 train INFO: Epoch [1/1][220/500]  eta: 0:06:57  time: 1.225  data: 0.006  memory: 21148
2025-05-31 16:21:12,402 train INFO: Epoch [1/1][240/500]  eta: 0:06:22  time: 1.224  data: 0.005  memory: 21148
2025-05-31 16:21:36,884 train INFO: Epoch [1/1][260/500]  eta: 0:05:48  time: 1.224  data: 0.006  memory: 21148
2025-05-31 16:22:01,400 train INFO: Epoch [1/1][280/500]  eta: 0:05:15  time: 1.226  data: 0.007  memory: 21148
2025-05-31 16:22:26,075 train INFO: Epoch [1/1][300/500]  eta: 0:04:44  time: 1.244  data: 0.006  memory: 21148
2025-05-31 16:22:51,601 train INFO: Epoch [1/1][320/500]  eta: 0:04:14  time: 1.281  data: 0.006  memory: 21148
2025-05-31 16:23:17,157 train INFO: Epoch [1/1][340/500]  eta: 0:03:44  time: 1.276  data: 0.006  memory: 21148
2025-05-31 16:23:42,738 train INFO: Epoch [1/1][360/500]  eta: 0:03:15  time: 1.281  data: 0.007  memory: 21148
2025-05-31 16:24:08,356 train INFO: Epoch [1/1][380/500]  eta: 0:02:46  time: 1.282  data: 0.005  memory: 21148
2025-05-31 16:24:33,904 train INFO: Epoch [1/1][400/500]  eta: 0:02:18  time: 1.276  data: 0.005  memory: 21148
2025-05-31 16:24:59,403 train INFO: Epoch [1/1][420/500]  eta: 0:01:50  time: 1.276  data: 0.004  memory: 21148
2025-05-31 16:25:24,985 train INFO: Epoch [1/1][440/500]  eta: 0:01:22  time: 1.282  data: 0.005  memory: 21148
2025-05-31 16:25:50,546 train INFO: Epoch [1/1][460/500]  eta: 0:00:54  time: 1.277  data: 0.005  memory: 21148
2025-05-31 16:26:16,102 train INFO: Epoch [1/1][480/500]  eta: 0:00:27  time: 1.279  data: 0.006  memory: 21148
2025-05-31 16:26:41,657 train INFO: Epoch [1/1][500/500]  eta: 0:00:00  time: 1.277  data: 0.007  memory: 21148
2025-05-31 16:26:41,660 train INFO: final results: MSELoss: 0.0001 (0.0136, 0.0000)  16-csi: 0.9629 (0.9629, 0.9629)  16-csi-4-avg: 0.9887 (0.9887, 0.9887)  16-csi-16-avg: 0.9970 (0.9970, 0.9970)  16-csi-4-max: 0.9666 (0.9666, 0.9666)  16-csi-16-max: 0.9740 (0.9740, 0.9740)  16-bias: 2.0255 (2.0255, 2.0255)  16-sucr: 0.9878 (0.9878, 0.9878)  16-pod: 0.9745 (0.9745, 0.9745)  16-hss: 0.9740 (0.9740, 0.9740)  74-csi: 0.9262 (0.9262, 0.9262)  74-csi-4-avg: 0.9576 (0.9576, 0.9576)  74-csi-16-avg: 0.9675 (0.9675, 0.9675)  74-csi-4-max: 0.9355 (0.9355, 0.9355)  74-csi-16-max: 0.9470 (0.9470, 0.9470)  74-bias: 1.9336 (1.9336, 1.9336)  74-sucr: 0.9797 (0.9797, 0.9797)  74-pod: 0.9443 (0.9443, 0.9443)  74-hss: 0.9554 (0.9554, 0.9554)  133-csi: 0.7804 (0.7804, 0.7804)  133-csi-4-avg: 0.8085 (0.8085, 0.8085)  133-csi-16-avg: 0.8062 (0.8062, 0.8062)  133-csi-4-max: 0.8094 (0.8094, 0.8094)  133-csi-16-max: 0.8570 (0.8570, 0.8570)  133-bias: 1.3951 (1.3951, 1.3951)  133-sucr: 0.9737 (0.9737, 0.9737)  133-pod: 0.7972 (0.7972, 0.7972)  133-hss: 0.8694 (0.8694, 0.8694)  160-csi: 0.6981 (0.6981, 0.6981)  160-csi-4-avg: 0.7110 (0.7110, 0.7110)  160-csi-16-avg: 0.6877 (0.6877, 0.6877)  160-csi-4-max: 0.7240 (0.7240, 0.7240)  160-csi-16-max: 0.7858 (0.7858, 0.7858)  160-bias: 1.0739 (1.0739, 1.0739)  160-sucr: 0.9834 (0.9834, 0.9834)  160-pod: 0.7064 (0.7064, 0.7064)  160-hss: 0.8149 (0.8149, 0.8149)  181-csi: 0.5817 (0.5817, 0.5817)  181-csi-4-avg: 0.5858 (0.5858, 0.5858)  181-csi-16-avg: 0.5606 (0.5606, 0.5606)  181-csi-4-max: 0.6099 (0.6099, 0.6099)  181-csi-16-max: 0.6927 (0.6927, 0.6927)  181-bias: 0.7310 (0.7310, 0.7310)  181-sucr: 0.9883 (0.9883, 0.9883)  181-pod: 0.5857 (0.5857, 0.5857)  181-hss: 0.7268 (0.7268, 0.7268)  219-csi: 0.3330 (0.3330, 0.3330)  219-csi-4-avg: 0.3323 (0.3323, 0.3323)  219-csi-16-avg: 0.3222 (0.3222, 0.3222)  219-csi-4-max: 0.3609 (0.3609, 0.3609)  219-csi-16-max: 0.4369 (0.4369, 0.4369)  219-bias: 0.2350 (0.2350, 0.2350)  219-sucr: 0.9932 (0.9932, 0.9932)  219-pod: 0.3337 (0.3337, 0.3337)  219-hss: 0.4895 (0.4895, 0.4895)  avg-csi: 0.7137 (0.7137, 0.7137)  avg-csi-4-avg: 0.7306 (0.7306, 0.7306)  avg-csi-16-avg: 0.7235 (0.7235, 0.7235)  avg-csi-4-max: 0.7344 (0.7344, 0.7344)  avg-csi-16-max: 0.7823 (0.7823, 0.7823)  avg-bias: 1.2324 (1.2324, 1.2324)  avg-sucr: 0.9843 (0.9843, 0.9843)  avg-pod: 0.7236 (0.7236, 0.7236)  avg-hss: 0.8050 (0.8050, 0.8050)
